#
# There is insufficient memory for the Java Runtime Environment to continue.
# Native memory allocation (mmap) failed to map 65536 bytes for Failed to commit metaspace.
# Possible reasons:
#   The system is out of physical RAM or swap space
#   The process is running with CompressedOops enabled, and the Java Heap may be blocking the growth of the native heap
# Possible solutions:
#   Reduce memory load on the system
#   Increase physical memory or swap space
#   Check if swap backing store is full
#   Decrease Java heap size (-Xmx/-Xms)
#   Decrease number of Java threads
#   Decrease Java thread stack sizes (-Xss)
#   Set larger code cache with -XX:ReservedCodeCacheSize=
#   JVM is running with Unscaled Compressed Oops mode in which the Java heap is
#     placed in the first 4GB address space. The Java Heap base address is the
#     maximum limit for the native heap growth. Please use -XX:HeapBaseMinAddress
#     to set the Java Heap base and to place the Java Heap above 4GB virtual address.
# This output file may be truncated or incomplete.
#
#  Out of Memory Error (virtualSpaceNode.cpp:110), pid=12196, tid=6848
#
# JRE version: OpenJDK Runtime Environment Temurin-17.0.2+8 (17.0.2+8) (build 17.0.2+8)
# Java VM: OpenJDK 64-Bit Server VM Temurin-17.0.2+8 (17.0.2+8, mixed mode, sharing, tiered, compressed oops, compressed class ptrs, g1 gc, windows-amd64)
# No core dump will be written. Minidumps are not enabled by default on client versions of Windows
#

---------------  S U M M A R Y ------------

Command Line: C:\Users\zd2N06\AppData\Local\Temp\surefire1191963459838426257\surefirebooter-20231003150634153_3.jar C:\Users\zd2N06\AppData\Local\Temp\surefire1191963459838426257 2023-10-03T15-06-33_866-jvmRun1 surefire-20231003150634153_1tmp surefire_0-20231003150634153_2tmp

Host: AMD Phenom(tm) II X4 955 Processor, 4 cores, 7G,  Windows 10 , 64 bit Build 19041 (10.0.19041.3155)
Time: Tue Oct  3 15:06:34 2023  Windows 10 , 64 bit Build 19041 (10.0.19041.3155) elapsed time: 0.399603 seconds (0d 0h 0m 0s)

---------------  T H R E A D  ---------------

Current thread (0x000002589e09cd80):  JavaThread "main" [_thread_in_vm, id=6848, stack(0x000000ef3ca00000,0x000000ef3cb00000)]

Stack: [0x000000ef3ca00000,0x000000ef3cb00000]
Native frames: (J=compiled Java code, j=interpreted, Vv=VM code, C=native code)
V  [jvm.dll+0x67564a]
V  [jvm.dll+0x82fc04]
V  [jvm.dll+0x8313ae]
V  [jvm.dll+0x831a13]
V  [jvm.dll+0x245235]
V  [jvm.dll+0x82bbab]
V  [jvm.dll+0x61a336]
V  [jvm.dll+0x1c016e]
V  [jvm.dll+0x61cc81]
V  [jvm.dll+0x61acd6]
V  [jvm.dll+0x23979f]
V  [jvm.dll+0x6249f5]
V  [jvm.dll+0x1e9eab]
V  [jvm.dll+0x1ea3e5]
V  [jvm.dll+0x1eae1f]
V  [jvm.dll+0x1e02c1]
V  [jvm.dll+0x53b6e0]
V  [jvm.dll+0x7aad88]
V  [jvm.dll+0x7aae74]
V  [jvm.dll+0x40c2f5]
V  [jvm.dll+0x4124e8]
C  [java.dll+0x17ec]

Java frames: (J=compiled Java code, j=interpreted, Vv=VM code)
j  java.lang.ClassLoader.defineClass1(Ljava/lang/ClassLoader;Ljava/lang/String;[BIILjava/security/ProtectionDomain;Ljava/lang/String;)Ljava/lang/Class;+0 java.base@17.0.2
j  java.lang.ClassLoader.defineClass(Ljava/lang/String;[BIILjava/security/ProtectionDomain;)Ljava/lang/Class;+27 java.base@17.0.2
j  java.security.SecureClassLoader.defineClass(Ljava/lang/String;[BIILjava/security/CodeSource;)Ljava/lang/Class;+12 java.base@17.0.2
j  jdk.internal.loader.BuiltinClassLoader.defineClass(Ljava/lang/String;Ljdk/internal/loader/Resource;)Ljava/lang/Class;+117 java.base@17.0.2
j  jdk.internal.loader.BuiltinClassLoader.findClassOnClassPathOrNull(Ljava/lang/String;)Ljava/lang/Class;+37 java.base@17.0.2
J 394 c1 jdk.internal.loader.BuiltinClassLoader.loadClassOrNull(Ljava/lang/String;Z)Ljava/lang/Class; java.base@17.0.2 (143 bytes) @ 0x00000258a61a20cc [0x00000258a61a11c0+0x0000000000000f0c]
j  jdk.internal.loader.BuiltinClassLoader.loadClass(Ljava/lang/String;Z)Ljava/lang/Class;+3 java.base@17.0.2
j  jdk.internal.loader.ClassLoaders$AppClassLoader.loadClass(Ljava/lang/String;Z)Ljava/lang/Class;+36 java.base@17.0.2
j  java.lang.ClassLoader.loadClass(Ljava/lang/String;)Ljava/lang/Class;+3 java.base@17.0.2
v  ~StubRoutines::call_stub
j  org.apache.maven.surefire.junitplatform.JUnitPlatformProvider.invoke(Ljava/lang/Object;)Lorg/apache/maven/surefire/api/suite/RunResult;+10
j  org.apache.maven.surefire.booter.ForkedBooter.runSuitesInProcess()V+8
j  org.apache.maven.surefire.booter.ForkedBooter.execute()V+1
j  org.apache.maven.surefire.booter.ForkedBooter.run(Lorg/apache/maven/surefire/booter/ForkedBooter;[Ljava/lang/String;)V+27
j  org.apache.maven.surefire.booter.ForkedBooter.main([Ljava/lang/String;)V+10
v  ~StubRoutines::call_stub

---------------  P R O C E S S  ---------------

Threads class SMR info:
_java_thread_list=0x00000258bca037b0, length=13, elements={
0x000002589e09cd80, 0x00000258bb974c10, 0x00000258bb977890, 0x00000258bb98d990,
0x00000258bb98f350, 0x00000258bb98fd00, 0x00000258bb9906b0, 0x00000258bb991440,
0x00000258bb9953e0, 0x00000258bb9a0e00, 0x00000258bc48f860, 0x00000258bc496360,
0x00000258bc655ef0
}

Java Threads: ( => current thread )
=>0x000002589e09cd80 JavaThread "main" [_thread_in_vm, id=6848, stack(0x000000ef3ca00000,0x000000ef3cb00000)]
  0x00000258bb974c10 JavaThread "Reference Handler" daemon [_thread_blocked, id=1600, stack(0x000000ef3d100000,0x000000ef3d200000)]
  0x00000258bb977890 JavaThread "Finalizer" daemon [_thread_blocked, id=7516, stack(0x000000ef3d200000,0x000000ef3d300000)]
  0x00000258bb98d990 JavaThread "Signal Dispatcher" daemon [_thread_blocked, id=10656, stack(0x000000ef3d300000,0x000000ef3d400000)]
  0x00000258bb98f350 JavaThread "Attach Listener" daemon [_thread_blocked, id=732, stack(0x000000ef3d400000,0x000000ef3d500000)]
  0x00000258bb98fd00 JavaThread "Service Thread" daemon [_thread_blocked, id=6292, stack(0x000000ef3d500000,0x000000ef3d600000)]
  0x00000258bb9906b0 JavaThread "Monitor Deflation Thread" daemon [_thread_blocked, id=2712, stack(0x000000ef3d600000,0x000000ef3d700000)]
  0x00000258bb991440 JavaThread "C2 CompilerThread0" daemon [_thread_in_native, id=6124, stack(0x000000ef3d700000,0x000000ef3d800000)]
  0x00000258bb9953e0 JavaThread "C1 CompilerThread0" daemon [_thread_blocked, id=9992, stack(0x000000ef3d800000,0x000000ef3d900000)]
  0x00000258bb9a0e00 JavaThread "Sweeper thread" daemon [_thread_blocked, id=5632, stack(0x000000ef3d900000,0x000000ef3da00000)]
  0x00000258bc48f860 JavaThread "Notification Thread" daemon [_thread_blocked, id=11488, stack(0x000000ef3da00000,0x000000ef3db00000)]
  0x00000258bc496360 JavaThread "Common-Cleaner" daemon [_thread_blocked, id=10428, stack(0x000000ef3dc00000,0x000000ef3dd00000)]
  0x00000258bc655ef0 JavaThread "surefire-forkedjvm-stream-flusher" daemon [_thread_blocked, id=8892, stack(0x000000ef3dd00000,0x000000ef3de00000)]

Other Threads:
  0x00000258bb96dc00 VMThread "VM Thread" [stack: 0x000000ef3d000000,0x000000ef3d100000] [id=1048]
  0x000002589e0fd640 WatcherThread [stack: 0x000000ef3db00000,0x000000ef3dc00000] [id=2884]
  0x000002589e0d9ff0 GCTaskThread "GC Thread#0" [stack: 0x000000ef3cb00000,0x000000ef3cc00000] [id=12192]
  0x000002589e0ea730 ConcurrentGCThread "G1 Main Marker" [stack: 0x000000ef3cc00000,0x000000ef3cd00000] [id=6340]
  0x000002589e0eb140 ConcurrentGCThread "G1 Conc#0" [stack: 0x000000ef3cd00000,0x000000ef3ce00000] [id=12248]
  0x000002589e155290 ConcurrentGCThread "G1 Refine#0" [stack: 0x000000ef3ce00000,0x000000ef3cf00000] [id=12028]
  0x000002589e155cb0 ConcurrentGCThread "G1 Service" [stack: 0x000000ef3cf00000,0x000000ef3d000000] [id=10012]

Threads with active compile tasks:
C2 CompilerThread0      413  562       4       java.lang.StringLatin1::replace (198 bytes)

VM state: not at safepoint (normal execution)

VM Mutex/Monitor currently owned by a thread:  ([mutex/lock_event])
[0x000002589e0958c0] Metaspace_lock - owner thread: 0x000002589e09cd80

OutOfMemory and StackOverflow Exception counts:
StackOverflowErrors=1
LinkageErrors=2

Heap address: 0x0000000084000000, size: 1984 MB, Compressed Oops mode: 32-bit

CDS archive(s) mapped at: [0x0000000800000000-0x0000000800bc0000-0x0000000800bc0000), size 12320768, SharedBaseAddress: 0x0000000800000000, ArchiveRelocationMode: 0.
Compressed class space mapped at: 0x0000000800c00000-0x0000000840c00000, reserved size: 1073741824
Narrow klass base: 0x0000000800000000, Narrow klass shift: 0, Narrow klass range: 0x100000000

GC Precious Log:
 CPUs: 4 total, 4 available
 Memory: 7935M
 Large Page Support: Disabled
 NUMA Support: Disabled
 Compressed Oops: Enabled (32-bit)
 Heap Region Size: 1M
 Heap Min Capacity: 8M
 Heap Initial Capacity: 124M
 Heap Max Capacity: 1984M
 Pre-touch: Disabled
 Parallel Workers: 4
 Concurrent Workers: 1
 Concurrent Refinement Workers: 4
 Periodic GC: Disabled

Heap:
 garbage-first heap   total 126976K, used 10240K [0x0000000084000000, 0x0000000100000000)
  region size 1024K, 11 young (11264K), 0 survivors (0K)
 Metaspace       used 2038K, committed 2176K, reserved 1056768K
  class space    used 210K, committed 320K, reserved 1048576K

Heap Regions: E=young(eden), S=young(survivor), O=old, HS=humongous(starts), HC=humongous(continues), CS=collection set, F=free, OA=open archive, CA=closed archive, TAMS=top-at-mark-start (previous, next)
|   0|0x0000000084000000, 0x0000000084000000, 0x0000000084100000|  0%| F|  |TAMS 0x0000000084000000, 0x0000000084000000| Untracked 
|   1|0x0000000084100000, 0x0000000084100000, 0x0000000084200000|  0%| F|  |TAMS 0x0000000084100000, 0x0000000084100000| Untracked 
|   2|0x0000000084200000, 0x0000000084200000, 0x0000000084300000|  0%| F|  |TAMS 0x0000000084200000, 0x0000000084200000| Untracked 
|   3|0x0000000084300000, 0x0000000084300000, 0x0000000084400000|  0%| F|  |TAMS 0x0000000084300000, 0x0000000084300000| Untracked 
|   4|0x0000000084400000, 0x0000000084400000, 0x0000000084500000|  0%| F|  |TAMS 0x0000000084400000, 0x0000000084400000| Untracked 
|   5|0x0000000084500000, 0x0000000084500000, 0x0000000084600000|  0%| F|  |TAMS 0x0000000084500000, 0x0000000084500000| Untracked 
|   6|0x0000000084600000, 0x0000000084600000, 0x0000000084700000|  0%| F|  |TAMS 0x0000000084600000, 0x0000000084600000| Untracked 
|   7|0x0000000084700000, 0x0000000084700000, 0x0000000084800000|  0%| F|  |TAMS 0x0000000084700000, 0x0000000084700000| Untracked 
|   8|0x0000000084800000, 0x0000000084800000, 0x0000000084900000|  0%| F|  |TAMS 0x0000000084800000, 0x0000000084800000| Untracked 
|   9|0x0000000084900000, 0x0000000084900000, 0x0000000084a00000|  0%| F|  |TAMS 0x0000000084900000, 0x0000000084900000| Untracked 
|  10|0x0000000084a00000, 0x0000000084a00000, 0x0000000084b00000|  0%| F|  |TAMS 0x0000000084a00000, 0x0000000084a00000| Untracked 
|  11|0x0000000084b00000, 0x0000000084b00000, 0x0000000084c00000|  0%| F|  |TAMS 0x0000000084b00000, 0x0000000084b00000| Untracked 
|  12|0x0000000084c00000, 0x0000000084c00000, 0x0000000084d00000|  0%| F|  |TAMS 0x0000000084c00000, 0x0000000084c00000| Untracked 
|  13|0x0000000084d00000, 0x0000000084d00000, 0x0000000084e00000|  0%| F|  |TAMS 0x0000000084d00000, 0x0000000084d00000| Untracked 
|  14|0x0000000084e00000, 0x0000000084e00000, 0x0000000084f00000|  0%| F|  |TAMS 0x0000000084e00000, 0x0000000084e00000| Untracked 
|  15|0x0000000084f00000, 0x0000000084f00000, 0x0000000085000000|  0%| F|  |TAMS 0x0000000084f00000, 0x0000000084f00000| Untracked 
|  16|0x0000000085000000, 0x0000000085000000, 0x0000000085100000|  0%| F|  |TAMS 0x0000000085000000, 0x0000000085000000| Untracked 
|  17|0x0000000085100000, 0x0000000085100000, 0x0000000085200000|  0%| F|  |TAMS 0x0000000085100000, 0x0000000085100000| Untracked 
|  18|0x0000000085200000, 0x0000000085200000, 0x0000000085300000|  0%| F|  |TAMS 0x0000000085200000, 0x0000000085200000| Untracked 
|  19|0x0000000085300000, 0x0000000085300000, 0x0000000085400000|  0%| F|  |TAMS 0x0000000085300000, 0x0000000085300000| Untracked 
|  20|0x0000000085400000, 0x0000000085400000, 0x0000000085500000|  0%| F|  |TAMS 0x0000000085400000, 0x0000000085400000| Untracked 
|  21|0x0000000085500000, 0x0000000085500000, 0x0000000085600000|  0%| F|  |TAMS 0x0000000085500000, 0x0000000085500000| Untracked 
|  22|0x0000000085600000, 0x0000000085600000, 0x0000000085700000|  0%| F|  |TAMS 0x0000000085600000, 0x0000000085600000| Untracked 
|  23|0x0000000085700000, 0x0000000085700000, 0x0000000085800000|  0%| F|  |TAMS 0x0000000085700000, 0x0000000085700000| Untracked 
|  24|0x0000000085800000, 0x0000000085800000, 0x0000000085900000|  0%| F|  |TAMS 0x0000000085800000, 0x0000000085800000| Untracked 
|  25|0x0000000085900000, 0x0000000085900000, 0x0000000085a00000|  0%| F|  |TAMS 0x0000000085900000, 0x0000000085900000| Untracked 
|  26|0x0000000085a00000, 0x0000000085a00000, 0x0000000085b00000|  0%| F|  |TAMS 0x0000000085a00000, 0x0000000085a00000| Untracked 
|  27|0x0000000085b00000, 0x0000000085b00000, 0x0000000085c00000|  0%| F|  |TAMS 0x0000000085b00000, 0x0000000085b00000| Untracked 
|  28|0x0000000085c00000, 0x0000000085c00000, 0x0000000085d00000|  0%| F|  |TAMS 0x0000000085c00000, 0x0000000085c00000| Untracked 
|  29|0x0000000085d00000, 0x0000000085d00000, 0x0000000085e00000|  0%| F|  |TAMS 0x0000000085d00000, 0x0000000085d00000| Untracked 
|  30|0x0000000085e00000, 0x0000000085e00000, 0x0000000085f00000|  0%| F|  |TAMS 0x0000000085e00000, 0x0000000085e00000| Untracked 
|  31|0x0000000085f00000, 0x0000000085f00000, 0x0000000086000000|  0%| F|  |TAMS 0x0000000085f00000, 0x0000000085f00000| Untracked 
|  32|0x0000000086000000, 0x0000000086000000, 0x0000000086100000|  0%| F|  |TAMS 0x0000000086000000, 0x0000000086000000| Untracked 
|  33|0x0000000086100000, 0x0000000086100000, 0x0000000086200000|  0%| F|  |TAMS 0x0000000086100000, 0x0000000086100000| Untracked 
|  34|0x0000000086200000, 0x0000000086200000, 0x0000000086300000|  0%| F|  |TAMS 0x0000000086200000, 0x0000000086200000| Untracked 
|  35|0x0000000086300000, 0x0000000086300000, 0x0000000086400000|  0%| F|  |TAMS 0x0000000086300000, 0x0000000086300000| Untracked 
|  36|0x0000000086400000, 0x0000000086400000, 0x0000000086500000|  0%| F|  |TAMS 0x0000000086400000, 0x0000000086400000| Untracked 
|  37|0x0000000086500000, 0x0000000086500000, 0x0000000086600000|  0%| F|  |TAMS 0x0000000086500000, 0x0000000086500000| Untracked 
|  38|0x0000000086600000, 0x0000000086600000, 0x0000000086700000|  0%| F|  |TAMS 0x0000000086600000, 0x0000000086600000| Untracked 
|  39|0x0000000086700000, 0x0000000086700000, 0x0000000086800000|  0%| F|  |TAMS 0x0000000086700000, 0x0000000086700000| Untracked 
|  40|0x0000000086800000, 0x0000000086800000, 0x0000000086900000|  0%| F|  |TAMS 0x0000000086800000, 0x0000000086800000| Untracked 
|  41|0x0000000086900000, 0x0000000086900000, 0x0000000086a00000|  0%| F|  |TAMS 0x0000000086900000, 0x0000000086900000| Untracked 
|  42|0x0000000086a00000, 0x0000000086a00000, 0x0000000086b00000|  0%| F|  |TAMS 0x0000000086a00000, 0x0000000086a00000| Untracked 
|  43|0x0000000086b00000, 0x0000000086b00000, 0x0000000086c00000|  0%| F|  |TAMS 0x0000000086b00000, 0x0000000086b00000| Untracked 
|  44|0x0000000086c00000, 0x0000000086c00000, 0x0000000086d00000|  0%| F|  |TAMS 0x0000000086c00000, 0x0000000086c00000| Untracked 
|  45|0x0000000086d00000, 0x0000000086d00000, 0x0000000086e00000|  0%| F|  |TAMS 0x0000000086d00000, 0x0000000086d00000| Untracked 
|  46|0x0000000086e00000, 0x0000000086e00000, 0x0000000086f00000|  0%| F|  |TAMS 0x0000000086e00000, 0x0000000086e00000| Untracked 
|  47|0x0000000086f00000, 0x0000000086f00000, 0x0000000087000000|  0%| F|  |TAMS 0x0000000086f00000, 0x0000000086f00000| Untracked 
|  48|0x0000000087000000, 0x0000000087000000, 0x0000000087100000|  0%| F|  |TAMS 0x0000000087000000, 0x0000000087000000| Untracked 
|  49|0x0000000087100000, 0x0000000087100000, 0x0000000087200000|  0%| F|  |TAMS 0x0000000087100000, 0x0000000087100000| Untracked 
|  50|0x0000000087200000, 0x0000000087200000, 0x0000000087300000|  0%| F|  |TAMS 0x0000000087200000, 0x0000000087200000| Untracked 
|  51|0x0000000087300000, 0x0000000087300000, 0x0000000087400000|  0%| F|  |TAMS 0x0000000087300000, 0x0000000087300000| Untracked 
|  52|0x0000000087400000, 0x0000000087400000, 0x0000000087500000|  0%| F|  |TAMS 0x0000000087400000, 0x0000000087400000| Untracked 
|  53|0x0000000087500000, 0x0000000087500000, 0x0000000087600000|  0%| F|  |TAMS 0x0000000087500000, 0x0000000087500000| Untracked 
|  54|0x0000000087600000, 0x0000000087600000, 0x0000000087700000|  0%| F|  |TAMS 0x0000000087600000, 0x0000000087600000| Untracked 
|  55|0x0000000087700000, 0x0000000087700000, 0x0000000087800000|  0%| F|  |TAMS 0x0000000087700000, 0x0000000087700000| Untracked 
|  56|0x0000000087800000, 0x0000000087800000, 0x0000000087900000|  0%| F|  |TAMS 0x0000000087800000, 0x0000000087800000| Untracked 
|  57|0x0000000087900000, 0x0000000087900000, 0x0000000087a00000|  0%| F|  |TAMS 0x0000000087900000, 0x0000000087900000| Untracked 
|  58|0x0000000087a00000, 0x0000000087a00000, 0x0000000087b00000|  0%| F|  |TAMS 0x0000000087a00000, 0x0000000087a00000| Untracked 
|  59|0x0000000087b00000, 0x0000000087b00000, 0x0000000087c00000|  0%| F|  |TAMS 0x0000000087b00000, 0x0000000087b00000| Untracked 
|  60|0x0000000087c00000, 0x0000000087c00000, 0x0000000087d00000|  0%| F|  |TAMS 0x0000000087c00000, 0x0000000087c00000| Untracked 
|  61|0x0000000087d00000, 0x0000000087d00000, 0x0000000087e00000|  0%| F|  |TAMS 0x0000000087d00000, 0x0000000087d00000| Untracked 
|  62|0x0000000087e00000, 0x0000000087e00000, 0x0000000087f00000|  0%| F|  |TAMS 0x0000000087e00000, 0x0000000087e00000| Untracked 
|  63|0x0000000087f00000, 0x0000000087f00000, 0x0000000088000000|  0%| F|  |TAMS 0x0000000087f00000, 0x0000000087f00000| Untracked 
|  64|0x0000000088000000, 0x0000000088000000, 0x0000000088100000|  0%| F|  |TAMS 0x0000000088000000, 0x0000000088000000| Untracked 
|  65|0x0000000088100000, 0x0000000088100000, 0x0000000088200000|  0%| F|  |TAMS 0x0000000088100000, 0x0000000088100000| Untracked 
|  66|0x0000000088200000, 0x0000000088200000, 0x0000000088300000|  0%| F|  |TAMS 0x0000000088200000, 0x0000000088200000| Untracked 
|  67|0x0000000088300000, 0x0000000088300000, 0x0000000088400000|  0%| F|  |TAMS 0x0000000088300000, 0x0000000088300000| Untracked 
|  68|0x0000000088400000, 0x0000000088400000, 0x0000000088500000|  0%| F|  |TAMS 0x0000000088400000, 0x0000000088400000| Untracked 
|  69|0x0000000088500000, 0x0000000088500000, 0x0000000088600000|  0%| F|  |TAMS 0x0000000088500000, 0x0000000088500000| Untracked 
|  70|0x0000000088600000, 0x0000000088600000, 0x0000000088700000|  0%| F|  |TAMS 0x0000000088600000, 0x0000000088600000| Untracked 
|  71|0x0000000088700000, 0x0000000088700000, 0x0000000088800000|  0%| F|  |TAMS 0x0000000088700000, 0x0000000088700000| Untracked 
|  72|0x0000000088800000, 0x0000000088800000, 0x0000000088900000|  0%| F|  |TAMS 0x0000000088800000, 0x0000000088800000| Untracked 
|  73|0x0000000088900000, 0x0000000088900000, 0x0000000088a00000|  0%| F|  |TAMS 0x0000000088900000, 0x0000000088900000| Untracked 
|  74|0x0000000088a00000, 0x0000000088a00000, 0x0000000088b00000|  0%| F|  |TAMS 0x0000000088a00000, 0x0000000088a00000| Untracked 
|  75|0x0000000088b00000, 0x0000000088b00000, 0x0000000088c00000|  0%| F|  |TAMS 0x0000000088b00000, 0x0000000088b00000| Untracked 
|  76|0x0000000088c00000, 0x0000000088c00000, 0x0000000088d00000|  0%| F|  |TAMS 0x0000000088c00000, 0x0000000088c00000| Untracked 
|  77|0x0000000088d00000, 0x0000000088d00000, 0x0000000088e00000|  0%| F|  |TAMS 0x0000000088d00000, 0x0000000088d00000| Untracked 
|  78|0x0000000088e00000, 0x0000000088e00000, 0x0000000088f00000|  0%| F|  |TAMS 0x0000000088e00000, 0x0000000088e00000| Untracked 
|  79|0x0000000088f00000, 0x0000000088f00000, 0x0000000089000000|  0%| F|  |TAMS 0x0000000088f00000, 0x0000000088f00000| Untracked 
|  80|0x0000000089000000, 0x0000000089000000, 0x0000000089100000|  0%| F|  |TAMS 0x0000000089000000, 0x0000000089000000| Untracked 
|  81|0x0000000089100000, 0x0000000089100000, 0x0000000089200000|  0%| F|  |TAMS 0x0000000089100000, 0x0000000089100000| Untracked 
|  82|0x0000000089200000, 0x0000000089200000, 0x0000000089300000|  0%| F|  |TAMS 0x0000000089200000, 0x0000000089200000| Untracked 
|  83|0x0000000089300000, 0x0000000089300000, 0x0000000089400000|  0%| F|  |TAMS 0x0000000089300000, 0x0000000089300000| Untracked 
|  84|0x0000000089400000, 0x0000000089400000, 0x0000000089500000|  0%| F|  |TAMS 0x0000000089400000, 0x0000000089400000| Untracked 
|  85|0x0000000089500000, 0x0000000089500000, 0x0000000089600000|  0%| F|  |TAMS 0x0000000089500000, 0x0000000089500000| Untracked 
|  86|0x0000000089600000, 0x0000000089600000, 0x0000000089700000|  0%| F|  |TAMS 0x0000000089600000, 0x0000000089600000| Untracked 
|  87|0x0000000089700000, 0x0000000089700000, 0x0000000089800000|  0%| F|  |TAMS 0x0000000089700000, 0x0000000089700000| Untracked 
|  88|0x0000000089800000, 0x0000000089800000, 0x0000000089900000|  0%| F|  |TAMS 0x0000000089800000, 0x0000000089800000| Untracked 
|  89|0x0000000089900000, 0x0000000089900000, 0x0000000089a00000|  0%| F|  |TAMS 0x0000000089900000, 0x0000000089900000| Untracked 
|  90|0x0000000089a00000, 0x0000000089a00000, 0x0000000089b00000|  0%| F|  |TAMS 0x0000000089a00000, 0x0000000089a00000| Untracked 
|  91|0x0000000089b00000, 0x0000000089b00000, 0x0000000089c00000|  0%| F|  |TAMS 0x0000000089b00000, 0x0000000089b00000| Untracked 
|  92|0x0000000089c00000, 0x0000000089c00000, 0x0000000089d00000|  0%| F|  |TAMS 0x0000000089c00000, 0x0000000089c00000| Untracked 
|  93|0x0000000089d00000, 0x0000000089d00000, 0x0000000089e00000|  0%| F|  |TAMS 0x0000000089d00000, 0x0000000089d00000| Untracked 
|  94|0x0000000089e00000, 0x0000000089e00000, 0x0000000089f00000|  0%| F|  |TAMS 0x0000000089e00000, 0x0000000089e00000| Untracked 
|  95|0x0000000089f00000, 0x0000000089f00000, 0x000000008a000000|  0%| F|  |TAMS 0x0000000089f00000, 0x0000000089f00000| Untracked 
|  96|0x000000008a000000, 0x000000008a000000, 0x000000008a100000|  0%| F|  |TAMS 0x000000008a000000, 0x000000008a000000| Untracked 
|  97|0x000000008a100000, 0x000000008a100000, 0x000000008a200000|  0%| F|  |TAMS 0x000000008a100000, 0x000000008a100000| Untracked 
|  98|0x000000008a200000, 0x000000008a200000, 0x000000008a300000|  0%| F|  |TAMS 0x000000008a200000, 0x000000008a200000| Untracked 
|  99|0x000000008a300000, 0x000000008a300000, 0x000000008a400000|  0%| F|  |TAMS 0x000000008a300000, 0x000000008a300000| Untracked 
| 100|0x000000008a400000, 0x000000008a400000, 0x000000008a500000|  0%| F|  |TAMS 0x000000008a400000, 0x000000008a400000| Untracked 
| 101|0x000000008a500000, 0x000000008a500000, 0x000000008a600000|  0%| F|  |TAMS 0x000000008a500000, 0x000000008a500000| Untracked 
| 102|0x000000008a600000, 0x000000008a600000, 0x000000008a700000|  0%| F|  |TAMS 0x000000008a600000, 0x000000008a600000| Untracked 
| 103|0x000000008a700000, 0x000000008a700000, 0x000000008a800000|  0%| F|  |TAMS 0x000000008a700000, 0x000000008a700000| Untracked 
| 104|0x000000008a800000, 0x000000008a800000, 0x000000008a900000|  0%| F|  |TAMS 0x000000008a800000, 0x000000008a800000| Untracked 
| 105|0x000000008a900000, 0x000000008a900000, 0x000000008aa00000|  0%| F|  |TAMS 0x000000008a900000, 0x000000008a900000| Untracked 
| 106|0x000000008aa00000, 0x000000008aa00000, 0x000000008ab00000|  0%| F|  |TAMS 0x000000008aa00000, 0x000000008aa00000| Untracked 
| 107|0x000000008ab00000, 0x000000008ab00000, 0x000000008ac00000|  0%| F|  |TAMS 0x000000008ab00000, 0x000000008ab00000| Untracked 
| 108|0x000000008ac00000, 0x000000008ac00000, 0x000000008ad00000|  0%| F|  |TAMS 0x000000008ac00000, 0x000000008ac00000| Untracked 
| 109|0x000000008ad00000, 0x000000008ad00000, 0x000000008ae00000|  0%| F|  |TAMS 0x000000008ad00000, 0x000000008ad00000| Untracked 
| 110|0x000000008ae00000, 0x000000008ae00000, 0x000000008af00000|  0%| F|  |TAMS 0x000000008ae00000, 0x000000008ae00000| Untracked 
| 111|0x000000008af00000, 0x000000008af00000, 0x000000008b000000|  0%| F|  |TAMS 0x000000008af00000, 0x000000008af00000| Untracked 
| 112|0x000000008b000000, 0x000000008b000000, 0x000000008b100000|  0%| F|  |TAMS 0x000000008b000000, 0x000000008b000000| Untracked 
| 113|0x000000008b100000, 0x000000008b200000, 0x000000008b200000|100%| E|  |TAMS 0x000000008b100000, 0x000000008b100000| Complete 
| 114|0x000000008b200000, 0x000000008b300000, 0x000000008b300000|100%| E|CS|TAMS 0x000000008b200000, 0x000000008b200000| Complete 
| 115|0x000000008b300000, 0x000000008b400000, 0x000000008b400000|100%| E|CS|TAMS 0x000000008b300000, 0x000000008b300000| Complete 
| 116|0x000000008b400000, 0x000000008b500000, 0x000000008b500000|100%| E|CS|TAMS 0x000000008b400000, 0x000000008b400000| Complete 
| 117|0x000000008b500000, 0x000000008b600000, 0x000000008b600000|100%| E|CS|TAMS 0x000000008b500000, 0x000000008b500000| Complete 
| 118|0x000000008b600000, 0x000000008b700000, 0x000000008b700000|100%| E|CS|TAMS 0x000000008b600000, 0x000000008b600000| Complete 
| 119|0x000000008b700000, 0x000000008b800000, 0x000000008b800000|100%| E|CS|TAMS 0x000000008b700000, 0x000000008b700000| Complete 
| 120|0x000000008b800000, 0x000000008b900000, 0x000000008b900000|100%| E|CS|TAMS 0x000000008b800000, 0x000000008b800000| Complete 
| 121|0x000000008b900000, 0x000000008ba00000, 0x000000008ba00000|100%| E|CS|TAMS 0x000000008b900000, 0x000000008b900000| Complete 
| 122|0x000000008ba00000, 0x000000008bb00000, 0x000000008bb00000|100%| E|CS|TAMS 0x000000008ba00000, 0x000000008ba00000| Complete 
| 123|0x000000008bb00000, 0x000000008bc00000, 0x000000008bc00000|100%| E|CS|TAMS 0x000000008bb00000, 0x000000008bb00000| Complete 

Card table byte_map: [0x00000258b4f50000,0x00000258b5330000] _byte_map_base: 0x00000258b4b30000

Marking Bits (Prev, Next): (CMBitMap*) 0x000002589e0da600, (CMBitMap*) 0x000002589e0da640
 Prev Bits: [0x00000258b5710000, 0x00000258b7610000)
 Next Bits: [0x00000258b7610000, 0x00000258b9510000)

Polling page: 0x000002589c020000

Metaspace:

Usage:
  Non-class:      1.78 MB used.
      Class:    210.82 KB used.
       Both:      1.99 MB used.

Virtual space:
  Non-class space:        8.00 MB reserved,       1.81 MB ( 23%) committed,  1 nodes.
      Class space:        1.00 GB reserved,     320.00 KB ( <1%) committed,  1 nodes.
             Both:        1.01 GB reserved,       2.12 MB ( <1%) committed. 

Chunk freelists:
   Non-Class:  3.42 MB
       Class:  3.66 MB
        Both:  7.08 MB

MaxMetaspaceSize: unlimited
CompressedClassSpaceSize: 1.00 GB
Initial GC threshold: 21.00 MB
Current GC threshold: 21.00 MB
CDS: on
MetaspaceReclaimPolicy: balanced
 - commit_granule_bytes: 65536.
 - commit_granule_words: 8192.
 - virtual_space_node_default_size: 1048576.
 - enlarge_chunks_in_place: 1.
 - new_chunks_are_fully_committed: 0.
 - uncommit_free_chunks: 1.
 - use_allocation_guard: 0.
 - handle_deallocations: 1.


Internal statistics:

num_allocs_failed_limit: 0.
num_arena_births: 12.
num_arena_deaths: 0.
num_vsnodes_births: 2.
num_vsnodes_deaths: 0.
num_space_committed: 34.
num_space_uncommitted: 0.
num_chunks_returned_to_freelist: 0.
num_chunks_taken_from_freelist: 47.
num_chunk_merges: 0.
num_chunk_splits: 28.
num_chunks_enlarged: 21.
num_purges: 0.
num_inconsistent_stats: 0.

CodeHeap 'non-profiled nmethods': size=120000Kb used=160Kb max_used=160Kb free=119839Kb
 bounds [0x00000258ad640000, 0x00000258ad8b0000, 0x00000258b4b70000]
CodeHeap 'profiled nmethods': size=120000Kb used=938Kb max_used=938Kb free=119061Kb
 bounds [0x00000258a6110000, 0x00000258a6380000, 0x00000258ad640000]
CodeHeap 'non-nmethods': size=5760Kb used=1138Kb max_used=1152Kb free=4621Kb
 bounds [0x00000258a5b70000, 0x00000258a5de0000, 0x00000258a6110000]
 total_blobs=988 nmethods=561 adapters=341
 compilation: enabled
              stopped_count=0, restarted_count=0
 full_count=0

Compilation events (20 events):
Event: 0.390 Thread 0x00000258bb9953e0 nmethod 551 0x00000258a61f2690 code [0x00000258a61f2820, 0x00000258a61f2978]
Event: 0.391 Thread 0x00000258bb9953e0  553       3       jdk.internal.org.objectweb.asm.SymbolTable$Entry::<init> (17 bytes)
Event: 0.391 Thread 0x00000258bb9953e0 nmethod 553 0x00000258a61f2a10 code [0x00000258a61f2bc0, 0x00000258a61f2d48]
Event: 0.391 Thread 0x00000258bb9953e0  554       3       jdk.internal.org.objectweb.asm.SymbolTable::addConstantUtf8 (98 bytes)
Event: 0.392 Thread 0x00000258bb9953e0 nmethod 554 0x00000258a61f2e10 code [0x00000258a61f3040, 0x00000258a61f3638]
Event: 0.392 Thread 0x00000258bb9953e0  555       3       jdk.internal.org.objectweb.asm.ByteVector::putByte (39 bytes)
Event: 0.392 Thread 0x00000258bb9953e0 nmethod 555 0x00000258a61f3990 code [0x00000258a61f3b40, 0x00000258a61f3d28]
Event: 0.392 Thread 0x00000258bb9953e0  556       3       sun.invoke.util.VerifyAccess::isTypeVisible (118 bytes)
Event: 0.394 Thread 0x00000258bb9953e0 nmethod 556 0x00000258a61f3e90 code [0x00000258a61f42a0, 0x00000258a61f62f8]
Event: 0.394 Thread 0x00000258bb9953e0  557       3       java.lang.invoke.MethodType::equals (56 bytes)
Event: 0.394 Thread 0x00000258bb9953e0 nmethod 557 0x00000258a61f6c90 code [0x00000258a61f6ec0, 0x00000258a61f7a58]
Event: 0.394 Thread 0x00000258bb9953e0  558   !   3       java.lang.invoke.MemberName::getMethodType (211 bytes)
Event: 0.395 Thread 0x00000258bb9953e0 nmethod 558 0x00000258a61f7c10 code [0x00000258a61f7f00, 0x00000258a61f94d8]
Event: 0.396 Thread 0x00000258bb9953e0  559       3       java.lang.ClassLoader::loadClass (7 bytes)
Event: 0.396 Thread 0x00000258bb9953e0 nmethod 559 0x00000258a61f9a90 code [0x00000258a61f9c40, 0x00000258a61f9e08]
Event: 0.396 Thread 0x00000258bb9953e0  560       3       jdk.internal.loader.BuiltinClassLoader::loadClass (22 bytes)
Event: 0.396 Thread 0x00000258bb9953e0 nmethod 560 0x00000258a61f9e90 code [0x00000258a61fa040, 0x00000258a61fa338]
Event: 0.397 Thread 0x00000258bb9953e0  561       3       jdk.internal.loader.ClassLoaders$BootClassLoader::loadClassOrNull (10 bytes)
Event: 0.397 Thread 0x00000258bb991440  562       4       java.lang.StringLatin1::replace (198 bytes)
Event: 0.397 Thread 0x00000258bb9953e0 nmethod 561 0x00000258a61fa490 code [0x00000258a61fa660, 0x00000258a61fa8f8]

GC Heap History (0 events):
No events

Deoptimization events (20 events):
Event: 0.281 Thread 0x000002589e09cd80 DEOPT PACKING pc=0x00000258ad654de4 sp=0x000000ef3cafeba0
Event: 0.281 Thread 0x000002589e09cd80 DEOPT UNPACKING pc=0x00000258a5bc239d sp=0x000000ef3cafeb28 mode 2
Event: 0.282 Thread 0x000002589e09cd80 DEOPT PACKING pc=0x00000258a613b556 sp=0x000000ef3cafea10
Event: 0.282 Thread 0x000002589e09cd80 DEOPT UNPACKING pc=0x00000258a5bc2b24 sp=0x000000ef3cafdeb0 mode 0
Event: 0.363 Thread 0x000002589e09cd80 Uncommon trap: trap_request=0xffffff45 fr.pc=0x00000258ad6469c0 relative=0x00000000000003a0
Event: 0.363 Thread 0x000002589e09cd80 Uncommon trap: reason=unstable_if action=reinterpret pc=0x00000258ad6469c0 method=java.lang.StringLatin1.canEncode(I)Z @ 4 c2
Event: 0.363 Thread 0x000002589e09cd80 DEOPT PACKING pc=0x00000258ad6469c0 sp=0x000000ef3cafe9e0
Event: 0.363 Thread 0x000002589e09cd80 DEOPT UNPACKING pc=0x00000258a5bc239d sp=0x000000ef3cafe8f8 mode 2
Event: 0.363 Thread 0x000002589e09cd80 Uncommon trap: trap_request=0xffffff45 fr.pc=0x00000258ad6472a8 relative=0x0000000000000388
Event: 0.363 Thread 0x000002589e09cd80 Uncommon trap: reason=unstable_if action=reinterpret pc=0x00000258ad6472a8 method=java.lang.AbstractStringBuilder.isLatin1()Z @ 10 c2
Event: 0.363 Thread 0x000002589e09cd80 DEOPT PACKING pc=0x00000258ad6472a8 sp=0x000000ef3cafe970
Event: 0.363 Thread 0x000002589e09cd80 DEOPT UNPACKING pc=0x00000258a5bc239d sp=0x000000ef3cafe8f0 mode 2
Event: 0.363 Thread 0x000002589e09cd80 Uncommon trap: trap_request=0xffffff45 fr.pc=0x00000258ad64635c relative=0x000000000000005c
Event: 0.363 Thread 0x000002589e09cd80 Uncommon trap: reason=unstable_if action=reinterpret pc=0x00000258ad64635c method=java.lang.AbstractStringBuilder.isLatin1()Z @ 10 c2
Event: 0.363 Thread 0x000002589e09cd80 DEOPT PACKING pc=0x00000258ad64635c sp=0x000000ef3cafe950
Event: 0.364 Thread 0x000002589e09cd80 DEOPT UNPACKING pc=0x00000258a5bc239d sp=0x000000ef3cafe8e0 mode 2
Event: 0.367 Thread 0x000002589e09cd80 Uncommon trap: trap_request=0xffffff45 fr.pc=0x00000258ad643ddc relative=0x000000000000005c
Event: 0.367 Thread 0x000002589e09cd80 Uncommon trap: reason=unstable_if action=reinterpret pc=0x00000258ad643ddc method=java.lang.String.isLatin1()Z @ 10 c2
Event: 0.367 Thread 0x000002589e09cd80 DEOPT PACKING pc=0x00000258ad643ddc sp=0x000000ef3cafe650
Event: 0.367 Thread 0x000002589e09cd80 DEOPT UNPACKING pc=0x00000258a5bc239d sp=0x000000ef3cafe5e0 mode 2

Classes unloaded (0 events):
No events

Classes redefined (0 events):
No events

Internal exceptions (4 events):
Event: 0.152 Thread 0x000002589e09cd80 Exception <a 'java/lang/NoSuchMethodError'{0x000000008b957fe0}: 'java.lang.Object java.lang.invoke.DirectMethodHandle$Holder.invokeStaticInit(java.lang.Object)'> (0x000000008b957fe0) 
thrown [e:\jenkins\tmp\workspace\build\src\src\hotspot\share\interpreter\linkResolver.cpp, line 766]
Event: 0.181 Thread 0x000002589e09cd80 Exception <a 'java/lang/NoSuchMethodError'{0x000000008b98f780}: 'int java.lang.invoke.DirectMethodHandle$Holder.invokeSpecial(java.lang.Object, java.lang.Object, java.lang.Object)'> (0x000000008b98f780) 
thrown [e:\jenkins\tmp\workspace\build\src\src\hotspot\share\interpreter\linkResolver.cpp, line 766]
Event: 0.313 Thread 0x00000258bc9c7580 StackOverflowError at 0x00000258ad650220
Event: 0.313 Thread 0x00000258bc9c7580 Exception <a 'java/lang/StackOverflowError'{0x000000008b35b2d8}> (0x000000008b35b2d8) 
thrown [e:\jenkins\tmp\workspace\build\src\src\hotspot\share\runtime\sharedRuntime.cpp, line 628]

VM Operations (4 events):
Event: 0.079 Executing VM operation: HandshakeAllThreads
Event: 0.079 Executing VM operation: HandshakeAllThreads done
Event: 0.281 Executing VM operation: HandshakeAllThreads
Event: 0.281 Executing VM operation: HandshakeAllThreads done

Events (20 events):
Event: 0.330 loading class sun/net/www/protocol/jrt/Handler
Event: 0.330 loading class sun/net/www/protocol/jrt/Handler done
Event: 0.360 loading class sun/util/resources/LocaleData$CommonResourceBundleProvider
Event: 0.360 loading class sun/util/resources/LocaleData$LocaleDataResourceBundleProvider
Event: 0.360 loading class java/util/spi/ResourceBundleProvider
Event: 0.360 loading class java/util/spi/ResourceBundleProvider done
Event: 0.360 loading class sun/util/resources/LocaleData$LocaleDataResourceBundleProvider done
Event: 0.360 loading class sun/util/resources/LocaleData$CommonResourceBundleProvider done
Event: 0.361 loading class sun/util/resources/Bundles$2
Event: 0.361 loading class sun/util/resources/Bundles$2 done
Event: 0.361 loading class java/lang/InstantiationException
Event: 0.361 loading class java/lang/InstantiationException done
Event: 0.361 loading class java/lang/IllegalAccessException
Event: 0.361 loading class java/lang/IllegalAccessException done
Event: 0.377 loading class java/lang/reflect/InvocationTargetException
Event: 0.377 loading class java/lang/reflect/InvocationTargetException done
Event: 0.380 loading class java/io/StringReader
Event: 0.380 loading class java/io/StringReader done
Event: 0.380 loading class java/io/UncheckedIOException
Event: 0.380 loading class java/io/UncheckedIOException done


Dynamic libraries:
0x00007ff77cc50000 - 0x00007ff77cc5e000 	C:\Users\zd2N06\pleiades\java\17\bin\java.exe
0x00007ff80a2f0000 - 0x00007ff80a4e8000 	C:\WINDOWS\SYSTEM32\ntdll.dll
0x00007ff809980000 - 0x00007ff809a3f000 	C:\WINDOWS\System32\KERNEL32.DLL
0x00007ff807bb0000 - 0x00007ff807ea6000 	C:\WINDOWS\System32\KERNELBASE.dll
0x00007ff807eb0000 - 0x00007ff807fb0000 	C:\WINDOWS\System32\ucrtbase.dll
0x00007ffffdba0000 - 0x00007ffffdbb9000 	C:\Users\zd2N06\pleiades\java\17\bin\VCRUNTIME140.dll
0x00007fffebf20000 - 0x00007fffebf38000 	C:\Users\zd2N06\pleiades\java\17\bin\jli.dll
0x00007ff809220000 - 0x00007ff8093bd000 	C:\WINDOWS\System32\USER32.dll
0x00007ff807a90000 - 0x00007ff807ab2000 	C:\WINDOWS\System32\win32u.dll
0x00007ff809800000 - 0x00007ff80982c000 	C:\WINDOWS\System32\GDI32.dll
0x00007ff808020000 - 0x00007ff808135000 	C:\WINDOWS\System32\gdi32full.dll
0x00007fffe9150000 - 0x00007fffe93ea000 	C:\WINDOWS\WinSxS\amd64_microsoft.windows.common-controls_6595b64144ccf1df_6.0.19041.1110_none_60b5254171f9507e\COMCTL32.dll
0x00007ff807ac0000 - 0x00007ff807b5d000 	C:\WINDOWS\System32\msvcp_win.dll
0x00007ff809180000 - 0x00007ff80921e000 	C:\WINDOWS\System32\msvcrt.dll
0x00007ff8088d0000 - 0x00007ff808900000 	C:\WINDOWS\System32\IMM32.DLL
0x00007ff802ad0000 - 0x00007ff802adc000 	C:\Users\zd2N06\pleiades\java\17\bin\vcruntime140_1.dll
0x00007fffebd10000 - 0x00007fffebda1000 	C:\Users\zd2N06\pleiades\java\17\bin\msvcp140.dll
0x00007fffd4640000 - 0x00007fffd5287000 	C:\Users\zd2N06\pleiades\java\17\bin\server\jvm.dll
0x00007ff809830000 - 0x00007ff8098df000 	C:\WINDOWS\System32\ADVAPI32.dll
0x00007ff8098e0000 - 0x00007ff80997c000 	C:\WINDOWS\System32\sechost.dll
0x00007ff809560000 - 0x00007ff809686000 	C:\WINDOWS\System32\RPCRT4.dll
0x00007ff8083b0000 - 0x00007ff8083b8000 	C:\WINDOWS\System32\PSAPI.DLL
0x00007ffff8970000 - 0x00007ffff8979000 	C:\WINDOWS\SYSTEM32\WSOCK32.dll
0x00007ff80a230000 - 0x00007ff80a29b000 	C:\WINDOWS\System32\WS2_32.dll
0x00007ffffdcf0000 - 0x00007ffffdd17000 	C:\WINDOWS\SYSTEM32\WINMM.dll
0x00007ff800080000 - 0x00007ff80008a000 	C:\WINDOWS\SYSTEM32\VERSION.dll
0x00007ff8056b0000 - 0x00007ff8056c2000 	C:\WINDOWS\SYSTEM32\kernel.appcore.dll
0x00007ffffd880000 - 0x00007ffffd88a000 	C:\Users\zd2N06\pleiades\java\17\bin\jimage.dll
0x00007ff800c70000 - 0x00007ff800e54000 	C:\WINDOWS\SYSTEM32\DBGHELP.DLL
0x00007ff800c30000 - 0x00007ff800c64000 	C:\WINDOWS\SYSTEM32\dbgcore.DLL
0x00007ff807a00000 - 0x00007ff807a82000 	C:\WINDOWS\System32\bcryptPrimitives.dll
0x00007fffebef0000 - 0x00007fffebf15000 	C:\Users\zd2N06\pleiades\java\17\bin\java.dll
0x00007fffe5330000 - 0x00007fffe5406000 	C:\Users\zd2N06\pleiades\java\17\bin\jsvml.dll
0x00007ff808960000 - 0x00007ff8090a4000 	C:\WINDOWS\System32\SHELL32.dll
0x00007ff8058b0000 - 0x00007ff806043000 	C:\WINDOWS\SYSTEM32\windows.storage.dll
0x00007ff8083c0000 - 0x00007ff808714000 	C:\WINDOWS\System32\combase.dll
0x00007ff807410000 - 0x00007ff80743e000 	C:\WINDOWS\SYSTEM32\Wldp.dll
0x00007ff809eb0000 - 0x00007ff809f5d000 	C:\WINDOWS\System32\SHCORE.dll
0x00007ff8094f0000 - 0x00007ff809545000 	C:\WINDOWS\System32\shlwapi.dll
0x00007ff807900000 - 0x00007ff807925000 	C:\WINDOWS\SYSTEM32\profapi.dll
0x00007fffebeb0000 - 0x00007fffebec9000 	C:\Users\zd2N06\pleiades\java\17\bin\net.dll
0x00007ff8000d0000 - 0x00007ff8001da000 	C:\WINDOWS\SYSTEM32\WINHTTP.dll
0x00007ff807170000 - 0x00007ff8071da000 	C:\WINDOWS\system32\mswsock.dll
0x00007fffebe90000 - 0x00007fffebea5000 	C:\Users\zd2N06\pleiades\java\17\bin\nio.dll
0x00007fffebed0000 - 0x00007fffebee8000 	C:\Users\zd2N06\pleiades\java\17\bin\zip.dll
0x00007ffffc4c0000 - 0x00007ffffc4c9000 	C:\Users\zd2N06\pleiades\java\17\bin\management.dll
0x00007ffff5790000 - 0x00007ffff579b000 	C:\Users\zd2N06\pleiades\java\17\bin\management_ext.dll

dbghelp: loaded successfully - version: 4.0.5 - missing functions: none
symbol engine: initialized successfully - sym options: 0x614 - pdb path: .;C:\Users\zd2N06\pleiades\java\17\bin;C:\WINDOWS\SYSTEM32;C:\WINDOWS\WinSxS\amd64_microsoft.windows.common-controls_6595b64144ccf1df_6.0.19041.1110_none_60b5254171f9507e;C:\Users\zd2N06\pleiades\java\17\bin\server

VM Arguments:
java_command: C:\Users\zd2N06\AppData\Local\Temp\surefire1191963459838426257\surefirebooter-20231003150634153_3.jar C:\Users\zd2N06\AppData\Local\Temp\surefire1191963459838426257 2023-10-03T15-06-33_866-jvmRun1 surefire-20231003150634153_1tmp surefire_0-20231003150634153_2tmp
java_class_path (initial): C:\Users\zd2N06\AppData\Local\Temp\surefire1191963459838426257\surefirebooter-20231003150634153_3.jar
Launcher Type: SUN_STANDARD

[Global flags]
     intx CICompilerCount                          = 3                                         {product} {ergonomic}
     uint ConcGCThreads                            = 1                                         {product} {ergonomic}
     uint G1ConcRefinementThreads                  = 4                                         {product} {ergonomic}
   size_t G1HeapRegionSize                         = 1048576                                   {product} {ergonomic}
    uintx GCDrainStackTargetSize                   = 64                                        {product} {ergonomic}
   size_t InitialHeapSize                          = 130023424                                 {product} {ergonomic}
   size_t MarkStackSize                            = 4194304                                   {product} {ergonomic}
   size_t MaxHeapSize                              = 2080374784                                {product} {ergonomic}
   size_t MaxNewSize                               = 1247805440                                {product} {ergonomic}
   size_t MinHeapDeltaBytes                        = 1048576                                   {product} {ergonomic}
   size_t MinHeapSize                              = 8388608                                   {product} {ergonomic}
    uintx NonNMethodCodeHeapSize                   = 5832780                                {pd product} {ergonomic}
    uintx NonProfiledCodeHeapSize                  = 122912730                              {pd product} {ergonomic}
    uintx ProfiledCodeHeapSize                     = 122912730                              {pd product} {ergonomic}
    uintx ReservedCodeCacheSize                    = 251658240                              {pd product} {ergonomic}
     bool SegmentedCodeCache                       = true                                      {product} {ergonomic}
   size_t SoftMaxHeapSize                          = 2080374784                             {manageable} {ergonomic}
     bool UseCompressedClassPointers               = true                           {product lp64_product} {ergonomic}
     bool UseCompressedOops                        = true                           {product lp64_product} {ergonomic}
     bool UseG1GC                                  = true                                      {product} {ergonomic}
     bool UseLargePagesIndividualAllocation        = false                                  {pd product} {ergonomic}

Logging:
Log output configuration:
 #0: stdout all=warning uptime,level,tags
 #1: stderr all=off uptime,level,tags

Environment Variables:
JAVA_HOME=C:\Program Files\Java\jdk1.8.0_131
PATH=C:/Users/zd2N06/pleiades/java/17/bin/server;C:/Users/zd2N06/pleiades/java/17/bin;C:\Program Files\Common Files\Microsoft Shared\Windows Live;C:\Program Files (x86)\Common Files\Microsoft Shared\Windows Live;C:\WINDOWS\system32;C:\WINDOWS;C:\WINDOWS\System32\Wbem;C:\WINDOWS\System32\WindowsPowerShell\v1.0\;C:\Program Files (x86)\ATI Technologies\ATI.ACE\Core-Static;C:\Program Files (x86)\Windows Live\Shared;C:\Program Files\vim;C:\Program Files\Sublime Text 3;C:\Ruby23-x64\bin\;C:\ruby-2.4.0\bin\;C:\Users\zd2D28\AppData\Roaming\npm\;C:\Users\zd2D28\AppData\Local\Programs\Git\cmd;C:\WINDOWS\system32;C:\WINDOWS;C:\WINDOWS\System32\Wbem;C:\WINDOWS\System32\WindowsPowerShell\v1.0\;C:\WINDOWS\System32\OpenSSH\;D:\Program Files\Microsoft VS Code\bin;C:\Program Files\Git\cmd;C:\Program Files\nodejs\;C:\Users\zd2N06\AppData\Local\Microsoft\WindowsApps;C:\Users\zd2N06\Documents\Microsoft VS Code\bin;C:\Users\zd2N06\pleiades\eclipse;
USERNAME=zd2N06
OS=Windows_NT
PROCESSOR_IDENTIFIER=AMD64 Family 16 Model 4 Stepping 3, AuthenticAMD



---------------  S Y S T E M  ---------------

OS:
 Windows 10 , 64 bit Build 19041 (10.0.19041.3155)
OS uptime: 0 days 6:37 hours

CPU: total 4 (initial active 4) (4 cores per cpu, 1 threads per core) family 16 model 4 stepping 3 microcode 0x0, cx8, cmov, fxsr, mmx, 3dnowpref, sse, sse2, sse3, sse4a, popcnt, lzcnt, tsc, tscinvbit, clflush

Memory: 4k page, system-wide physical 7935M (1143M free)
TotalPageFile size 7935M (AvailPageFile size 2M)
current process WorkingSet (physical memory assigned to process): 49M, peak: 49M
current process commit charge ("private bytes"): 204M, peak: 204M

vm_info: OpenJDK 64-Bit Server VM (17.0.2+8) for windows-amd64 JRE (17.0.2+8), built on Jan 20 2022 04:52:34 by "" with MS VC++ 16.7 (VS2019)

END.
