#
# There is insufficient memory for the Java Runtime Environment to continue.
# Native memory allocation (malloc) failed to allocate 886256 bytes for Chunk::new
# Possible reasons:
#   The system is out of physical RAM or swap space
#   The process is running with CompressedOops enabled, and the Java Heap may be blocking the growth of the native heap
# Possible solutions:
#   Reduce memory load on the system
#   Increase physical memory or swap space
#   Check if swap backing store is full
#   Decrease Java heap size (-Xmx/-Xms)
#   Decrease number of Java threads
#   Decrease Java thread stack sizes (-Xss)
#   Set larger code cache with -XX:ReservedCodeCacheSize=
#   JVM is running with Unscaled Compressed Oops mode in which the Java heap is
#     placed in the first 4GB address space. The Java Heap base address is the
#     maximum limit for the native heap growth. Please use -XX:HeapBaseMinAddress
#     to set the Java Heap base and to place the Java Heap above 4GB virtual address.
# This output file may be truncated or incomplete.
#
#  Out of Memory Error (arena.cpp:189), pid=9096, tid=8932
#
# JRE version: OpenJDK Runtime Environment Temurin-17.0.2+8 (17.0.2+8) (build 17.0.2+8)
# Java VM: OpenJDK 64-Bit Server VM Temurin-17.0.2+8 (17.0.2+8, mixed mode, sharing, tiered, compressed oops, compressed class ptrs, g1 gc, windows-amd64)
# No core dump will be written. Minidumps are not enabled by default on client versions of Windows
#

---------------  S U M M A R Y ------------

Command Line: -XX:+ShowCodeDetailsInExceptionMessages -agentlib:jdwp=transport=dt_socket,suspend=y,address=localhost:54552 -javaagent:C:\Users\zd2N06\pleiades\eclipse\configuration\org.eclipse.osgi\225\0\.cp\lib\javaagent-shaded.jar -Dfile.encoding=UTF-8 com.example.app.BookMmarker2Application

Host: AMD Phenom(tm) II X4 955 Processor, 4 cores, 7G,  Windows 10 , 64 bit Build 19041 (10.0.19041.3155)
Time: Tue Sep 19 12:58:38 2023  Windows 10 , 64 bit Build 19041 (10.0.19041.3155) elapsed time: 1.941972 seconds (0d 0h 0m 1s)

---------------  T H R E A D  ---------------

Current thread (0x000001e4f3b29540):  JavaThread "C2 CompilerThread1" daemon [_thread_in_native, id=8932, stack(0x000000c9d1d00000,0x000000c9d1e00000)]


Current CompileTask:
C2:   1942 1886       4       org.eclipse.jdt.launching.internal.org.objectweb.asm.ClassWriter::toByteArray (1535 bytes)

Stack: [0x000000c9d1d00000,0x000000c9d1e00000]
Native frames: (J=compiled Java code, j=interpreted, Vv=VM code, C=native code)
V  [jvm.dll+0x67564a]
V  [jvm.dll+0x82fc04]
V  [jvm.dll+0x8313ae]
V  [jvm.dll+0x831a13]
V  [jvm.dll+0x245235]
V  [jvm.dll+0xabd7b]
V  [jvm.dll+0xac30c]
V  [jvm.dll+0x2ac33f]
V  [jvm.dll+0x57c559]
V  [jvm.dll+0x2202ed]
V  [jvm.dll+0x21978f]
V  [jvm.dll+0x2173eb]
V  [jvm.dll+0x1a3a8d]
V  [jvm.dll+0x226ef8]
V  [jvm.dll+0x22503c]
V  [jvm.dll+0x7e596b]
V  [jvm.dll+0x7dff2a]
V  [jvm.dll+0x6744d5]
C  [ucrtbase.dll+0x21bb2]
C  [KERNEL32.DLL+0x17614]
C  [ntdll.dll+0x526b1]


---------------  P R O C E S S  ---------------

Threads class SMR info:
_java_thread_list=0x000001e4f4a73c80, length=19, elements={
0x000001e4d35a6070, 0x000001e4f2ded1f0, 0x000001e4f2df0280, 0x000001e4f2e05100,
0x000001e4f2e069d0, 0x000001e4f2e07290, 0x000001e4f2e0fb60, 0x000001e4f2e10800,
0x000001e4f2e15ee0, 0x000001e4f2e1b220, 0x000001e4f2dd7240, 0x000001e4f39e45b0,
0x000001e4f398a8c0, 0x000001e4f398bf90, 0x000001e4f3b29540, 0x000001e4f401f810,
0x000001e4f48360f0, 0x000001e4f44e2040, 0x000001e4f5710ce0
}

Java Threads: ( => current thread )
  0x000001e4d35a6070 JavaThread "main" [_thread_blocked, id=800, stack(0x000000c9d0800000,0x000000c9d0900000)]
  0x000001e4f2ded1f0 JavaThread "Reference Handler" daemon [_thread_blocked, id=10932, stack(0x000000c9d0f00000,0x000000c9d1000000)]
  0x000001e4f2df0280 JavaThread "Finalizer" daemon [_thread_blocked, id=10808, stack(0x000000c9d1000000,0x000000c9d1100000)]
  0x000001e4f2e05100 JavaThread "Signal Dispatcher" daemon [_thread_blocked, id=4812, stack(0x000000c9d1100000,0x000000c9d1200000)]
  0x000001e4f2e069d0 JavaThread "Attach Listener" daemon [_thread_blocked, id=8884, stack(0x000000c9d1200000,0x000000c9d1300000)]
  0x000001e4f2e07290 JavaThread "Service Thread" daemon [_thread_blocked, id=11032, stack(0x000000c9d1300000,0x000000c9d1400000)]
  0x000001e4f2e0fb60 JavaThread "Monitor Deflation Thread" daemon [_thread_blocked, id=10472, stack(0x000000c9d1400000,0x000000c9d1500000)]
  0x000001e4f2e10800 JavaThread "C2 CompilerThread0" daemon [_thread_in_native, id=10012, stack(0x000000c9d1500000,0x000000c9d1600000)]
  0x000001e4f2e15ee0 JavaThread "C1 CompilerThread0" daemon [_thread_blocked, id=10428, stack(0x000000c9d1600000,0x000000c9d1700000)]
  0x000001e4f2e1b220 JavaThread "Sweeper thread" daemon [_thread_blocked, id=10780, stack(0x000000c9d1700000,0x000000c9d1800000)]
  0x000001e4f2dd7240 JavaThread "Common-Cleaner" daemon [_thread_blocked, id=9808, stack(0x000000c9d1800000,0x000000c9d1900000)]
  0x000001e4f39e45b0 JavaThread "JDWP Transport Listener: dt_socket" daemon [_thread_blocked, id=7104, stack(0x000000c9d1900000,0x000000c9d1a00000)]
  0x000001e4f398a8c0 JavaThread "JDWP Event Helper Thread" daemon [_thread_blocked, id=3628, stack(0x000000c9d1a00000,0x000000c9d1b00000)]
  0x000001e4f398bf90 JavaThread "JDWP Command Reader" daemon [_thread_in_native, id=1940, stack(0x000000c9d1b00000,0x000000c9d1c00000)]
=>0x000001e4f3b29540 JavaThread "C2 CompilerThread1" daemon [_thread_in_native, id=8932, stack(0x000000c9d1d00000,0x000000c9d1e00000)]
  0x000001e4f401f810 JavaThread "Notification Thread" daemon [_thread_blocked, id=10732, stack(0x000000c9d1e00000,0x000000c9d1f00000)]
  0x000001e4f48360f0 JavaThread "Thread-0" [_thread_blocked, id=10316, stack(0x000000c9d2300000,0x000000c9d2400000)]
  0x000001e4f44e2040 JavaThread "restartedMain" [_thread_in_Java, id=6656, stack(0x000000c9d2400000,0x000000c9d2500000)]
  0x000001e4f5710ce0 JavaThread "background-preinit" [_thread_in_vm, id=5760, stack(0x000000c9d2500000,0x000000c9d2600000)]

Other Threads:
  0x000001e4f2de5a00 VMThread "VM Thread" [stack: 0x000000c9d0e00000,0x000000c9d0f00000] [id=3068]
  0x000001e4f401fce0 WatcherThread [stack: 0x000000c9d1f00000,0x000000c9d2000000] [id=6220]
  0x000001e4d35e38f0 GCTaskThread "GC Thread#0" [stack: 0x000000c9d0900000,0x000000c9d0a00000] [id=10332]
  0x000001e4f42d0fe0 GCTaskThread "GC Thread#1" [stack: 0x000000c9d2000000,0x000000c9d2100000] [id=5176]
  0x000001e4f42f0d80 GCTaskThread "GC Thread#2" [stack: 0x000000c9d2100000,0x000000c9d2200000] [id=3312]
  0x000001e4f4344640 GCTaskThread "GC Thread#3" [stack: 0x000000c9d2200000,0x000000c9d2300000] [id=4344]
  0x000001e4d35f56f0 ConcurrentGCThread "G1 Main Marker" [stack: 0x000000c9d0a00000,0x000000c9d0b00000] [id=9100]
  0x000001e4d35f7020 ConcurrentGCThread "G1 Conc#0" [stack: 0x000000c9d0b00000,0x000000c9d0c00000] [id=7228]
  0x000001e4d3662d60 ConcurrentGCThread "G1 Refine#0" [stack: 0x000000c9d0c00000,0x000000c9d0d00000] [id=5172]
  0x000001e4d3663690 ConcurrentGCThread "G1 Service" [stack: 0x000000c9d0d00000,0x000000c9d0e00000] [id=10548]

Threads with active compile tasks:
C2 CompilerThread0     1961 1494       4       org.eclipse.jdt.launching.internal.org.objectweb.asm.SymbolTable::<init> (536 bytes)
C2 CompilerThread1     1961 1886       4       org.eclipse.jdt.launching.internal.org.objectweb.asm.ClassWriter::toByteArray (1535 bytes)

VM state: not at safepoint (normal execution)

VM Mutex/Monitor currently owned by a thread: None

Heap address: 0x0000000084000000, size: 1984 MB, Compressed Oops mode: 32-bit

CDS archive(s) mapped at: [0x0000000800000000-0x0000000800bc0000-0x0000000800bc0000), size 12320768, SharedBaseAddress: 0x0000000800000000, ArchiveRelocationMode: 0.
Compressed class space mapped at: 0x0000000800c00000-0x0000000840c00000, reserved size: 1073741824
Narrow klass base: 0x0000000800000000, Narrow klass shift: 0, Narrow klass range: 0x100000000

GC Precious Log:
 CPUs: 4 total, 4 available
 Memory: 7935M
 Large Page Support: Disabled
 NUMA Support: Disabled
 Compressed Oops: Enabled (32-bit)
 Heap Region Size: 1M
 Heap Min Capacity: 8M
 Heap Initial Capacity: 124M
 Heap Max Capacity: 1984M
 Pre-touch: Disabled
 Parallel Workers: 4
 Concurrent Workers: 1
 Concurrent Refinement Workers: 4
 Periodic GC: Disabled

Heap:
 garbage-first heap   total 126976K, used 62439K [0x0000000084000000, 0x0000000100000000)
  region size 1024K, 58 young (59392K), 1 survivors (1024K)
 Metaspace       used 12270K, committed 12480K, reserved 1064960K
  class space    used 1447K, committed 1536K, reserved 1048576K

Heap Regions: E=young(eden), S=young(survivor), O=old, HS=humongous(starts), HC=humongous(continues), CS=collection set, F=free, OA=open archive, CA=closed archive, TAMS=top-at-mark-start (previous, next)
|   0|0x0000000084000000, 0x0000000084100000, 0x0000000084100000|100%| O|  |TAMS 0x0000000084000000, 0x0000000084000000| Untracked 
|   1|0x0000000084100000, 0x0000000084200000, 0x0000000084200000|100%| O|  |TAMS 0x0000000084100000, 0x0000000084100000| Untracked 
|   2|0x0000000084200000, 0x0000000084300000, 0x0000000084300000|100%| O|  |TAMS 0x0000000084200000, 0x0000000084200000| Untracked 
|   3|0x0000000084300000, 0x0000000084400000, 0x0000000084400000|100%| O|  |TAMS 0x0000000084300000, 0x0000000084300000| Untracked 
|   4|0x0000000084400000, 0x0000000084416800, 0x0000000084500000|  8%| O|  |TAMS 0x0000000084400000, 0x0000000084400000| Untracked 
|   5|0x0000000084500000, 0x0000000084500000, 0x0000000084600000|  0%| F|  |TAMS 0x0000000084500000, 0x0000000084500000| Untracked 
|   6|0x0000000084600000, 0x0000000084600000, 0x0000000084700000|  0%| F|  |TAMS 0x0000000084600000, 0x0000000084600000| Untracked 
|   7|0x0000000084700000, 0x0000000084700000, 0x0000000084800000|  0%| F|  |TAMS 0x0000000084700000, 0x0000000084700000| Untracked 
|   8|0x0000000084800000, 0x0000000084800000, 0x0000000084900000|  0%| F|  |TAMS 0x0000000084800000, 0x0000000084800000| Untracked 
|   9|0x0000000084900000, 0x0000000084900000, 0x0000000084a00000|  0%| F|  |TAMS 0x0000000084900000, 0x0000000084900000| Untracked 
|  10|0x0000000084a00000, 0x0000000084a00000, 0x0000000084b00000|  0%| F|  |TAMS 0x0000000084a00000, 0x0000000084a00000| Untracked 
|  11|0x0000000084b00000, 0x0000000084b00000, 0x0000000084c00000|  0%| F|  |TAMS 0x0000000084b00000, 0x0000000084b00000| Untracked 
|  12|0x0000000084c00000, 0x0000000084c00000, 0x0000000084d00000|  0%| F|  |TAMS 0x0000000084c00000, 0x0000000084c00000| Untracked 
|  13|0x0000000084d00000, 0x0000000084d00000, 0x0000000084e00000|  0%| F|  |TAMS 0x0000000084d00000, 0x0000000084d00000| Untracked 
|  14|0x0000000084e00000, 0x0000000084e00000, 0x0000000084f00000|  0%| F|  |TAMS 0x0000000084e00000, 0x0000000084e00000| Untracked 
|  15|0x0000000084f00000, 0x0000000084f00000, 0x0000000085000000|  0%| F|  |TAMS 0x0000000084f00000, 0x0000000084f00000| Untracked 
|  16|0x0000000085000000, 0x0000000085000000, 0x0000000085100000|  0%| F|  |TAMS 0x0000000085000000, 0x0000000085000000| Untracked 
|  17|0x0000000085100000, 0x0000000085100000, 0x0000000085200000|  0%| F|  |TAMS 0x0000000085100000, 0x0000000085100000| Untracked 
|  18|0x0000000085200000, 0x0000000085200000, 0x0000000085300000|  0%| F|  |TAMS 0x0000000085200000, 0x0000000085200000| Untracked 
|  19|0x0000000085300000, 0x0000000085300000, 0x0000000085400000|  0%| F|  |TAMS 0x0000000085300000, 0x0000000085300000| Untracked 
|  20|0x0000000085400000, 0x0000000085400000, 0x0000000085500000|  0%| F|  |TAMS 0x0000000085400000, 0x0000000085400000| Untracked 
|  21|0x0000000085500000, 0x0000000085500000, 0x0000000085600000|  0%| F|  |TAMS 0x0000000085500000, 0x0000000085500000| Untracked 
|  22|0x0000000085600000, 0x0000000085600000, 0x0000000085700000|  0%| F|  |TAMS 0x0000000085600000, 0x0000000085600000| Untracked 
|  23|0x0000000085700000, 0x0000000085700000, 0x0000000085800000|  0%| F|  |TAMS 0x0000000085700000, 0x0000000085700000| Untracked 
|  24|0x0000000085800000, 0x0000000085800000, 0x0000000085900000|  0%| F|  |TAMS 0x0000000085800000, 0x0000000085800000| Untracked 
|  25|0x0000000085900000, 0x0000000085900000, 0x0000000085a00000|  0%| F|  |TAMS 0x0000000085900000, 0x0000000085900000| Untracked 
|  26|0x0000000085a00000, 0x0000000085a00000, 0x0000000085b00000|  0%| F|  |TAMS 0x0000000085a00000, 0x0000000085a00000| Untracked 
|  27|0x0000000085b00000, 0x0000000085b00000, 0x0000000085c00000|  0%| F|  |TAMS 0x0000000085b00000, 0x0000000085b00000| Untracked 
|  28|0x0000000085c00000, 0x0000000085c00000, 0x0000000085d00000|  0%| F|  |TAMS 0x0000000085c00000, 0x0000000085c00000| Untracked 
|  29|0x0000000085d00000, 0x0000000085d00000, 0x0000000085e00000|  0%| F|  |TAMS 0x0000000085d00000, 0x0000000085d00000| Untracked 
|  30|0x0000000085e00000, 0x0000000085e00000, 0x0000000085f00000|  0%| F|  |TAMS 0x0000000085e00000, 0x0000000085e00000| Untracked 
|  31|0x0000000085f00000, 0x0000000085f00000, 0x0000000086000000|  0%| F|  |TAMS 0x0000000085f00000, 0x0000000085f00000| Untracked 
|  32|0x0000000086000000, 0x0000000086000000, 0x0000000086100000|  0%| F|  |TAMS 0x0000000086000000, 0x0000000086000000| Untracked 
|  33|0x0000000086100000, 0x0000000086100000, 0x0000000086200000|  0%| F|  |TAMS 0x0000000086100000, 0x0000000086100000| Untracked 
|  34|0x0000000086200000, 0x0000000086200000, 0x0000000086300000|  0%| F|  |TAMS 0x0000000086200000, 0x0000000086200000| Untracked 
|  35|0x0000000086300000, 0x0000000086300000, 0x0000000086400000|  0%| F|  |TAMS 0x0000000086300000, 0x0000000086300000| Untracked 
|  36|0x0000000086400000, 0x0000000086400000, 0x0000000086500000|  0%| F|  |TAMS 0x0000000086400000, 0x0000000086400000| Untracked 
|  37|0x0000000086500000, 0x0000000086500000, 0x0000000086600000|  0%| F|  |TAMS 0x0000000086500000, 0x0000000086500000| Untracked 
|  38|0x0000000086600000, 0x0000000086600000, 0x0000000086700000|  0%| F|  |TAMS 0x0000000086600000, 0x0000000086600000| Untracked 
|  39|0x0000000086700000, 0x0000000086700000, 0x0000000086800000|  0%| F|  |TAMS 0x0000000086700000, 0x0000000086700000| Untracked 
|  40|0x0000000086800000, 0x0000000086800000, 0x0000000086900000|  0%| F|  |TAMS 0x0000000086800000, 0x0000000086800000| Untracked 
|  41|0x0000000086900000, 0x0000000086900000, 0x0000000086a00000|  0%| F|  |TAMS 0x0000000086900000, 0x0000000086900000| Untracked 
|  42|0x0000000086a00000, 0x0000000086a00000, 0x0000000086b00000|  0%| F|  |TAMS 0x0000000086a00000, 0x0000000086a00000| Untracked 
|  43|0x0000000086b00000, 0x0000000086b00000, 0x0000000086c00000|  0%| F|  |TAMS 0x0000000086b00000, 0x0000000086b00000| Untracked 
|  44|0x0000000086c00000, 0x0000000086c00000, 0x0000000086d00000|  0%| F|  |TAMS 0x0000000086c00000, 0x0000000086c00000| Untracked 
|  45|0x0000000086d00000, 0x0000000086d00000, 0x0000000086e00000|  0%| F|  |TAMS 0x0000000086d00000, 0x0000000086d00000| Untracked 
|  46|0x0000000086e00000, 0x0000000086e00000, 0x0000000086f00000|  0%| F|  |TAMS 0x0000000086e00000, 0x0000000086e00000| Untracked 
|  47|0x0000000086f00000, 0x0000000086f00000, 0x0000000087000000|  0%| F|  |TAMS 0x0000000086f00000, 0x0000000086f00000| Untracked 
|  48|0x0000000087000000, 0x0000000087000000, 0x0000000087100000|  0%| F|  |TAMS 0x0000000087000000, 0x0000000087000000| Untracked 
|  49|0x0000000087100000, 0x0000000087100000, 0x0000000087200000|  0%| F|  |TAMS 0x0000000087100000, 0x0000000087100000| Untracked 
|  50|0x0000000087200000, 0x0000000087200000, 0x0000000087300000|  0%| F|  |TAMS 0x0000000087200000, 0x0000000087200000| Untracked 
|  51|0x0000000087300000, 0x0000000087300000, 0x0000000087400000|  0%| F|  |TAMS 0x0000000087300000, 0x0000000087300000| Untracked 
|  52|0x0000000087400000, 0x0000000087400000, 0x0000000087500000|  0%| F|  |TAMS 0x0000000087400000, 0x0000000087400000| Untracked 
|  53|0x0000000087500000, 0x0000000087500000, 0x0000000087600000|  0%| F|  |TAMS 0x0000000087500000, 0x0000000087500000| Untracked 
|  54|0x0000000087600000, 0x0000000087600000, 0x0000000087700000|  0%| F|  |TAMS 0x0000000087600000, 0x0000000087600000| Untracked 
|  55|0x0000000087700000, 0x0000000087700000, 0x0000000087800000|  0%| F|  |TAMS 0x0000000087700000, 0x0000000087700000| Untracked 
|  56|0x0000000087800000, 0x0000000087800000, 0x0000000087900000|  0%| F|  |TAMS 0x0000000087800000, 0x0000000087800000| Untracked 
|  57|0x0000000087900000, 0x0000000087900000, 0x0000000087a00000|  0%| F|  |TAMS 0x0000000087900000, 0x0000000087900000| Untracked 
|  58|0x0000000087a00000, 0x0000000087a00000, 0x0000000087b00000|  0%| F|  |TAMS 0x0000000087a00000, 0x0000000087a00000| Untracked 
|  59|0x0000000087b00000, 0x0000000087b00000, 0x0000000087c00000|  0%| F|  |TAMS 0x0000000087b00000, 0x0000000087b00000| Untracked 
|  60|0x0000000087c00000, 0x0000000087c00000, 0x0000000087d00000|  0%| F|  |TAMS 0x0000000087c00000, 0x0000000087c00000| Untracked 
|  61|0x0000000087d00000, 0x0000000087d00000, 0x0000000087e00000|  0%| F|  |TAMS 0x0000000087d00000, 0x0000000087d00000| Untracked 
|  62|0x0000000087e00000, 0x0000000087e00000, 0x0000000087f00000|  0%| F|  |TAMS 0x0000000087e00000, 0x0000000087e00000| Untracked 
|  63|0x0000000087f00000, 0x0000000087f00000, 0x0000000088000000|  0%| F|  |TAMS 0x0000000087f00000, 0x0000000087f00000| Untracked 
|  64|0x0000000088000000, 0x0000000088000000, 0x0000000088100000|  0%| F|  |TAMS 0x0000000088000000, 0x0000000088000000| Untracked 
|  65|0x0000000088100000, 0x0000000088200000, 0x0000000088200000|100%| E|  |TAMS 0x0000000088100000, 0x0000000088100000| Complete 
|  66|0x0000000088200000, 0x0000000088300000, 0x0000000088300000|100%| E|CS|TAMS 0x0000000088200000, 0x0000000088200000| Complete 
|  67|0x0000000088300000, 0x0000000088400000, 0x0000000088400000|100%| E|CS|TAMS 0x0000000088300000, 0x0000000088300000| Complete 
|  68|0x0000000088400000, 0x0000000088500000, 0x0000000088500000|100%| E|CS|TAMS 0x0000000088400000, 0x0000000088400000| Complete 
|  69|0x0000000088500000, 0x0000000088600000, 0x0000000088600000|100%| E|CS|TAMS 0x0000000088500000, 0x0000000088500000| Complete 
|  70|0x0000000088600000, 0x0000000088700000, 0x0000000088700000|100%| E|CS|TAMS 0x0000000088600000, 0x0000000088600000| Complete 
|  71|0x0000000088700000, 0x0000000088800000, 0x0000000088800000|100%| E|CS|TAMS 0x0000000088700000, 0x0000000088700000| Complete 
|  72|0x0000000088800000, 0x0000000088900000, 0x0000000088900000|100%| E|CS|TAMS 0x0000000088800000, 0x0000000088800000| Complete 
|  73|0x0000000088900000, 0x0000000088a00000, 0x0000000088a00000|100%| E|CS|TAMS 0x0000000088900000, 0x0000000088900000| Complete 
|  74|0x0000000088a00000, 0x0000000088b00000, 0x0000000088b00000|100%| E|CS|TAMS 0x0000000088a00000, 0x0000000088a00000| Complete 
|  75|0x0000000088b00000, 0x0000000088c00000, 0x0000000088c00000|100%| E|CS|TAMS 0x0000000088b00000, 0x0000000088b00000| Complete 
|  76|0x0000000088c00000, 0x0000000088d00000, 0x0000000088d00000|100%| E|CS|TAMS 0x0000000088c00000, 0x0000000088c00000| Complete 
|  77|0x0000000088d00000, 0x0000000088e00000, 0x0000000088e00000|100%| E|CS|TAMS 0x0000000088d00000, 0x0000000088d00000| Complete 
|  78|0x0000000088e00000, 0x0000000088f00000, 0x0000000088f00000|100%| E|CS|TAMS 0x0000000088e00000, 0x0000000088e00000| Complete 
|  79|0x0000000088f00000, 0x0000000089000000, 0x0000000089000000|100%| E|CS|TAMS 0x0000000088f00000, 0x0000000088f00000| Complete 
|  80|0x0000000089000000, 0x0000000089100000, 0x0000000089100000|100%| E|CS|TAMS 0x0000000089000000, 0x0000000089000000| Complete 
|  81|0x0000000089100000, 0x0000000089200000, 0x0000000089200000|100%| E|CS|TAMS 0x0000000089100000, 0x0000000089100000| Complete 
|  82|0x0000000089200000, 0x0000000089300000, 0x0000000089300000|100%| E|CS|TAMS 0x0000000089200000, 0x0000000089200000| Complete 
|  83|0x0000000089300000, 0x0000000089400000, 0x0000000089400000|100%| E|CS|TAMS 0x0000000089300000, 0x0000000089300000| Complete 
|  84|0x0000000089400000, 0x0000000089500000, 0x0000000089500000|100%| E|CS|TAMS 0x0000000089400000, 0x0000000089400000| Complete 
|  85|0x0000000089500000, 0x0000000089600000, 0x0000000089600000|100%| E|CS|TAMS 0x0000000089500000, 0x0000000089500000| Complete 
|  86|0x0000000089600000, 0x0000000089700000, 0x0000000089700000|100%| E|CS|TAMS 0x0000000089600000, 0x0000000089600000| Complete 
|  87|0x0000000089700000, 0x0000000089800000, 0x0000000089800000|100%| E|CS|TAMS 0x0000000089700000, 0x0000000089700000| Complete 
|  88|0x0000000089800000, 0x0000000089900000, 0x0000000089900000|100%| E|CS|TAMS 0x0000000089800000, 0x0000000089800000| Complete 
|  89|0x0000000089900000, 0x0000000089a00000, 0x0000000089a00000|100%| E|CS|TAMS 0x0000000089900000, 0x0000000089900000| Complete 
|  90|0x0000000089a00000, 0x0000000089b00000, 0x0000000089b00000|100%| E|CS|TAMS 0x0000000089a00000, 0x0000000089a00000| Complete 
|  91|0x0000000089b00000, 0x0000000089c00000, 0x0000000089c00000|100%| E|CS|TAMS 0x0000000089b00000, 0x0000000089b00000| Complete 
|  92|0x0000000089c00000, 0x0000000089d00000, 0x0000000089d00000|100%| E|CS|TAMS 0x0000000089c00000, 0x0000000089c00000| Complete 
|  93|0x0000000089d00000, 0x0000000089e00000, 0x0000000089e00000|100%| E|CS|TAMS 0x0000000089d00000, 0x0000000089d00000| Complete 
|  94|0x0000000089e00000, 0x0000000089f00000, 0x0000000089f00000|100%| E|CS|TAMS 0x0000000089e00000, 0x0000000089e00000| Complete 
|  95|0x0000000089f00000, 0x000000008a000000, 0x000000008a000000|100%| E|CS|TAMS 0x0000000089f00000, 0x0000000089f00000| Complete 
|  96|0x000000008a000000, 0x000000008a100000, 0x000000008a100000|100%| E|CS|TAMS 0x000000008a000000, 0x000000008a000000| Complete 
|  97|0x000000008a100000, 0x000000008a200000, 0x000000008a200000|100%| E|CS|TAMS 0x000000008a100000, 0x000000008a100000| Complete 
|  98|0x000000008a200000, 0x000000008a300000, 0x000000008a300000|100%| E|CS|TAMS 0x000000008a200000, 0x000000008a200000| Complete 
|  99|0x000000008a300000, 0x000000008a400000, 0x000000008a400000|100%| E|CS|TAMS 0x000000008a300000, 0x000000008a300000| Complete 
| 100|0x000000008a400000, 0x000000008a500000, 0x000000008a500000|100%| E|CS|TAMS 0x000000008a400000, 0x000000008a400000| Complete 
| 101|0x000000008a500000, 0x000000008a600000, 0x000000008a600000|100%| E|CS|TAMS 0x000000008a500000, 0x000000008a500000| Complete 
| 102|0x000000008a600000, 0x000000008a700000, 0x000000008a700000|100%| E|CS|TAMS 0x000000008a600000, 0x000000008a600000| Complete 
| 103|0x000000008a700000, 0x000000008a800000, 0x000000008a800000|100%| E|CS|TAMS 0x000000008a700000, 0x000000008a700000| Complete 
| 104|0x000000008a800000, 0x000000008a900000, 0x000000008a900000|100%| E|CS|TAMS 0x000000008a800000, 0x000000008a800000| Complete 
| 105|0x000000008a900000, 0x000000008aa00000, 0x000000008aa00000|100%| E|CS|TAMS 0x000000008a900000, 0x000000008a900000| Complete 
| 106|0x000000008aa00000, 0x000000008ab00000, 0x000000008ab00000|100%| E|CS|TAMS 0x000000008aa00000, 0x000000008aa00000| Complete 
| 107|0x000000008ab00000, 0x000000008abe35b0, 0x000000008ac00000| 88%| S|CS|TAMS 0x000000008ab00000, 0x000000008ab00000| Complete 
| 108|0x000000008ac00000, 0x000000008ad00000, 0x000000008ad00000|100%| E|CS|TAMS 0x000000008ac00000, 0x000000008ac00000| Complete 
| 109|0x000000008ad00000, 0x000000008ae00000, 0x000000008ae00000|100%| E|CS|TAMS 0x000000008ad00000, 0x000000008ad00000| Complete 
| 110|0x000000008ae00000, 0x000000008af00000, 0x000000008af00000|100%| E|CS|TAMS 0x000000008ae00000, 0x000000008ae00000| Complete 
| 111|0x000000008af00000, 0x000000008b000000, 0x000000008b000000|100%| E|CS|TAMS 0x000000008af00000, 0x000000008af00000| Complete 
| 112|0x000000008b000000, 0x000000008b100000, 0x000000008b100000|100%| E|CS|TAMS 0x000000008b000000, 0x000000008b000000| Complete 
| 113|0x000000008b100000, 0x000000008b200000, 0x000000008b200000|100%| E|CS|TAMS 0x000000008b100000, 0x000000008b100000| Complete 
| 114|0x000000008b200000, 0x000000008b300000, 0x000000008b300000|100%| E|CS|TAMS 0x000000008b200000, 0x000000008b200000| Complete 
| 115|0x000000008b300000, 0x000000008b400000, 0x000000008b400000|100%| E|CS|TAMS 0x000000008b300000, 0x000000008b300000| Complete 
| 116|0x000000008b400000, 0x000000008b500000, 0x000000008b500000|100%| E|CS|TAMS 0x000000008b400000, 0x000000008b400000| Complete 
| 117|0x000000008b500000, 0x000000008b600000, 0x000000008b600000|100%| E|CS|TAMS 0x000000008b500000, 0x000000008b500000| Complete 
| 118|0x000000008b600000, 0x000000008b700000, 0x000000008b700000|100%| E|CS|TAMS 0x000000008b600000, 0x000000008b600000| Complete 
| 119|0x000000008b700000, 0x000000008b800000, 0x000000008b800000|100%| E|CS|TAMS 0x000000008b700000, 0x000000008b700000| Complete 
| 120|0x000000008b800000, 0x000000008b900000, 0x000000008b900000|100%| E|CS|TAMS 0x000000008b800000, 0x000000008b800000| Complete 
| 121|0x000000008b900000, 0x000000008ba00000, 0x000000008ba00000|100%| E|CS|TAMS 0x000000008b900000, 0x000000008b900000| Complete 
| 122|0x000000008ba00000, 0x000000008bb00000, 0x000000008bb00000|100%| E|CS|TAMS 0x000000008ba00000, 0x000000008ba00000| Complete 
| 123|0x000000008bb00000, 0x000000008bc00000, 0x000000008bc00000|100%| E|CS|TAMS 0x000000008bb00000, 0x000000008bb00000| Complete 

Card table byte_map: [0x000001e4ec260000,0x000001e4ec640000] _byte_map_base: 0x000001e4ebe40000

Marking Bits (Prev, Next): (CMBitMap*) 0x000001e4d35e4e20, (CMBitMap*) 0x000001e4d35e4e60
 Prev Bits: [0x000001e4eca20000, 0x000001e4ee920000)
 Next Bits: [0x000001e4ee920000, 0x000001e4f0820000)

Polling page: 0x000001e4d3380000

Metaspace:

Usage:
  Non-class:     10.61 MB used.
      Class:      1.42 MB used.
       Both:     12.02 MB used.

Virtual space:
  Non-class space:       16.00 MB reserved,      10.75 MB ( 67%) committed,  2 nodes.
      Class space:        1.00 GB reserved,       1.50 MB ( <1%) committed,  1 nodes.
             Both:        1.02 GB reserved,      12.25 MB (  1%) committed. 

Chunk freelists:
   Non-Class:  1.25 MB
       Class:  2.44 MB
        Both:  3.69 MB

MaxMetaspaceSize: unlimited
CompressedClassSpaceSize: 1.00 GB
Initial GC threshold: 21.00 MB
Current GC threshold: 21.00 MB
CDS: on
MetaspaceReclaimPolicy: balanced
 - commit_granule_bytes: 65536.
 - commit_granule_words: 8192.
 - virtual_space_node_default_size: 1048576.
 - enlarge_chunks_in_place: 1.
 - new_chunks_are_fully_committed: 0.
 - uncommit_free_chunks: 1.
 - use_allocation_guard: 0.
 - handle_deallocations: 1.


Internal statistics:

num_allocs_failed_limit: 0.
num_arena_births: 186.
num_arena_deaths: 0.
num_vsnodes_births: 3.
num_vsnodes_deaths: 0.
num_space_committed: 196.
num_space_uncommitted: 0.
num_chunks_returned_to_freelist: 0.
num_chunks_taken_from_freelist: 510.
num_chunk_merges: 0.
num_chunk_splits: 333.
num_chunks_enlarged: 254.
num_purges: 0.
num_inconsistent_stats: 0.

CodeHeap 'non-profiled nmethods': size=120000Kb used=746Kb max_used=746Kb free=119253Kb
 bounds [0x000001e4e4320000, 0x000001e4e4590000, 0x000001e4eb850000]
CodeHeap 'profiled nmethods': size=120000Kb used=3761Kb max_used=3761Kb free=116238Kb
 bounds [0x000001e4dcdf0000, 0x000001e4dd1a0000, 0x000001e4e4320000]
CodeHeap 'non-nmethods': size=5760Kb used=1234Kb max_used=1271Kb free=4525Kb
 bounds [0x000001e4dc850000, 0x000001e4dcac0000, 0x000001e4dcdf0000]
 total_blobs=2363 nmethods=1900 adapters=376
 compilation: enabled
              stopped_count=0, restarted_count=0
 full_count=0

Compilation events (20 events):
Event: 1.910 Thread 0x000001e4f2e15ee0 1892       3       org.eclipse.jdt.launching.internal.org.objectweb.asm.AnnotationWriter::<init> (60 bytes)
Event: 1.911 Thread 0x000001e4f2e15ee0 nmethod 1892 0x000001e4dd196090 code [0x000001e4dd196260, 0x000001e4dd196668]
Event: 1.911 Thread 0x000001e4f2e15ee0 1893       3       org.eclipse.jdt.launching.internal.org.objectweb.asm.AnnotationVisitor::<init> (7 bytes)
Event: 1.911 Thread 0x000001e4f2e15ee0 nmethod 1893 0x000001e4dd196810 code [0x000001e4dd1969c0, 0x000001e4dd196b28]
Event: 1.911 Thread 0x000001e4f2e15ee0 1894       3       org.eclipse.jdt.launching.internal.org.objectweb.asm.AnnotationVisitor::<init> (94 bytes)
Event: 1.912 Thread 0x000001e4f2e15ee0 nmethod 1894 0x000001e4dd196c10 code [0x000001e4dd196e60, 0x000001e4dd197788]
Event: 1.914 Thread 0x000001e4f2e15ee0 1895       3       org.eclipse.jdt.launching.internal.org.objectweb.asm.AnnotationWriter::create (34 bytes)
Event: 1.915 Thread 0x000001e4f2e15ee0 nmethod 1895 0x000001e4dd197a90 code [0x000001e4dd197c80, 0x000001e4dd198138]
Event: 1.918 Thread 0x000001e4f2e15ee0 1896       3       org.eclipse.jdt.launching.internal.org.objectweb.asm.AnnotationWriter::computeAnnotationsSize (42 bytes)
Event: 1.919 Thread 0x000001e4f2e15ee0 nmethod 1896 0x000001e4dd198310 code [0x000001e4dd1984c0, 0x000001e4dd198728]
Event: 1.919 Thread 0x000001e4f2e15ee0 1897       3       org.eclipse.jdt.launching.internal.org.objectweb.asm.AnnotationWriter::putAnnotations (110 bytes)
Event: 1.919 Thread 0x000001e4f2e15ee0 nmethod 1897 0x000001e4dd198890 code [0x000001e4dd198a80, 0x000001e4dd198e88]
Event: 1.922 Thread 0x000001e4f2e15ee0 1898       3       java.lang.Module::isStaticallyExportedOrOpen (70 bytes)
Event: 1.922 Thread 0x000001e4f2e15ee0 nmethod 1898 0x000001e4dd199110 code [0x000001e4dd199320, 0x000001e4dd199a18]
Event: 1.923 Thread 0x000001e4f2e15ee0 1900       3       java.lang.invoke.LambdaFormEditor$TransformKey::<init> (15 bytes)
Event: 1.923 Thread 0x000001e4f2e15ee0 nmethod 1900 0x000001e4dd199c10 code [0x000001e4dd199da0, 0x000001e4dd199f38]
Event: 1.924 Thread 0x000001e4f2e15ee0 1901       1       java.util.jar.JarFile$JarFileEntry::getName (5 bytes)
Event: 1.924 Thread 0x000001e4f2e15ee0 nmethod 1901 0x000001e4e43da410 code [0x000001e4e43da5a0, 0x000001e4e43da678]
Event: 1.931 Thread 0x000001e4f2e15ee0 1902       3       ch.qos.logback.classic.Logger::getChildByName (68 bytes)
Event: 1.932 Thread 0x000001e4f2e15ee0 nmethod 1902 0x000001e4dd19a010 code [0x000001e4dd19a200, 0x000001e4dd19a7c8]

GC Heap History (4 events):
Event: 0.610 GC heap before
{Heap before GC invocations=0 (full 0):
 garbage-first heap   total 126976K, used 13312K [0x0000000084000000, 0x0000000100000000)
  region size 1024K, 13 young (13312K), 0 survivors (0K)
 Metaspace       used 3692K, committed 3840K, reserved 1056768K
  class space    used 326K, committed 384K, reserved 1048576K
}
Event: 0.616 GC heap after
{Heap after GC invocations=1 (full 0):
 garbage-first heap   total 126976K, used 4018K [0x0000000084000000, 0x0000000100000000)
  region size 1024K, 2 young (2048K), 2 survivors (2048K)
 Metaspace       used 3692K, committed 3840K, reserved 1056768K
  class space    used 326K, committed 384K, reserved 1048576K
}
Event: 0.917 GC heap before
{Heap before GC invocations=1 (full 0):
 garbage-first heap   total 126976K, used 17330K [0x0000000084000000, 0x0000000100000000)
  region size 1024K, 16 young (16384K), 2 survivors (2048K)
 Metaspace       used 6090K, committed 6272K, reserved 1056768K
  class space    used 624K, committed 704K, reserved 1048576K
}
Event: 0.923 GC heap after
{Heap after GC invocations=2 (full 0):
 garbage-first heap   total 126976K, used 5095K [0x0000000084000000, 0x0000000100000000)
  region size 1024K, 1 young (1024K), 1 survivors (1024K)
 Metaspace       used 6090K, committed 6272K, reserved 1056768K
  class space    used 624K, committed 704K, reserved 1048576K
}

Deoptimization events (20 events):
Event: 1.937 Thread 0x000001e4f5710ce0 DEOPT PACKING pc=0x000001e4dcf93cdc sp=0x000000c9d25fe450
Event: 1.937 Thread 0x000001e4f5710ce0 DEOPT UNPACKING pc=0x000001e4dc8a2b24 sp=0x000000c9d25fd908 mode 1
Event: 1.937 Thread 0x000001e4f5710ce0 DEOPT PACKING pc=0x000001e4dd088334 sp=0x000000c9d25fee40
Event: 1.937 Thread 0x000001e4f5710ce0 DEOPT UNPACKING pc=0x000001e4dc8a2b24 sp=0x000000c9d25fe330 mode 1
Event: 1.937 Thread 0x000001e4f5710ce0 DEOPT PACKING pc=0x000001e4dcf947ec sp=0x000000c9d25fd820
Event: 1.938 Thread 0x000001e4f5710ce0 DEOPT UNPACKING pc=0x000001e4dc8a2b24 sp=0x000000c9d25fccb8 mode 1
Event: 1.938 Thread 0x000001e4f5710ce0 DEOPT PACKING pc=0x000001e4dcf93cdc sp=0x000000c9d25fd8f0
Event: 1.938 Thread 0x000001e4f5710ce0 DEOPT UNPACKING pc=0x000001e4dc8a2b24 sp=0x000000c9d25fcda8 mode 1
Event: 1.938 Thread 0x000001e4f5710ce0 DEOPT PACKING pc=0x000001e4dd088334 sp=0x000000c9d25fe2e0
Event: 1.938 Thread 0x000001e4f5710ce0 DEOPT UNPACKING pc=0x000001e4dc8a2b24 sp=0x000000c9d25fd7d0 mode 1
Event: 1.938 Thread 0x000001e4f5710ce0 DEOPT PACKING pc=0x000001e4dcf93cdc sp=0x000000c9d25fe450
Event: 1.938 Thread 0x000001e4f5710ce0 DEOPT UNPACKING pc=0x000001e4dc8a2b24 sp=0x000000c9d25fd908 mode 1
Event: 1.938 Thread 0x000001e4f5710ce0 DEOPT PACKING pc=0x000001e4dd088334 sp=0x000000c9d25fee40
Event: 1.938 Thread 0x000001e4f5710ce0 DEOPT UNPACKING pc=0x000001e4dc8a2b24 sp=0x000000c9d25fe330 mode 1
Event: 1.938 Thread 0x000001e4f5710ce0 DEOPT PACKING pc=0x000001e4dcf947ec sp=0x000000c9d25fe380
Event: 1.938 Thread 0x000001e4f5710ce0 DEOPT UNPACKING pc=0x000001e4dc8a2b24 sp=0x000000c9d25fd818 mode 1
Event: 1.938 Thread 0x000001e4f5710ce0 DEOPT PACKING pc=0x000001e4dcf93cdc sp=0x000000c9d25fe450
Event: 1.938 Thread 0x000001e4f5710ce0 DEOPT UNPACKING pc=0x000001e4dc8a2b24 sp=0x000000c9d25fd908 mode 1
Event: 1.938 Thread 0x000001e4f5710ce0 DEOPT PACKING pc=0x000001e4dd088334 sp=0x000000c9d25fee40
Event: 1.938 Thread 0x000001e4f5710ce0 DEOPT UNPACKING pc=0x000001e4dc8a2b24 sp=0x000000c9d25fe330 mode 1

Classes unloaded (0 events):
No events

Classes redefined (0 events):
No events

Internal exceptions (20 events):
Event: 1.450 Thread 0x000001e4f44e2040 Exception <a 'java/lang/NoSuchMethodError'{0x0000000089d89380}: 'java.lang.Object java.lang.invoke.DirectMethodHandle$Holder.invokeSpecial(java.lang.Object, java.lang.Object, java.lang.Object, java.lang.Object, java.lang.Object, java.lang.Object, java.lang.Object, int)'> (0x0000000089d89380) 
thrown [e:\jenkins\tmp\workspace\build\src\src\hotspot\share\interpreter\linkResolver.cpp, line 766]
Event: 1.512 Thread 0x000001e4f44e2040 Exception <a 'java/lang/NoSuchMethodError'{0x0000000089a06e80}: 'int java.lang.invoke.DirectMethodHandle$Holder.invokeInterface(java.lang.Object, java.lang.Object)'> (0x0000000089a06e80) 
thrown [e:\jenkins\tmp\workspace\build\src\src\hotspot\share\interpreter\linkResolver.cpp, line 766]
Event: 1.533 Thread 0x000001e4f44e2040 Exception <a 'java/lang/NoSuchMethodError'{0x0000000089aae120}: 'int java.lang.invoke.DirectMethodHandle$Holder.invokeVirtual(java.lang.Object, java.lang.Object)'> (0x0000000089aae120) 
thrown [e:\jenkins\tmp\workspace\build\src\src\hotspot\share\interpreter\linkResolver.cpp, line 766]
Event: 1.571 Thread 0x000001e4f44e2040 Exception <a 'java/lang/NoSuchMethodError'{0x000000008984a940}: 'java.lang.Object java.lang.invoke.DirectMethodHandle$Holder.invokeSpecial(java.lang.Object, java.lang.Object, java.lang.Object, int, java.lang.Object)'> (0x000000008984a940) 
thrown [e:\jenkins\tmp\workspace\build\src\src\hotspot\share\interpreter\linkResolver.cpp, line 766]
Event: 1.572 Thread 0x000001e4f44e2040 Exception <a 'java/lang/NoSuchMethodError'{0x0000000089852fa0}: 'java.lang.Object java.lang.invoke.DirectMethodHandle$Holder.newInvokeSpecial(java.lang.Object, java.lang.Object, java.lang.Object, int, java.lang.Object)'> (0x0000000089852fa0) 
thrown [e:\jenkins\tmp\workspace\build\src\src\hotspot\share\interpreter\linkResolver.cpp, line 766]
Event: 1.572 Thread 0x000001e4f44e2040 Exception <a 'java/lang/NoSuchMethodError'{0x000000008985a970}: 'java.lang.Object java.lang.invoke.Invokers$Holder.linkToTargetMethod(java.lang.Object, java.lang.Object, int, java.lang.Object, java.lang.Object)'> (0x000000008985a970) 
thrown [e:\jenkins\tmp\workspace\build\src\src\hotspot\share\interpreter\linkResolver.cpp, line 766]
Event: 1.574 Thread 0x000001e4f44e2040 Exception <a 'java/lang/NoSuchMethodError'{0x0000000089870a50}: 'java.lang.Object java.lang.invoke.DirectMethodHandle$Holder.newInvokeSpecial(java.lang.Object, int, java.lang.Object)'> (0x0000000089870a50) 
thrown [e:\jenkins\tmp\workspace\build\src\src\hotspot\share\interpreter\linkResolver.cpp, line 766]
Event: 1.575 Thread 0x000001e4f44e2040 Exception <a 'java/lang/NoSuchMethodError'{0x0000000089875730}: 'int java.lang.invoke.DirectMethodHandle$Holder.invokeSpecialIFC(java.lang.Object, java.lang.Object, java.lang.Object, java.lang.Object)'> (0x0000000089875730) 
thrown [e:\jenkins\tmp\workspace\build\src\src\hotspot\share\interpreter\linkResolver.cpp, line 766]
Event: 1.610 Thread 0x000001e4f44e2040 Exception <a 'java/lang/NoSuchMethodError'{0x000000008979fb78}: 'void java.lang.invoke.DirectMethodHandle$Holder.invokeInterface(java.lang.Object, java.lang.Object, java.lang.Object)'> (0x000000008979fb78) 
thrown [e:\jenkins\tmp\workspace\build\src\src\hotspot\share\interpreter\linkResolver.cpp, line 766]
Event: 1.657 Thread 0x000001e4f44e2040 Exception <a 'java/lang/NoSuchMethodError'{0x00000000896569f8}: 'void java.lang.invoke.DirectMethodHandle$Holder.invokeStatic(java.lang.Object, java.lang.Object)'> (0x00000000896569f8) 
thrown [e:\jenkins\tmp\workspace\build\src\src\hotspot\share\interpreter\linkResolver.cpp, line 766]
Event: 1.658 Thread 0x000001e4f44e2040 Exception <a 'java/lang/NoSuchMethodError'{0x000000008965a1f8}: 'void java.lang.invoke.DirectMethodHandle$Holder.invokeStaticInit(java.lang.Object, java.lang.Object)'> (0x000000008965a1f8) 
thrown [e:\jenkins\tmp\workspace\build\src\src\hotspot\share\interpreter\linkResolver.cpp, line 766]
Event: 1.664 Thread 0x000001e4f44e2040 Exception <a 'java/lang/NoSuchMethodError'{0x000000008966ffa8}: 'void java.lang.invoke.DirectMethodHandle$Holder.invokeStaticInit(java.lang.Object, java.lang.Object, java.lang.Object)'> (0x000000008966ffa8) 
thrown [e:\jenkins\tmp\workspace\build\src\src\hotspot\share\interpreter\linkResolver.cpp, line 766]
Event: 1.675 Thread 0x000001e4f44e2040 Exception <a 'java/lang/NoSuchMethodError'{0x0000000089516350}: 'java.lang.Object java.lang.invoke.DirectMethodHandle$Holder.invokeStatic(java.lang.Object, java.lang.Object, long, java.lang.Object)'> (0x0000000089516350) 
thrown [e:\jenkins\tmp\workspace\build\src\src\hotspot\share\interpreter\linkResolver.cpp, line 766]
Event: 1.676 Thread 0x000001e4f44e2040 Exception <a 'java/lang/NoSuchMethodError'{0x0000000089519de8}: 'java.lang.Object java.lang.invoke.DirectMethodHandle$Holder.invokeStaticInit(java.lang.Object, java.lang.Object, long, java.lang.Object)'> (0x0000000089519de8) 
thrown [e:\jenkins\tmp\workspace\build\src\src\hotspot\share\interpreter\linkResolver.cpp, line 766]
Event: 1.677 Thread 0x000001e4f44e2040 Exception <a 'java/lang/NoSuchMethodError'{0x0000000089520530}: 'java.lang.Object java.lang.invoke.DirectMethodHandle$Holder.newInvokeSpecial(java.lang.Object, java.lang.Object, long)'> (0x0000000089520530) 
thrown [e:\jenkins\tmp\workspace\build\src\src\hotspot\share\interpreter\linkResolver.cpp, line 766]
Event: 1.677 Thread 0x000001e4f44e2040 Exception <a 'java/lang/NoSuchMethodError'{0x00000000895240a0}: 'java.lang.Object java.lang.invoke.Invokers$Holder.linkToTargetMethod(java.lang.Object, long, java.lang.Object)'> (0x00000000895240a0) 
thrown [e:\jenkins\tmp\workspace\build\src\src\hotspot\share\interpreter\linkResolver.cpp, line 766]
Event: 1.700 Thread 0x000001e4f44e2040 Exception <a 'java/lang/NoSuchMethodError'{0x00000000895b8f28}: 'void java.lang.invoke.DirectMethodHandle$Holder.invokeVirtual(java.lang.Object, java.lang.Object, java.lang.Object, java.lang.Object)'> (0x00000000895b8f28) 
thrown [e:\jenkins\tmp\workspace\build\src\src\hotspot\share\interpreter\linkResolver.cpp, line 766]
Event: 1.768 Thread 0x000001e4f44e2040 Exception <a 'java/lang/NoSuchMethodError'{0x0000000089146dd8}: 'void java.lang.invoke.DirectMethodHandle$Holder.invokeSpecial(java.lang.Object, java.lang.Object, java.lang.Object)'> (0x0000000089146dd8) 
thrown [e:\jenkins\tmp\workspace\build\src\src\hotspot\share\interpreter\linkResolver.cpp, line 766]
Event: 1.770 Thread 0x000001e4f44e2040 Exception <a 'java/lang/NoSuchMethodError'{0x000000008914d3b0}: 'void java.lang.invoke.DirectMethodHandle$Holder.invokeSpecial(java.lang.Object, java.lang.Object, java.lang.Object, java.lang.Object, java.lang.Object)'> (0x000000008914d3b0) 
thrown [e:\jenkins\tmp\workspace\build\src\src\hotspot\share\interpreter\linkResolver.cpp, line 766]
Event: 1.818 Thread 0x000001e4f44e2040 Exception <a 'java/lang/IncompatibleClassChangeError'{0x0000000088fb88a0}: Found class java.lang.Object, but interface was expected> (0x0000000088fb88a0) 
thrown [e:\jenkins\tmp\workspace\build\src\src\hotspot\share\interpreter\linkResolver.cpp, line 833]

VM Operations (20 events):
Event: 0.610 Executing VM operation: G1CollectForAllocation
Event: 0.616 Executing VM operation: G1CollectForAllocation done
Event: 0.632 Executing VM operation: HandshakeAllThreads
Event: 0.632 Executing VM operation: HandshakeAllThreads done
Event: 0.740 Executing VM operation: HandshakeAllThreads
Event: 0.740 Executing VM operation: HandshakeAllThreads done
Event: 0.917 Executing VM operation: G1CollectForAllocation
Event: 0.923 Executing VM operation: G1CollectForAllocation done
Event: 1.148 Executing VM operation: HandshakeAllThreads
Event: 1.148 Executing VM operation: HandshakeAllThreads done
Event: 1.198 Executing VM operation: HandshakeAllThreads
Event: 1.198 Executing VM operation: HandshakeAllThreads done
Event: 1.531 Executing VM operation: HandshakeAllThreads
Event: 1.531 Executing VM operation: HandshakeAllThreads done
Event: 1.606 Executing VM operation: ICBufferFull
Event: 1.607 Executing VM operation: ICBufferFull done
Event: 1.763 Executing VM operation: HandshakeAllThreads
Event: 1.763 Executing VM operation: HandshakeAllThreads done
Event: 1.764 Executing VM operation: HandshakeAllThreads
Event: 1.764 Executing VM operation: HandshakeAllThreads done

Events (20 events):
Event: 1.842 loading class java/nio/charset/Charset$1
Event: 1.842 loading class java/nio/charset/Charset$1 done
Event: 1.845 loading class java/nio/charset/UnsupportedCharsetException
Event: 1.845 loading class java/nio/charset/UnsupportedCharsetException done
Event: 1.846 loading class java/io/Console$2
Event: 1.846 loading class jdk/internal/access/JavaIOAccess
Event: 1.846 loading class jdk/internal/access/JavaIOAccess done
Event: 1.846 loading class java/io/Console$2 done
Event: 1.897 loading class javax/xml/stream/XMLStreamException
Event: 1.897 loading class javax/xml/stream/XMLStreamException done
Event: 1.897 loading class java/util/regex/PatternSyntaxException
Event: 1.897 loading class java/util/regex/PatternSyntaxException done
Event: 1.918 loading class org/xml/sax/SAXException
Event: 1.918 loading class org/xml/sax/SAXException done
Event: 1.918 loading class javax/xml/transform/Source
Event: 1.919 loading class javax/xml/transform/Source done
Event: 1.923 loading class java/io/NotSerializableException
Event: 1.923 loading class java/io/ObjectStreamException
Event: 1.923 loading class java/io/ObjectStreamException done
Event: 1.923 loading class java/io/NotSerializableException done


Dynamic libraries:
0x00007ff763160000 - 0x00007ff76316e000 	C:\Users\zd2N06\pleiades\java\17\bin\javaw.exe
0x00007ffca1010000 - 0x00007ffca1208000 	C:\WINDOWS\SYSTEM32\ntdll.dll
0x00007ffca0bd0000 - 0x00007ffca0c8f000 	C:\WINDOWS\System32\KERNEL32.DLL
0x00007ffc9ea40000 - 0x00007ffc9ed36000 	C:\WINDOWS\System32\KERNELBASE.dll
0x00007ffc9e780000 - 0x00007ffc9e880000 	C:\WINDOWS\System32\ucrtbase.dll
0x00007ffc93a70000 - 0x00007ffc93a88000 	C:\Users\zd2N06\pleiades\java\17\bin\jli.dll
0x00007ffca09b0000 - 0x00007ffca0b4d000 	C:\WINDOWS\System32\USER32.dll
0x00007ffc9ea10000 - 0x00007ffc9ea32000 	C:\WINDOWS\System32\win32u.dll
0x00007ffc9fb00000 - 0x00007ffc9fb2c000 	C:\WINDOWS\System32\GDI32.dll
0x00007ffc9e880000 - 0x00007ffc9e995000 	C:\WINDOWS\System32\gdi32full.dll
0x00007ffc9eea0000 - 0x00007ffc9ef3d000 	C:\WINDOWS\System32\msvcp_win.dll
0x00007ffc841b0000 - 0x00007ffc841c9000 	C:\Users\zd2N06\pleiades\java\17\bin\VCRUNTIME140.dll
0x00007ffc7ecc0000 - 0x00007ffc7ef5a000 	C:\WINDOWS\WinSxS\amd64_microsoft.windows.common-controls_6595b64144ccf1df_6.0.19041.1110_none_60b5254171f9507e\COMCTL32.dll
0x00007ffca0ed0000 - 0x00007ffca0f6e000 	C:\WINDOWS\System32\msvcrt.dll
0x00007ffc9f1a0000 - 0x00007ffc9f1d0000 	C:\WINDOWS\System32\IMM32.DLL
0x00007ffc939c0000 - 0x00007ffc939cc000 	C:\Users\zd2N06\pleiades\java\17\bin\vcruntime140_1.dll
0x00007ffc80bd0000 - 0x00007ffc80c61000 	C:\Users\zd2N06\pleiades\java\17\bin\msvcp140.dll
0x00007ffc5bd90000 - 0x00007ffc5c9d7000 	C:\Users\zd2N06\pleiades\java\17\bin\server\jvm.dll
0x00007ffca0ca0000 - 0x00007ffca0d4f000 	C:\WINDOWS\System32\ADVAPI32.dll
0x00007ffca0880000 - 0x00007ffca091c000 	C:\WINDOWS\System32\sechost.dll
0x00007ffca02e0000 - 0x00007ffca0406000 	C:\WINDOWS\System32\RPCRT4.dll
0x00007ffca0c90000 - 0x00007ffca0c98000 	C:\WINDOWS\System32\PSAPI.DLL
0x00007ffc978f0000 - 0x00007ffc978f9000 	C:\WINDOWS\SYSTEM32\WSOCK32.dll
0x00007ffc9f900000 - 0x00007ffc9f96b000 	C:\WINDOWS\System32\WS2_32.dll
0x00007ffc95c60000 - 0x00007ffc95c87000 	C:\WINDOWS\SYSTEM32\WINMM.dll
0x00007ffc97900000 - 0x00007ffc9790a000 	C:\WINDOWS\SYSTEM32\VERSION.dll
0x00007ffc9c3d0000 - 0x00007ffc9c3e2000 	C:\WINDOWS\SYSTEM32\kernel.appcore.dll
0x00007ffc954c0000 - 0x00007ffc954ca000 	C:\Users\zd2N06\pleiades\java\17\bin\jimage.dll
0x00007ffc8c880000 - 0x00007ffc8ca64000 	C:\WINDOWS\SYSTEM32\DBGHELP.DLL
0x00007ffc8cb50000 - 0x00007ffc8cb84000 	C:\WINDOWS\SYSTEM32\dbgcore.DLL
0x00007ffc9e6f0000 - 0x00007ffc9e772000 	C:\WINDOWS\System32\bcryptPrimitives.dll
0x00007ffc8be40000 - 0x00007ffc8be7b000 	C:\Users\zd2N06\pleiades\java\17\bin\jdwp.dll
0x00007ffc94b10000 - 0x00007ffc94b1e000 	C:\Users\zd2N06\pleiades\java\17\bin\instrument.dll
0x00007ffc85070000 - 0x00007ffc85095000 	C:\Users\zd2N06\pleiades\java\17\bin\java.dll
0x00007ffc825f0000 - 0x00007ffc826c6000 	C:\Users\zd2N06\pleiades\java\17\bin\jsvml.dll
0x00007ffc9fb90000 - 0x00007ffca02d4000 	C:\WINDOWS\System32\SHELL32.dll
0x00007ffc9c5d0000 - 0x00007ffc9cd63000 	C:\WINDOWS\SYSTEM32\windows.storage.dll
0x00007ffc9f5a0000 - 0x00007ffc9f8f4000 	C:\WINDOWS\System32\combase.dll
0x00007ffc9e130000 - 0x00007ffc9e15e000 	C:\WINDOWS\SYSTEM32\Wldp.dll
0x00007ffc9f4f0000 - 0x00007ffc9f59d000 	C:\WINDOWS\System32\SHCORE.dll
0x00007ffc9f460000 - 0x00007ffc9f4b5000 	C:\WINDOWS\System32\shlwapi.dll
0x00007ffc9e620000 - 0x00007ffc9e645000 	C:\WINDOWS\SYSTEM32\profapi.dll
0x00007ffc93a60000 - 0x00007ffc93a6c000 	C:\Users\zd2N06\pleiades\java\17\bin\dt_socket.dll
0x00007ffc9db10000 - 0x00007ffc9db4b000 	C:\WINDOWS\SYSTEM32\IPHLPAPI.DLL
0x00007ffc9de90000 - 0x00007ffc9defa000 	C:\WINDOWS\system32\mswsock.dll
0x00007ffc9db50000 - 0x00007ffc9dc1a000 	C:\WINDOWS\SYSTEM32\DNSAPI.dll
0x00007ffc9f4c0000 - 0x00007ffc9f4c8000 	C:\WINDOWS\System32\NSI.dll
0x00007ffc97450000 - 0x00007ffc9745a000 	C:\Windows\System32\rasadhlp.dll
0x00007ffc99bc0000 - 0x00007ffc99c42000 	C:\WINDOWS\System32\fwpuclnt.dll
0x00007ffc9ef40000 - 0x00007ffc9ef67000 	C:\WINDOWS\System32\bcrypt.dll
0x00007ffc8c7b0000 - 0x00007ffc8c7c8000 	C:\Users\zd2N06\pleiades\java\17\bin\zip.dll
0x00007ffc851d0000 - 0x00007ffc851e9000 	C:\Users\zd2N06\pleiades\java\17\bin\net.dll
0x00007ffc96150000 - 0x00007ffc9625a000 	C:\WINDOWS\SYSTEM32\WINHTTP.dll
0x00007ffc85050000 - 0x00007ffc85065000 	C:\Users\zd2N06\pleiades\java\17\bin\nio.dll
0x00007ffc959a0000 - 0x00007ffc959b0000 	C:\Users\zd2N06\pleiades\java\17\bin\verify.dll
0x00007ffc85650000 - 0x00007ffc85659000 	C:\Users\zd2N06\pleiades\java\17\bin\management.dll
0x00007ffc85020000 - 0x00007ffc8502b000 	C:\Users\zd2N06\pleiades\java\17\bin\management_ext.dll

dbghelp: loaded successfully - version: 4.0.5 - missing functions: none
symbol engine: initialized successfully - sym options: 0x614 - pdb path: .;C:\Users\zd2N06\pleiades\java\17\bin;C:\WINDOWS\SYSTEM32;C:\WINDOWS\WinSxS\amd64_microsoft.windows.common-controls_6595b64144ccf1df_6.0.19041.1110_none_60b5254171f9507e;C:\Users\zd2N06\pleiades\java\17\bin\server

VM Arguments:
jvm_args: -XX:+ShowCodeDetailsInExceptionMessages -agentlib:jdwp=transport=dt_socket,suspend=y,address=localhost:54552 -javaagent:C:\Users\zd2N06\pleiades\eclipse\configuration\org.eclipse.osgi\225\0\.cp\lib\javaagent-shaded.jar -Dfile.encoding=UTF-8 
java_command: com.example.app.BookMmarker2Application
java_class_path (initial): C:\Users\zd2N06\pleiades\workspace\BookMmarker2\target\classes;C:\Users\zd2N06\.m2\repository\org\springframework\boot\spring-boot-starter-thymeleaf\3.1.3\spring-boot-starter-thymeleaf-3.1.3.jar;C:\Users\zd2N06\.m2\repository\org\springframework\boot\spring-boot-starter\3.1.3\spring-boot-starter-3.1.3.jar;C:\Users\zd2N06\.m2\repository\org\springframework\boot\spring-boot-starter-logging\3.1.3\spring-boot-starter-logging-3.1.3.jar;C:\Users\zd2N06\.m2\repository\ch\qos\logback\logback-classic\1.4.11\logback-classic-1.4.11.jar;C:\Users\zd2N06\.m2\repository\ch\qos\logback\logback-core\1.4.11\logback-core-1.4.11.jar;C:\Users\zd2N06\.m2\repository\org\apache\logging\log4j\log4j-to-slf4j\2.20.0\log4j-to-slf4j-2.20.0.jar;C:\Users\zd2N06\.m2\repository\org\apache\logging\log4j\log4j-api\2.20.0\log4j-api-2.20.0.jar;C:\Users\zd2N06\.m2\repository\org\slf4j\jul-to-slf4j\2.0.7\jul-to-slf4j-2.0.7.jar;C:\Users\zd2N06\.m2\repository\jakarta\annotation\jakarta.annotation-api\2.1.1\jakarta.annotation-api-2.1.1.jar;C:\Users\zd2N06\.m2\repository\org\yaml\snakeyaml\1.33\snakeyaml-1.33.jar;C:\Users\zd2N06\.m2\repository\org\thymeleaf\thymeleaf-spring6\3.1.2.RELEASE\thymeleaf-spring6-3.1.2.RELEASE.jar;C:\Users\zd2N06\.m2\repository\org\thymeleaf\thymeleaf\3.1.2.RELEASE\thymeleaf-3.1.2.RELEASE.jar;C:\Users\zd2N06\.m2\repository\org\attoparser\attoparser\2.0.7.RELEASE\attoparser-2.0.7.RELEASE.jar;C:\Users\zd2N06\.m2\repository\org\unbescape\unbescape\1.1.6.RELEASE\unbescape-1.1.6.RELEASE.jar;C:\Users\zd2N06\.m2\repository\org\slf4j\slf4j-api\2.0.7\slf4j-api-2.0.7.jar;C:\Users\zd2N06\.m2\repository\org\springframework\boot\spring-boot-starter-validation\3.1.3\spring-boot-starter-validation-3.1.3.jar;C:\Users\zd2N06\.m2\repository\org\apache\tomcat\embed\tomcat-embed-el\10.1.12\tomcat-embed-el-10.1.12.jar;C:\Users\zd2N06\.m2\repository\org\hibernate\validator\hibernate-validator\8.0.1.Final\hibernate-validator-8.0.1.Final.jar;C:\Users\zd2N06\.m2\repository\jaka
Launcher Type: SUN_STANDARD

[Global flags]
     intx CICompilerCount                          = 3                                         {product} {ergonomic}
     uint ConcGCThreads                            = 1                                         {product} {ergonomic}
     uint G1ConcRefinementThreads                  = 4                                         {product} {ergonomic}
   size_t G1HeapRegionSize                         = 1048576                                   {product} {ergonomic}
    uintx GCDrainStackTargetSize                   = 64                                        {product} {ergonomic}
   size_t InitialHeapSize                          = 130023424                                 {product} {ergonomic}
   size_t MarkStackSize                            = 4194304                                   {product} {ergonomic}
   size_t MaxHeapSize                              = 2080374784                                {product} {ergonomic}
   size_t MaxNewSize                               = 1247805440                                {product} {ergonomic}
   size_t MinHeapDeltaBytes                        = 1048576                                   {product} {ergonomic}
   size_t MinHeapSize                              = 8388608                                   {product} {ergonomic}
    uintx NonNMethodCodeHeapSize                   = 5832780                                {pd product} {ergonomic}
    uintx NonProfiledCodeHeapSize                  = 122912730                              {pd product} {ergonomic}
    uintx ProfiledCodeHeapSize                     = 122912730                              {pd product} {ergonomic}
    uintx ReservedCodeCacheSize                    = 251658240                              {pd product} {ergonomic}
     bool SegmentedCodeCache                       = true                                      {product} {ergonomic}
     bool ShowCodeDetailsInExceptionMessages       = true                                   {manageable} {command line}
   size_t SoftMaxHeapSize                          = 2080374784                             {manageable} {ergonomic}
     bool UseCompressedClassPointers               = true                           {product lp64_product} {ergonomic}
     bool UseCompressedOops                        = true                           {product lp64_product} {ergonomic}
     bool UseG1GC                                  = true                                      {product} {ergonomic}
     bool UseLargePagesIndividualAllocation        = false                                  {pd product} {ergonomic}

Logging:
Log output configuration:
 #0: stdout all=warning uptime,level,tags
 #1: stderr all=off uptime,level,tags

Environment Variables:
JAVA_HOME=C:\Program Files\Java\jdk1.8.0_131
PATH=C:/Users/zd2N06/pleiades/java/17/bin/server;C:/Users/zd2N06/pleiades/java/17/bin;C:\Program Files\Common Files\Microsoft Shared\Windows Live;C:\Program Files (x86)\Common Files\Microsoft Shared\Windows Live;C:\WINDOWS\system32;C:\WINDOWS;C:\WINDOWS\System32\Wbem;C:\WINDOWS\System32\WindowsPowerShell\v1.0\;C:\Program Files (x86)\ATI Technologies\ATI.ACE\Core-Static;C:\Program Files (x86)\Windows Live\Shared;C:\Program Files\vim;C:\Program Files\Sublime Text 3;C:\Ruby23-x64\bin\;C:\ruby-2.4.0\bin\;C:\Users\zd2D28\AppData\Roaming\npm\;C:\Users\zd2D28\AppData\Local\Programs\Git\cmd;C:\WINDOWS\system32;C:\WINDOWS;C:\WINDOWS\System32\Wbem;C:\WINDOWS\System32\WindowsPowerShell\v1.0\;C:\WINDOWS\System32\OpenSSH\;D:\Program Files\Microsoft VS Code\bin;C:\Program Files\Git\cmd;C:\Program Files\nodejs\;C:\Users\zd2N06\AppData\Local\Microsoft\WindowsApps;C:\Users\zd2N06\Documents\Microsoft VS Code\bin;C:\Users\zd2N06\pleiades\eclipse;
USERNAME=zd2N06
OS=Windows_NT
PROCESSOR_IDENTIFIER=AMD64 Family 16 Model 4 Stepping 3, AuthenticAMD



---------------  S Y S T E M  ---------------

OS:
 Windows 10 , 64 bit Build 19041 (10.0.19041.3155)
OS uptime: 0 days 4:25 hours

CPU: total 4 (initial active 4) (4 cores per cpu, 1 threads per core) family 16 model 4 stepping 3 microcode 0x0, cx8, cmov, fxsr, mmx, 3dnowpref, sse, sse2, sse3, sse4a, popcnt, lzcnt, tsc, tscinvbit, clflush

Memory: 4k page, system-wide physical 7935M (1090M free)
TotalPageFile size 7935M (AvailPageFile size 5M)
current process WorkingSet (physical memory assigned to process): 157M, peak: 157M
current process commit charge ("private bytes"): 255M, peak: 255M

vm_info: OpenJDK 64-Bit Server VM (17.0.2+8) for windows-amd64 JRE (17.0.2+8), built on Jan 20 2022 04:52:34 by "" with MS VC++ 16.7 (VS2019)

END.
