#
# There is insufficient memory for the Java Runtime Environment to continue.
# Native memory allocation (mmap) failed to map 130023424 bytes for G1 virtual space
# Possible reasons:
#   The system is out of physical RAM or swap space
#   The process is running with CompressedOops enabled, and the Java Heap may be blocking the growth of the native heap
# Possible solutions:
#   Reduce memory load on the system
#   Increase physical memory or swap space
#   Check if swap backing store is full
#   Decrease Java heap size (-Xmx/-Xms)
#   Decrease number of Java threads
#   Decrease Java thread stack sizes (-Xss)
#   Set larger code cache with -XX:ReservedCodeCacheSize=
#   JVM is running with Unscaled Compressed Oops mode in which the Java heap is
#     placed in the first 4GB address space. The Java Heap base address is the
#     maximum limit for the native heap growth. Please use -XX:HeapBaseMinAddress
#     to set the Java Heap base and to place the Java Heap above 4GB virtual address.
# This output file may be truncated or incomplete.
#
#  Out of Memory Error (os_windows.cpp:3532), pid=2580, tid=10232
#
# JRE version:  (17.0.2+8) (build )
# Java VM: OpenJDK 64-Bit Server VM (17.0.2+8, mixed mode, sharing, tiered, compressed oops, compressed class ptrs, g1 gc, windows-amd64)
# No core dump will be written. Minidumps are not enabled by default on client versions of Windows
#

---------------  S U M M A R Y ------------

Command Line: -Dfile.encoding=UTF-8 -XX:+ShowCodeDetailsInExceptionMessages com.example.app.BookMmarker2Application

Host: AMD Phenom(tm) II X4 955 Processor, 4 cores, 7G,  Windows 10 , 64 bit Build 19041 (10.0.19041.3155)
Time: Tue Sep 19 12:58:22 2023  Windows 10 , 64 bit Build 19041 (10.0.19041.3155) elapsed time: 0.012919 seconds (0d 0h 0m 0s)

---------------  T H R E A D  ---------------

Current thread (0x000002371b2359b0):  JavaThread "Unknown thread" [_thread_in_vm, id=10232, stack(0x000000ef80b00000,0x000000ef80c00000)]

Stack: [0x000000ef80b00000,0x000000ef80c00000]
Native frames: (J=compiled Java code, j=interpreted, Vv=VM code, C=native code)
V  [jvm.dll+0x67564a]
V  [jvm.dll+0x82fc04]
V  [jvm.dll+0x8313ae]
V  [jvm.dll+0x831a13]
V  [jvm.dll+0x245235]
V  [jvm.dll+0x672539]
V  [jvm.dll+0x666e82]
V  [jvm.dll+0x30401b]
V  [jvm.dll+0x30b566]
V  [jvm.dll+0x35b1fe]
V  [jvm.dll+0x35b42f]
V  [jvm.dll+0x2daf58]
V  [jvm.dll+0x2dbec4]
V  [jvm.dll+0x801881]
V  [jvm.dll+0x368f81]
V  [jvm.dll+0x7e0cdc]
V  [jvm.dll+0x3eb8bf]
V  [jvm.dll+0x3ed441]
C  [jli.dll+0x5277]
C  [ucrtbase.dll+0x21bb2]
C  [KERNEL32.DLL+0x17614]
C  [ntdll.dll+0x526b1]


---------------  P R O C E S S  ---------------

Threads class SMR info:
_java_thread_list=0x00007ffc5c8a5e98, length=0, elements={
}

Java Threads: ( => current thread )

Other Threads:
  0x000002371b272970 GCTaskThread "GC Thread#0" [stack: 0x000000ef80c00000,0x000000ef80d00000] [id=10172]
  0x000002371b2830b0 ConcurrentGCThread "G1 Main Marker" [stack: 0x000000ef80d00000,0x000000ef80e00000] [id=7584]
  0x000002371b283ac0 ConcurrentGCThread "G1 Conc#0" [stack: 0x000000ef80e00000,0x000000ef80f00000] [id=4444]

[error occurred during error reporting (printing all threads), id 0xc0000005, EXCEPTION_ACCESS_VIOLATION (0xc0000005) at pc=0x00007ffc5c07b9d7]

VM state: not at safepoint (not fully initialized)

VM Mutex/Monitor currently owned by a thread:  ([mutex/lock_event])
[0x000002371b22f2b0] Heap_lock - owner thread: 0x000002371b2359b0

Heap address: 0x0000000084000000, size: 1984 MB, Compressed Oops mode: 32-bit

CDS archive(s) mapped at: [0x0000000000000000-0x0000000000000000-0x0000000000000000), size 0, SharedBaseAddress: 0x0000000800000000, ArchiveRelocationMode: 0.
Narrow klass base: 0x0000000000000000, Narrow klass shift: 0, Narrow klass range: 0x0

GC Precious Log:
<Empty>

Heap:
 garbage-first heap   total 0K, used 0K [0x0000000084000000, 0x0000000100000000)
  region size 1024K, 0 young (0K), 0 survivors (0K)

[error occurred during error reporting (printing heap information), id 0xc0000005, EXCEPTION_ACCESS_VIOLATION (0xc0000005) at pc=0x00007ffc5c45e899]

GC Heap History (0 events):
No events

Deoptimization events (0 events):
No events

Classes unloaded (0 events):
No events

Classes redefined (0 events):
No events

Internal exceptions (0 events):
No events

VM Operations (0 events):
No events

Events (1 events):
Event: 0.007 Loaded shared library C:\Users\zd2N06\pleiades\java\17\bin\java.dll


Dynamic libraries:
0x00007ff763160000 - 0x00007ff76316e000 	C:\Users\zd2N06\pleiades\java\17\bin\javaw.exe
0x00007ffca1010000 - 0x00007ffca1208000 	C:\WINDOWS\SYSTEM32\ntdll.dll
0x00007ffca0bd0000 - 0x00007ffca0c8f000 	C:\WINDOWS\System32\KERNEL32.DLL
0x00007ffc9ea40000 - 0x00007ffc9ed36000 	C:\WINDOWS\System32\KERNELBASE.dll
0x00007ffc9e780000 - 0x00007ffc9e880000 	C:\WINDOWS\System32\ucrtbase.dll
0x00007ffc93a70000 - 0x00007ffc93a88000 	C:\Users\zd2N06\pleiades\java\17\bin\jli.dll
0x00007ffca09b0000 - 0x00007ffca0b4d000 	C:\WINDOWS\System32\USER32.dll
0x00007ffc9ea10000 - 0x00007ffc9ea32000 	C:\WINDOWS\System32\win32u.dll
0x00007ffc9fb00000 - 0x00007ffc9fb2c000 	C:\WINDOWS\System32\GDI32.dll
0x00007ffc9e880000 - 0x00007ffc9e995000 	C:\WINDOWS\System32\gdi32full.dll
0x00007ffc9eea0000 - 0x00007ffc9ef3d000 	C:\WINDOWS\System32\msvcp_win.dll
0x00007ffc841b0000 - 0x00007ffc841c9000 	C:\Users\zd2N06\pleiades\java\17\bin\VCRUNTIME140.dll
0x00007ffc7ecc0000 - 0x00007ffc7ef5a000 	C:\WINDOWS\WinSxS\amd64_microsoft.windows.common-controls_6595b64144ccf1df_6.0.19041.1110_none_60b5254171f9507e\COMCTL32.dll
0x00007ffca0ed0000 - 0x00007ffca0f6e000 	C:\WINDOWS\System32\msvcrt.dll
0x00007ffc9f1a0000 - 0x00007ffc9f1d0000 	C:\WINDOWS\System32\IMM32.DLL
0x00007ffc939c0000 - 0x00007ffc939cc000 	C:\Users\zd2N06\pleiades\java\17\bin\vcruntime140_1.dll
0x00007ffc80bd0000 - 0x00007ffc80c61000 	C:\Users\zd2N06\pleiades\java\17\bin\msvcp140.dll
0x00007ffc5bd90000 - 0x00007ffc5c9d7000 	C:\Users\zd2N06\pleiades\java\17\bin\server\jvm.dll
0x00007ffca0ca0000 - 0x00007ffca0d4f000 	C:\WINDOWS\System32\ADVAPI32.dll
0x00007ffca0880000 - 0x00007ffca091c000 	C:\WINDOWS\System32\sechost.dll
0x00007ffca02e0000 - 0x00007ffca0406000 	C:\WINDOWS\System32\RPCRT4.dll
0x00007ffca0c90000 - 0x00007ffca0c98000 	C:\WINDOWS\System32\PSAPI.DLL
0x00007ffc978f0000 - 0x00007ffc978f9000 	C:\WINDOWS\SYSTEM32\WSOCK32.dll
0x00007ffc9f900000 - 0x00007ffc9f96b000 	C:\WINDOWS\System32\WS2_32.dll
0x00007ffc95c60000 - 0x00007ffc95c87000 	C:\WINDOWS\SYSTEM32\WINMM.dll
0x00007ffc97900000 - 0x00007ffc9790a000 	C:\WINDOWS\SYSTEM32\VERSION.dll
0x00007ffc9c3d0000 - 0x00007ffc9c3e2000 	C:\WINDOWS\SYSTEM32\kernel.appcore.dll
0x00007ffc954c0000 - 0x00007ffc954ca000 	C:\Users\zd2N06\pleiades\java\17\bin\jimage.dll
0x00007ffc8c880000 - 0x00007ffc8ca64000 	C:\WINDOWS\SYSTEM32\DBGHELP.DLL
0x00007ffc8cb50000 - 0x00007ffc8cb84000 	C:\WINDOWS\SYSTEM32\dbgcore.DLL
0x00007ffc9e6f0000 - 0x00007ffc9e772000 	C:\WINDOWS\System32\bcryptPrimitives.dll
0x00007ffc85070000 - 0x00007ffc85095000 	C:\Users\zd2N06\pleiades\java\17\bin\java.dll

dbghelp: loaded successfully - version: 4.0.5 - missing functions: none
symbol engine: initialized successfully - sym options: 0x614 - pdb path: .;C:\Users\zd2N06\pleiades\java\17\bin;C:\WINDOWS\SYSTEM32;C:\WINDOWS\WinSxS\amd64_microsoft.windows.common-controls_6595b64144ccf1df_6.0.19041.1110_none_60b5254171f9507e;C:\Users\zd2N06\pleiades\java\17\bin\server

VM Arguments:
jvm_args: -Dfile.encoding=UTF-8 -XX:+ShowCodeDetailsInExceptionMessages 
java_command: com.example.app.BookMmarker2Application
java_class_path (initial): C:\Users\zd2N06\pleiades\workspace\BookMmarker2\target\classes;C:\Users\zd2N06\.m2\repository\org\springframework\boot\spring-boot-starter-thymeleaf\3.1.3\spring-boot-starter-thymeleaf-3.1.3.jar;C:\Users\zd2N06\.m2\repository\org\springframework\boot\spring-boot-starter\3.1.3\spring-boot-starter-3.1.3.jar;C:\Users\zd2N06\.m2\repository\org\springframework\boot\spring-boot-starter-logging\3.1.3\spring-boot-starter-logging-3.1.3.jar;C:\Users\zd2N06\.m2\repository\ch\qos\logback\logback-classic\1.4.11\logback-classic-1.4.11.jar;C:\Users\zd2N06\.m2\repository\ch\qos\logback\logback-core\1.4.11\logback-core-1.4.11.jar;C:\Users\zd2N06\.m2\repository\org\apache\logging\log4j\log4j-to-slf4j\2.20.0\log4j-to-slf4j-2.20.0.jar;C:\Users\zd2N06\.m2\repository\org\apache\logging\log4j\log4j-api\2.20.0\log4j-api-2.20.0.jar;C:\Users\zd2N06\.m2\repository\org\slf4j\jul-to-slf4j\2.0.7\jul-to-slf4j-2.0.7.jar;C:\Users\zd2N06\.m2\repository\jakarta\annotation\jakarta.annotation-api\2.1.1\jakarta.annotation-api-2.1.1.jar;C:\Users\zd2N06\.m2\repository\org\yaml\snakeyaml\1.33\snakeyaml-1.33.jar;C:\Users\zd2N06\.m2\repository\org\thymeleaf\thymeleaf-spring6\3.1.2.RELEASE\thymeleaf-spring6-3.1.2.RELEASE.jar;C:\Users\zd2N06\.m2\repository\org\thymeleaf\thymeleaf\3.1.2.RELEASE\thymeleaf-3.1.2.RELEASE.jar;C:\Users\zd2N06\.m2\repository\org\attoparser\attoparser\2.0.7.RELEASE\attoparser-2.0.7.RELEASE.jar;C:\Users\zd2N06\.m2\repository\org\unbescape\unbescape\1.1.6.RELEASE\unbescape-1.1.6.RELEASE.jar;C:\Users\zd2N06\.m2\repository\org\slf4j\slf4j-api\2.0.7\slf4j-api-2.0.7.jar;C:\Users\zd2N06\.m2\repository\org\springframework\boot\spring-boot-starter-validation\3.1.3\spring-boot-starter-validation-3.1.3.jar;C:\Users\zd2N06\.m2\repository\org\apache\tomcat\embed\tomcat-embed-el\10.1.12\tomcat-embed-el-10.1.12.jar;C:\Users\zd2N06\.m2\repository\org\hibernate\validator\hibernate-validator\8.0.1.Final\hibernate-validator-8.0.1.Final.jar;C:\Users\zd2N06\.m2\repository\jaka
Launcher Type: SUN_STANDARD

[Global flags]
     intx CICompilerCount                          = 3                                         {product} {ergonomic}
     uint ConcGCThreads                            = 1                                         {product} {ergonomic}
     uint G1ConcRefinementThreads                  = 4                                         {product} {ergonomic}
   size_t G1HeapRegionSize                         = 1048576                                   {product} {ergonomic}
    uintx GCDrainStackTargetSize                   = 64                                        {product} {ergonomic}
   size_t InitialHeapSize                          = 130023424                                 {product} {ergonomic}
   size_t MarkStackSize                            = 4194304                                   {product} {ergonomic}
   size_t MaxHeapSize                              = 2080374784                                {product} {ergonomic}
   size_t MinHeapDeltaBytes                        = 1048576                                   {product} {ergonomic}
   size_t MinHeapSize                              = 8388608                                   {product} {ergonomic}
    uintx NonNMethodCodeHeapSize                   = 5832780                                {pd product} {ergonomic}
    uintx NonProfiledCodeHeapSize                  = 122912730                              {pd product} {ergonomic}
    uintx ProfiledCodeHeapSize                     = 122912730                              {pd product} {ergonomic}
    uintx ReservedCodeCacheSize                    = 251658240                              {pd product} {ergonomic}
     bool SegmentedCodeCache                       = true                                      {product} {ergonomic}
     bool ShowCodeDetailsInExceptionMessages       = true                                   {manageable} {command line}
   size_t SoftMaxHeapSize                          = 2080374784                             {manageable} {ergonomic}
     bool UseCompressedClassPointers               = true                           {product lp64_product} {ergonomic}
     bool UseCompressedOops                        = true                           {product lp64_product} {ergonomic}
     bool UseG1GC                                  = true                                      {product} {ergonomic}
     bool UseLargePagesIndividualAllocation        = false                                  {pd product} {ergonomic}

Logging:
Log output configuration:
 #0: stdout all=warning uptime,level,tags
 #1: stderr all=off uptime,level,tags

Environment Variables:
JAVA_HOME=C:\Program Files\Java\jdk1.8.0_131
PATH=C:/Users/zd2N06/pleiades/java/17/bin/server;C:/Users/zd2N06/pleiades/java/17/bin;C:\Program Files\Common Files\Microsoft Shared\Windows Live;C:\Program Files (x86)\Common Files\Microsoft Shared\Windows Live;C:\WINDOWS\system32;C:\WINDOWS;C:\WINDOWS\System32\Wbem;C:\WINDOWS\System32\WindowsPowerShell\v1.0\;C:\Program Files (x86)\ATI Technologies\ATI.ACE\Core-Static;C:\Program Files (x86)\Windows Live\Shared;C:\Program Files\vim;C:\Program Files\Sublime Text 3;C:\Ruby23-x64\bin\;C:\ruby-2.4.0\bin\;C:\Users\zd2D28\AppData\Roaming\npm\;C:\Users\zd2D28\AppData\Local\Programs\Git\cmd;C:\WINDOWS\system32;C:\WINDOWS;C:\WINDOWS\System32\Wbem;C:\WINDOWS\System32\WindowsPowerShell\v1.0\;C:\WINDOWS\System32\OpenSSH\;D:\Program Files\Microsoft VS Code\bin;C:\Program Files\Git\cmd;C:\Program Files\nodejs\;C:\Users\zd2N06\AppData\Local\Microsoft\WindowsApps;C:\Users\zd2N06\Documents\Microsoft VS Code\bin;C:\Users\zd2N06\pleiades\eclipse;
USERNAME=zd2N06
OS=Windows_NT
PROCESSOR_IDENTIFIER=AMD64 Family 16 Model 4 Stepping 3, AuthenticAMD



---------------  S Y S T E M  ---------------

OS:
 Windows 10 , 64 bit Build 19041 (10.0.19041.3155)
OS uptime: 0 days 4:25 hours

CPU: total 4 (initial active 4) (4 cores per cpu, 1 threads per core) family 16 model 4 stepping 3 microcode 0x0, cx8, cmov, fxsr, mmx, 3dnowpref, sse, sse2, sse3, sse4a, popcnt, lzcnt, tsc, tscinvbit, clflush

Memory: 4k page, system-wide physical 7935M (1166M free)
TotalPageFile size 7935M (AvailPageFile size 122M)
current process WorkingSet (physical memory assigned to process): 10M, peak: 10M
current process commit charge ("private bytes"): 51M, peak: 175M

vm_info: OpenJDK 64-Bit Server VM (17.0.2+8) for windows-amd64 JRE (17.0.2+8), built on Jan 20 2022 04:52:34 by "" with MS VC++ 16.7 (VS2019)

END.
