#
# There is insufficient memory for the Java Runtime Environment to continue.
# Native memory allocation (malloc) failed to allocate 32744 bytes for ChunkPool::allocate
# Possible reasons:
#   The system is out of physical RAM or swap space
#   The process is running with CompressedOops enabled, and the Java Heap may be blocking the growth of the native heap
# Possible solutions:
#   Reduce memory load on the system
#   Increase physical memory or swap space
#   Check if swap backing store is full
#   Decrease Java heap size (-Xmx/-Xms)
#   Decrease number of Java threads
#   Decrease Java thread stack sizes (-Xss)
#   Set larger code cache with -XX:ReservedCodeCacheSize=
#   JVM is running with Unscaled Compressed Oops mode in which the Java heap is
#     placed in the first 4GB address space. The Java Heap base address is the
#     maximum limit for the native heap growth. Please use -XX:HeapBaseMinAddress
#     to set the Java Heap base and to place the Java Heap above 4GB virtual address.
# This output file may be truncated or incomplete.
#
#  Out of Memory Error (arena.cpp:78), pid=3740, tid=1096
#
# JRE version: OpenJDK Runtime Environment Temurin-17.0.2+8 (17.0.2+8) (build 17.0.2+8)
# Java VM: OpenJDK 64-Bit Server VM Temurin-17.0.2+8 (17.0.2+8, mixed mode, tiered, compressed oops, compressed class ptrs, g1 gc, windows-amd64)
# No core dump will be written. Minidumps are not enabled by default on client versions of Windows
#

---------------  S U M M A R Y ------------

Command Line: C:\Users\zd2N06\AppData\Local\Temp\surefire12785790378634557188\surefirebooter-20231003150803022_3.jar C:\Users\zd2N06\AppData\Local\Temp\surefire12785790378634557188 2023-10-03T15-08-02_715-jvmRun1 surefire-20231003150803022_1tmp surefire_0-20231003150803022_2tmp

Host: AMD Phenom(tm) II X4 955 Processor, 4 cores, 7G,  Windows 10 , 64 bit Build 19041 (10.0.19041.3155)
Time: Tue Oct  3 15:08:03 2023  Windows 10 , 64 bit Build 19041 (10.0.19041.3155) elapsed time: 0.103998 seconds (0d 0h 0m 0s)

---------------  T H R E A D  ---------------

Current thread (0x000001d3df81caf0):  JavaThread "main" [_thread_in_vm, id=1096, stack(0x000000547fb00000,0x000000547fc00000)]

Stack: [0x000000547fb00000,0x000000547fc00000]
Native frames: (J=compiled Java code, j=interpreted, Vv=VM code, C=native code)
V  [jvm.dll+0x67564a]
V  [jvm.dll+0x82fc04]
V  [jvm.dll+0x8313ae]
V  [jvm.dll+0x831a13]
V  [jvm.dll+0x245235]
V  [jvm.dll+0xabfc0]
V  [jvm.dll+0xac30c]
V  [jvm.dll+0x1f1e0a]
V  [jvm.dll+0x1f0a52]
V  [jvm.dll+0x7aa1bb]
V  [jvm.dll+0x7ab562]
V  [jvm.dll+0x7ab898]
V  [jvm.dll+0x23d51e]
V  [jvm.dll+0x37eea6]
C  0x000001d3e730b2fd

Java frames: (J=compiled Java code, j=interpreted, Vv=VM code)
j  jdk.internal.module.SystemModules$default.moduleHashes()[Ljdk/internal/module/ModuleHashes;+2 java.base
j  jdk.internal.module.SystemModuleFinders.of(Ljdk/internal/module/SystemModules;)Ljava/lang/module/ModuleFinder;+15 java.base
j  jdk.internal.module.ModuleBootstrap.boot2()Ljava/lang/ModuleLayer;+240 java.base
j  jdk.internal.module.ModuleBootstrap.boot()Ljava/lang/ModuleLayer;+64 java.base
j  java.lang.System.initPhase2(ZZ)I+0 java.base
v  ~StubRoutines::call_stub

---------------  P R O C E S S  ---------------

Threads class SMR info:
_java_thread_list=0x000001d3801ea2a0, length=10, elements={
0x000001d3df81caf0, 0x000001d3801b8960, 0x000001d3801bbdf0, 0x000001d3801fc550,
0x000001d3801fdf10, 0x000001d3801fead0, 0x000001d3801c8dc0, 0x000001d3801c9d60,
0x000001d380c30090, 0x000001d380c3cea0
}

Java Threads: ( => current thread )
=>0x000001d3df81caf0 JavaThread "main" [_thread_in_vm, id=1096, stack(0x000000547fb00000,0x000000547fc00000)]
  0x000001d3801b8960 JavaThread "Reference Handler" daemon [_thread_blocked, id=7896, stack(0x0000005400200000,0x0000005400300000)]
  0x000001d3801bbdf0 JavaThread "Finalizer" daemon [_thread_blocked, id=9168, stack(0x0000005400300000,0x0000005400400000)]
  0x000001d3801fc550 JavaThread "Signal Dispatcher" daemon [_thread_blocked, id=11980, stack(0x0000005400400000,0x0000005400500000)]
  0x000001d3801fdf10 JavaThread "Attach Listener" daemon [_thread_blocked, id=11464, stack(0x0000005400500000,0x0000005400600000)]
  0x000001d3801fead0 JavaThread "Service Thread" daemon [_thread_blocked, id=6720, stack(0x0000005400600000,0x0000005400700000)]
  0x000001d3801c8dc0 JavaThread "Monitor Deflation Thread" daemon [_thread_blocked, id=9772, stack(0x0000005400700000,0x0000005400800000)]
  0x000001d3801c9d60 JavaThread "C2 CompilerThread0" daemon [_thread_in_native, id=12032, stack(0x0000005400800000,0x0000005400900000)]
  0x000001d380c30090 JavaThread "C1 CompilerThread0" daemon [_thread_blocked, id=7032, stack(0x0000005400900000,0x0000005400a00000)]
  0x000001d380c3cea0 JavaThread "Sweeper thread" daemon [_thread_blocked, id=1132, stack(0x0000005400a00000,0x0000005400b00000)]

Other Threads:
  0x000001d38013aa90 VMThread "VM Thread" [stack: 0x0000005400100000,0x0000005400200000] [id=9700]
  0x000001d3df859ec0 GCTaskThread "GC Thread#0" [stack: 0x000000547fc00000,0x000000547fd00000] [id=7664]
  0x000001d3df86a600 ConcurrentGCThread "G1 Main Marker" [stack: 0x000000547fd00000,0x000000547fe00000] [id=6620]
  0x000001d3df86b010 ConcurrentGCThread "G1 Conc#0" [stack: 0x000000547fe00000,0x000000547ff00000] [id=968]
  0x000001d3df8db630 ConcurrentGCThread "G1 Refine#0" [stack: 0x000000547ff00000,0x0000005480000000] [id=6480]
  0x000001d3df8dc050 ConcurrentGCThread "G1 Service" [stack: 0x0000005400000000,0x0000005400100000] [id=9340]

Threads with active compile tasks:
C2 CompilerThread0      116   16       4       java.lang.StringLatin1::hashCode (42 bytes)

VM state: not at safepoint (normal execution)

VM Mutex/Monitor currently owned by a thread: None

Heap address: 0x0000000084000000, size: 1984 MB, Compressed Oops mode: 32-bit

CDS archive(s) not mapped
Compressed class space mapped at: 0x0000000100000000-0x0000000140000000, reserved size: 1073741824
Narrow klass base: 0x0000000000000000, Narrow klass shift: 3, Narrow klass range: 0x140000000

GC Precious Log:
 CPUs: 4 total, 4 available
 Memory: 7935M
 Large Page Support: Disabled
 NUMA Support: Disabled
 Compressed Oops: Enabled (32-bit)
 Heap Region Size: 1M
 Heap Min Capacity: 8M
 Heap Initial Capacity: 124M
 Heap Max Capacity: 1984M
 Pre-touch: Disabled
 Parallel Workers: 4
 Concurrent Workers: 1
 Concurrent Refinement Workers: 4
 Periodic GC: Disabled

Heap:
 garbage-first heap   total 126976K, used 0K [0x0000000084000000, 0x0000000100000000)
  region size 1024K, 1 young (1024K), 0 survivors (0K)
 Metaspace       used 3089K, committed 3136K, reserved 1056768K
  class space    used 234K, committed 256K, reserved 1048576K

Heap Regions: E=young(eden), S=young(survivor), O=old, HS=humongous(starts), HC=humongous(continues), CS=collection set, F=free, OA=open archive, CA=closed archive, TAMS=top-at-mark-start (previous, next)
|   0|0x0000000084000000, 0x0000000084000000, 0x0000000084100000|  0%| F|  |TAMS 0x0000000084000000, 0x0000000084000000| Untracked 
|   1|0x0000000084100000, 0x0000000084100000, 0x0000000084200000|  0%| F|  |TAMS 0x0000000084100000, 0x0000000084100000| Untracked 
|   2|0x0000000084200000, 0x0000000084200000, 0x0000000084300000|  0%| F|  |TAMS 0x0000000084200000, 0x0000000084200000| Untracked 
|   3|0x0000000084300000, 0x0000000084300000, 0x0000000084400000|  0%| F|  |TAMS 0x0000000084300000, 0x0000000084300000| Untracked 
|   4|0x0000000084400000, 0x0000000084400000, 0x0000000084500000|  0%| F|  |TAMS 0x0000000084400000, 0x0000000084400000| Untracked 
|   5|0x0000000084500000, 0x0000000084500000, 0x0000000084600000|  0%| F|  |TAMS 0x0000000084500000, 0x0000000084500000| Untracked 
|   6|0x0000000084600000, 0x0000000084600000, 0x0000000084700000|  0%| F|  |TAMS 0x0000000084600000, 0x0000000084600000| Untracked 
|   7|0x0000000084700000, 0x0000000084700000, 0x0000000084800000|  0%| F|  |TAMS 0x0000000084700000, 0x0000000084700000| Untracked 
|   8|0x0000000084800000, 0x0000000084800000, 0x0000000084900000|  0%| F|  |TAMS 0x0000000084800000, 0x0000000084800000| Untracked 
|   9|0x0000000084900000, 0x0000000084900000, 0x0000000084a00000|  0%| F|  |TAMS 0x0000000084900000, 0x0000000084900000| Untracked 
|  10|0x0000000084a00000, 0x0000000084a00000, 0x0000000084b00000|  0%| F|  |TAMS 0x0000000084a00000, 0x0000000084a00000| Untracked 
|  11|0x0000000084b00000, 0x0000000084b00000, 0x0000000084c00000|  0%| F|  |TAMS 0x0000000084b00000, 0x0000000084b00000| Untracked 
|  12|0x0000000084c00000, 0x0000000084c00000, 0x0000000084d00000|  0%| F|  |TAMS 0x0000000084c00000, 0x0000000084c00000| Untracked 
|  13|0x0000000084d00000, 0x0000000084d00000, 0x0000000084e00000|  0%| F|  |TAMS 0x0000000084d00000, 0x0000000084d00000| Untracked 
|  14|0x0000000084e00000, 0x0000000084e00000, 0x0000000084f00000|  0%| F|  |TAMS 0x0000000084e00000, 0x0000000084e00000| Untracked 
|  15|0x0000000084f00000, 0x0000000084f00000, 0x0000000085000000|  0%| F|  |TAMS 0x0000000084f00000, 0x0000000084f00000| Untracked 
|  16|0x0000000085000000, 0x0000000085000000, 0x0000000085100000|  0%| F|  |TAMS 0x0000000085000000, 0x0000000085000000| Untracked 
|  17|0x0000000085100000, 0x0000000085100000, 0x0000000085200000|  0%| F|  |TAMS 0x0000000085100000, 0x0000000085100000| Untracked 
|  18|0x0000000085200000, 0x0000000085200000, 0x0000000085300000|  0%| F|  |TAMS 0x0000000085200000, 0x0000000085200000| Untracked 
|  19|0x0000000085300000, 0x0000000085300000, 0x0000000085400000|  0%| F|  |TAMS 0x0000000085300000, 0x0000000085300000| Untracked 
|  20|0x0000000085400000, 0x0000000085400000, 0x0000000085500000|  0%| F|  |TAMS 0x0000000085400000, 0x0000000085400000| Untracked 
|  21|0x0000000085500000, 0x0000000085500000, 0x0000000085600000|  0%| F|  |TAMS 0x0000000085500000, 0x0000000085500000| Untracked 
|  22|0x0000000085600000, 0x0000000085600000, 0x0000000085700000|  0%| F|  |TAMS 0x0000000085600000, 0x0000000085600000| Untracked 
|  23|0x0000000085700000, 0x0000000085700000, 0x0000000085800000|  0%| F|  |TAMS 0x0000000085700000, 0x0000000085700000| Untracked 
|  24|0x0000000085800000, 0x0000000085800000, 0x0000000085900000|  0%| F|  |TAMS 0x0000000085800000, 0x0000000085800000| Untracked 
|  25|0x0000000085900000, 0x0000000085900000, 0x0000000085a00000|  0%| F|  |TAMS 0x0000000085900000, 0x0000000085900000| Untracked 
|  26|0x0000000085a00000, 0x0000000085a00000, 0x0000000085b00000|  0%| F|  |TAMS 0x0000000085a00000, 0x0000000085a00000| Untracked 
|  27|0x0000000085b00000, 0x0000000085b00000, 0x0000000085c00000|  0%| F|  |TAMS 0x0000000085b00000, 0x0000000085b00000| Untracked 
|  28|0x0000000085c00000, 0x0000000085c00000, 0x0000000085d00000|  0%| F|  |TAMS 0x0000000085c00000, 0x0000000085c00000| Untracked 
|  29|0x0000000085d00000, 0x0000000085d00000, 0x0000000085e00000|  0%| F|  |TAMS 0x0000000085d00000, 0x0000000085d00000| Untracked 
|  30|0x0000000085e00000, 0x0000000085e00000, 0x0000000085f00000|  0%| F|  |TAMS 0x0000000085e00000, 0x0000000085e00000| Untracked 
|  31|0x0000000085f00000, 0x0000000085f00000, 0x0000000086000000|  0%| F|  |TAMS 0x0000000085f00000, 0x0000000085f00000| Untracked 
|  32|0x0000000086000000, 0x0000000086000000, 0x0000000086100000|  0%| F|  |TAMS 0x0000000086000000, 0x0000000086000000| Untracked 
|  33|0x0000000086100000, 0x0000000086100000, 0x0000000086200000|  0%| F|  |TAMS 0x0000000086100000, 0x0000000086100000| Untracked 
|  34|0x0000000086200000, 0x0000000086200000, 0x0000000086300000|  0%| F|  |TAMS 0x0000000086200000, 0x0000000086200000| Untracked 
|  35|0x0000000086300000, 0x0000000086300000, 0x0000000086400000|  0%| F|  |TAMS 0x0000000086300000, 0x0000000086300000| Untracked 
|  36|0x0000000086400000, 0x0000000086400000, 0x0000000086500000|  0%| F|  |TAMS 0x0000000086400000, 0x0000000086400000| Untracked 
|  37|0x0000000086500000, 0x0000000086500000, 0x0000000086600000|  0%| F|  |TAMS 0x0000000086500000, 0x0000000086500000| Untracked 
|  38|0x0000000086600000, 0x0000000086600000, 0x0000000086700000|  0%| F|  |TAMS 0x0000000086600000, 0x0000000086600000| Untracked 
|  39|0x0000000086700000, 0x0000000086700000, 0x0000000086800000|  0%| F|  |TAMS 0x0000000086700000, 0x0000000086700000| Untracked 
|  40|0x0000000086800000, 0x0000000086800000, 0x0000000086900000|  0%| F|  |TAMS 0x0000000086800000, 0x0000000086800000| Untracked 
|  41|0x0000000086900000, 0x0000000086900000, 0x0000000086a00000|  0%| F|  |TAMS 0x0000000086900000, 0x0000000086900000| Untracked 
|  42|0x0000000086a00000, 0x0000000086a00000, 0x0000000086b00000|  0%| F|  |TAMS 0x0000000086a00000, 0x0000000086a00000| Untracked 
|  43|0x0000000086b00000, 0x0000000086b00000, 0x0000000086c00000|  0%| F|  |TAMS 0x0000000086b00000, 0x0000000086b00000| Untracked 
|  44|0x0000000086c00000, 0x0000000086c00000, 0x0000000086d00000|  0%| F|  |TAMS 0x0000000086c00000, 0x0000000086c00000| Untracked 
|  45|0x0000000086d00000, 0x0000000086d00000, 0x0000000086e00000|  0%| F|  |TAMS 0x0000000086d00000, 0x0000000086d00000| Untracked 
|  46|0x0000000086e00000, 0x0000000086e00000, 0x0000000086f00000|  0%| F|  |TAMS 0x0000000086e00000, 0x0000000086e00000| Untracked 
|  47|0x0000000086f00000, 0x0000000086f00000, 0x0000000087000000|  0%| F|  |TAMS 0x0000000086f00000, 0x0000000086f00000| Untracked 
|  48|0x0000000087000000, 0x0000000087000000, 0x0000000087100000|  0%| F|  |TAMS 0x0000000087000000, 0x0000000087000000| Untracked 
|  49|0x0000000087100000, 0x0000000087100000, 0x0000000087200000|  0%| F|  |TAMS 0x0000000087100000, 0x0000000087100000| Untracked 
|  50|0x0000000087200000, 0x0000000087200000, 0x0000000087300000|  0%| F|  |TAMS 0x0000000087200000, 0x0000000087200000| Untracked 
|  51|0x0000000087300000, 0x0000000087300000, 0x0000000087400000|  0%| F|  |TAMS 0x0000000087300000, 0x0000000087300000| Untracked 
|  52|0x0000000087400000, 0x0000000087400000, 0x0000000087500000|  0%| F|  |TAMS 0x0000000087400000, 0x0000000087400000| Untracked 
|  53|0x0000000087500000, 0x0000000087500000, 0x0000000087600000|  0%| F|  |TAMS 0x0000000087500000, 0x0000000087500000| Untracked 
|  54|0x0000000087600000, 0x0000000087600000, 0x0000000087700000|  0%| F|  |TAMS 0x0000000087600000, 0x0000000087600000| Untracked 
|  55|0x0000000087700000, 0x0000000087700000, 0x0000000087800000|  0%| F|  |TAMS 0x0000000087700000, 0x0000000087700000| Untracked 
|  56|0x0000000087800000, 0x0000000087800000, 0x0000000087900000|  0%| F|  |TAMS 0x0000000087800000, 0x0000000087800000| Untracked 
|  57|0x0000000087900000, 0x0000000087900000, 0x0000000087a00000|  0%| F|  |TAMS 0x0000000087900000, 0x0000000087900000| Untracked 
|  58|0x0000000087a00000, 0x0000000087a00000, 0x0000000087b00000|  0%| F|  |TAMS 0x0000000087a00000, 0x0000000087a00000| Untracked 
|  59|0x0000000087b00000, 0x0000000087b00000, 0x0000000087c00000|  0%| F|  |TAMS 0x0000000087b00000, 0x0000000087b00000| Untracked 
|  60|0x0000000087c00000, 0x0000000087c00000, 0x0000000087d00000|  0%| F|  |TAMS 0x0000000087c00000, 0x0000000087c00000| Untracked 
|  61|0x0000000087d00000, 0x0000000087d00000, 0x0000000087e00000|  0%| F|  |TAMS 0x0000000087d00000, 0x0000000087d00000| Untracked 
|  62|0x0000000087e00000, 0x0000000087e00000, 0x0000000087f00000|  0%| F|  |TAMS 0x0000000087e00000, 0x0000000087e00000| Untracked 
|  63|0x0000000087f00000, 0x0000000087f00000, 0x0000000088000000|  0%| F|  |TAMS 0x0000000087f00000, 0x0000000087f00000| Untracked 
|  64|0x0000000088000000, 0x0000000088000000, 0x0000000088100000|  0%| F|  |TAMS 0x0000000088000000, 0x0000000088000000| Untracked 
|  65|0x0000000088100000, 0x0000000088100000, 0x0000000088200000|  0%| F|  |TAMS 0x0000000088100000, 0x0000000088100000| Untracked 
|  66|0x0000000088200000, 0x0000000088200000, 0x0000000088300000|  0%| F|  |TAMS 0x0000000088200000, 0x0000000088200000| Untracked 
|  67|0x0000000088300000, 0x0000000088300000, 0x0000000088400000|  0%| F|  |TAMS 0x0000000088300000, 0x0000000088300000| Untracked 
|  68|0x0000000088400000, 0x0000000088400000, 0x0000000088500000|  0%| F|  |TAMS 0x0000000088400000, 0x0000000088400000| Untracked 
|  69|0x0000000088500000, 0x0000000088500000, 0x0000000088600000|  0%| F|  |TAMS 0x0000000088500000, 0x0000000088500000| Untracked 
|  70|0x0000000088600000, 0x0000000088600000, 0x0000000088700000|  0%| F|  |TAMS 0x0000000088600000, 0x0000000088600000| Untracked 
|  71|0x0000000088700000, 0x0000000088700000, 0x0000000088800000|  0%| F|  |TAMS 0x0000000088700000, 0x0000000088700000| Untracked 
|  72|0x0000000088800000, 0x0000000088800000, 0x0000000088900000|  0%| F|  |TAMS 0x0000000088800000, 0x0000000088800000| Untracked 
|  73|0x0000000088900000, 0x0000000088900000, 0x0000000088a00000|  0%| F|  |TAMS 0x0000000088900000, 0x0000000088900000| Untracked 
|  74|0x0000000088a00000, 0x0000000088a00000, 0x0000000088b00000|  0%| F|  |TAMS 0x0000000088a00000, 0x0000000088a00000| Untracked 
|  75|0x0000000088b00000, 0x0000000088b00000, 0x0000000088c00000|  0%| F|  |TAMS 0x0000000088b00000, 0x0000000088b00000| Untracked 
|  76|0x0000000088c00000, 0x0000000088c00000, 0x0000000088d00000|  0%| F|  |TAMS 0x0000000088c00000, 0x0000000088c00000| Untracked 
|  77|0x0000000088d00000, 0x0000000088d00000, 0x0000000088e00000|  0%| F|  |TAMS 0x0000000088d00000, 0x0000000088d00000| Untracked 
|  78|0x0000000088e00000, 0x0000000088e00000, 0x0000000088f00000|  0%| F|  |TAMS 0x0000000088e00000, 0x0000000088e00000| Untracked 
|  79|0x0000000088f00000, 0x0000000088f00000, 0x0000000089000000|  0%| F|  |TAMS 0x0000000088f00000, 0x0000000088f00000| Untracked 
|  80|0x0000000089000000, 0x0000000089000000, 0x0000000089100000|  0%| F|  |TAMS 0x0000000089000000, 0x0000000089000000| Untracked 
|  81|0x0000000089100000, 0x0000000089100000, 0x0000000089200000|  0%| F|  |TAMS 0x0000000089100000, 0x0000000089100000| Untracked 
|  82|0x0000000089200000, 0x0000000089200000, 0x0000000089300000|  0%| F|  |TAMS 0x0000000089200000, 0x0000000089200000| Untracked 
|  83|0x0000000089300000, 0x0000000089300000, 0x0000000089400000|  0%| F|  |TAMS 0x0000000089300000, 0x0000000089300000| Untracked 
|  84|0x0000000089400000, 0x0000000089400000, 0x0000000089500000|  0%| F|  |TAMS 0x0000000089400000, 0x0000000089400000| Untracked 
|  85|0x0000000089500000, 0x0000000089500000, 0x0000000089600000|  0%| F|  |TAMS 0x0000000089500000, 0x0000000089500000| Untracked 
|  86|0x0000000089600000, 0x0000000089600000, 0x0000000089700000|  0%| F|  |TAMS 0x0000000089600000, 0x0000000089600000| Untracked 
|  87|0x0000000089700000, 0x0000000089700000, 0x0000000089800000|  0%| F|  |TAMS 0x0000000089700000, 0x0000000089700000| Untracked 
|  88|0x0000000089800000, 0x0000000089800000, 0x0000000089900000|  0%| F|  |TAMS 0x0000000089800000, 0x0000000089800000| Untracked 
|  89|0x0000000089900000, 0x0000000089900000, 0x0000000089a00000|  0%| F|  |TAMS 0x0000000089900000, 0x0000000089900000| Untracked 
|  90|0x0000000089a00000, 0x0000000089a00000, 0x0000000089b00000|  0%| F|  |TAMS 0x0000000089a00000, 0x0000000089a00000| Untracked 
|  91|0x0000000089b00000, 0x0000000089b00000, 0x0000000089c00000|  0%| F|  |TAMS 0x0000000089b00000, 0x0000000089b00000| Untracked 
|  92|0x0000000089c00000, 0x0000000089c00000, 0x0000000089d00000|  0%| F|  |TAMS 0x0000000089c00000, 0x0000000089c00000| Untracked 
|  93|0x0000000089d00000, 0x0000000089d00000, 0x0000000089e00000|  0%| F|  |TAMS 0x0000000089d00000, 0x0000000089d00000| Untracked 
|  94|0x0000000089e00000, 0x0000000089e00000, 0x0000000089f00000|  0%| F|  |TAMS 0x0000000089e00000, 0x0000000089e00000| Untracked 
|  95|0x0000000089f00000, 0x0000000089f00000, 0x000000008a000000|  0%| F|  |TAMS 0x0000000089f00000, 0x0000000089f00000| Untracked 
|  96|0x000000008a000000, 0x000000008a000000, 0x000000008a100000|  0%| F|  |TAMS 0x000000008a000000, 0x000000008a000000| Untracked 
|  97|0x000000008a100000, 0x000000008a100000, 0x000000008a200000|  0%| F|  |TAMS 0x000000008a100000, 0x000000008a100000| Untracked 
|  98|0x000000008a200000, 0x000000008a200000, 0x000000008a300000|  0%| F|  |TAMS 0x000000008a200000, 0x000000008a200000| Untracked 
|  99|0x000000008a300000, 0x000000008a300000, 0x000000008a400000|  0%| F|  |TAMS 0x000000008a300000, 0x000000008a300000| Untracked 
| 100|0x000000008a400000, 0x000000008a400000, 0x000000008a500000|  0%| F|  |TAMS 0x000000008a400000, 0x000000008a400000| Untracked 
| 101|0x000000008a500000, 0x000000008a500000, 0x000000008a600000|  0%| F|  |TAMS 0x000000008a500000, 0x000000008a500000| Untracked 
| 102|0x000000008a600000, 0x000000008a600000, 0x000000008a700000|  0%| F|  |TAMS 0x000000008a600000, 0x000000008a600000| Untracked 
| 103|0x000000008a700000, 0x000000008a700000, 0x000000008a800000|  0%| F|  |TAMS 0x000000008a700000, 0x000000008a700000| Untracked 
| 104|0x000000008a800000, 0x000000008a800000, 0x000000008a900000|  0%| F|  |TAMS 0x000000008a800000, 0x000000008a800000| Untracked 
| 105|0x000000008a900000, 0x000000008a900000, 0x000000008aa00000|  0%| F|  |TAMS 0x000000008a900000, 0x000000008a900000| Untracked 
| 106|0x000000008aa00000, 0x000000008aa00000, 0x000000008ab00000|  0%| F|  |TAMS 0x000000008aa00000, 0x000000008aa00000| Untracked 
| 107|0x000000008ab00000, 0x000000008ab00000, 0x000000008ac00000|  0%| F|  |TAMS 0x000000008ab00000, 0x000000008ab00000| Untracked 
| 108|0x000000008ac00000, 0x000000008ac00000, 0x000000008ad00000|  0%| F|  |TAMS 0x000000008ac00000, 0x000000008ac00000| Untracked 
| 109|0x000000008ad00000, 0x000000008ad00000, 0x000000008ae00000|  0%| F|  |TAMS 0x000000008ad00000, 0x000000008ad00000| Untracked 
| 110|0x000000008ae00000, 0x000000008ae00000, 0x000000008af00000|  0%| F|  |TAMS 0x000000008ae00000, 0x000000008ae00000| Untracked 
| 111|0x000000008af00000, 0x000000008af00000, 0x000000008b000000|  0%| F|  |TAMS 0x000000008af00000, 0x000000008af00000| Untracked 
| 112|0x000000008b000000, 0x000000008b000000, 0x000000008b100000|  0%| F|  |TAMS 0x000000008b000000, 0x000000008b000000| Untracked 
| 113|0x000000008b100000, 0x000000008b100000, 0x000000008b200000|  0%| F|  |TAMS 0x000000008b100000, 0x000000008b100000| Untracked 
| 114|0x000000008b200000, 0x000000008b200000, 0x000000008b300000|  0%| F|  |TAMS 0x000000008b200000, 0x000000008b200000| Untracked 
| 115|0x000000008b300000, 0x000000008b300000, 0x000000008b400000|  0%| F|  |TAMS 0x000000008b300000, 0x000000008b300000| Untracked 
| 116|0x000000008b400000, 0x000000008b400000, 0x000000008b500000|  0%| F|  |TAMS 0x000000008b400000, 0x000000008b400000| Untracked 
| 117|0x000000008b500000, 0x000000008b500000, 0x000000008b600000|  0%| F|  |TAMS 0x000000008b500000, 0x000000008b500000| Untracked 
| 118|0x000000008b600000, 0x000000008b600000, 0x000000008b700000|  0%| F|  |TAMS 0x000000008b600000, 0x000000008b600000| Untracked 
| 119|0x000000008b700000, 0x000000008b700000, 0x000000008b800000|  0%| F|  |TAMS 0x000000008b700000, 0x000000008b700000| Untracked 
| 120|0x000000008b800000, 0x000000008b800000, 0x000000008b900000|  0%| F|  |TAMS 0x000000008b800000, 0x000000008b800000| Untracked 
| 121|0x000000008b900000, 0x000000008b900000, 0x000000008ba00000|  0%| F|  |TAMS 0x000000008b900000, 0x000000008b900000| Untracked 
| 122|0x000000008ba00000, 0x000000008ba00000, 0x000000008bb00000|  0%| F|  |TAMS 0x000000008ba00000, 0x000000008ba00000| Untracked 
| 123|0x000000008bb00000, 0x000000008bbc9c18, 0x000000008bc00000| 78%| E|  |TAMS 0x000000008bb00000, 0x000000008bb00000| Complete 

Card table byte_map: [0x000001d3f66d0000,0x000001d3f6ab0000] _byte_map_base: 0x000001d3f62b0000

Marking Bits (Prev, Next): (CMBitMap*) 0x000001d3df85a4d0, (CMBitMap*) 0x000001d3df85a510
 Prev Bits: [0x000001d3f6e90000, 0x000001d3f8d90000)
 Next Bits: [0x000001d3f8d90000, 0x000001d3fac90000)

Polling page: 0x000001d3df000000

Metaspace:

Usage:
  Non-class:      2.79 MB used.
      Class:    234.26 KB used.
       Both:      3.02 MB used.

Virtual space:
  Non-class space:        8.00 MB reserved,       2.81 MB ( 35%) committed,  1 nodes.
      Class space:        1.00 GB reserved,     256.00 KB ( <1%) committed,  1 nodes.
             Both:        1.01 GB reserved,       3.06 MB ( <1%) committed. 

Chunk freelists:
   Non-Class:  0 bytes
       Class:  3.75 MB
        Both:  3.75 MB

MaxMetaspaceSize: unlimited
CompressedClassSpaceSize: 1.00 GB
Initial GC threshold: 21.00 MB
Current GC threshold: 21.00 MB
CDS: off
MetaspaceReclaimPolicy: balanced
 - commit_granule_bytes: 65536.
 - commit_granule_words: 8192.
 - virtual_space_node_default_size: 1048576.
 - enlarge_chunks_in_place: 1.
 - new_chunks_are_fully_committed: 0.
 - uncommit_free_chunks: 1.
 - use_allocation_guard: 0.
 - handle_deallocations: 1.


Internal statistics:

num_allocs_failed_limit: 0.
num_arena_births: 2.
num_arena_deaths: 0.
num_vsnodes_births: 2.
num_vsnodes_deaths: 0.
num_space_committed: 49.
num_space_uncommitted: 0.
num_chunks_returned_to_freelist: 0.
num_chunks_taken_from_freelist: 3.
num_chunk_merges: 0.
num_chunk_splits: 1.
num_chunks_enlarged: 0.
num_purges: 0.
num_inconsistent_stats: 0.

CodeHeap 'non-profiled nmethods': size=120000Kb used=0Kb max_used=0Kb free=120000Kb
 bounds [0x000001d3eedc0000, 0x000001d3ef030000, 0x000001d3f62f0000]
CodeHeap 'profiled nmethods': size=120000Kb used=27Kb max_used=27Kb free=119972Kb
 bounds [0x000001d3e7890000, 0x000001d3e7b00000, 0x000001d3eedc0000]
CodeHeap 'non-nmethods': size=5760Kb used=1024Kb max_used=1032Kb free=4735Kb
 bounds [0x000001d3e72f0000, 0x000001d3e7560000, 0x000001d3e7890000]
 total_blobs=298 nmethods=19 adapters=193
 compilation: enabled
              stopped_count=0, restarted_count=0
 full_count=0

Compilation events (20 events):
Event: 0.100 Thread 0x000001d380c30090   10       3       java.lang.StringLatin1::equals (36 bytes)
Event: 0.100 Thread 0x000001d380c30090 nmethod 10 0x000001d3e7893590 code [0x000001d3e7893740, 0x000001d3e78939f8]
Event: 0.100 Thread 0x000001d380c30090   11       3       java.util.Objects::equals (23 bytes)
Event: 0.100 Thread 0x000001d380c30090 nmethod 11 0x000001d3e7893b10 code [0x000001d3e7893cc0, 0x000001d3e7893f28]
Event: 0.100 Thread 0x000001d380c30090   12       3       java.util.Set::of (4 bytes)
Event: 0.100 Thread 0x000001d380c30090 nmethod 12 0x000001d3e7894010 code [0x000001d3e78941a0, 0x000001d3e7894298]
Event: 0.100 Thread 0x000001d380c30090   13       3       java.util.Objects::requireNonNull (14 bytes)
Event: 0.101 Thread 0x000001d380c30090 nmethod 13 0x000001d3e7894310 code [0x000001d3e78944c0, 0x000001d3e78946a8]
Event: 0.101 Thread 0x000001d380c30090   14       3       java.lang.module.ModuleDescriptor$Exports::<init> (20 bytes)
Event: 0.101 Thread 0x000001d3801c9d60   16       4       java.lang.StringLatin1::hashCode (42 bytes)
Event: 0.101 Thread 0x000001d380c30090 nmethod 14 0x000001d3e7894790 code [0x000001d3e7894940, 0x000001d3e7894bb8]
Event: 0.101 Thread 0x000001d380c30090   15       3       java.lang.module.ModuleDescriptor$Exports::hashCode (38 bytes)
Event: 0.101 Thread 0x000001d380c30090 nmethod 15 0x000001d3e7894c90 code [0x000001d3e7894e60, 0x000001d3e7895168]
Event: 0.101 Thread 0x000001d380c30090   17       3       java.util.AbstractCollection::<init> (5 bytes)
Event: 0.101 Thread 0x000001d380c30090 nmethod 17 0x000001d3e7895290 code [0x000001d3e7895420, 0x000001d3e7895578]
Event: 0.101 Thread 0x000001d380c30090   18       3       java.util.ImmutableCollections$AbstractImmutableCollection::<init> (5 bytes)
Event: 0.101 Thread 0x000001d380c30090 nmethod 18 0x000001d3e7895610 code [0x000001d3e78957c0, 0x000001d3e7895978]
Event: 0.101 Thread 0x000001d380c30090   19       3       java.util.ImmutableCollections$AbstractImmutableSet::<init> (5 bytes)
Event: 0.101 Thread 0x000001d380c30090 nmethod 19 0x000001d3e7895a90 code [0x000001d3e7895c40, 0x000001d3e7895e78]
Event: 0.102 Thread 0x000001d380c30090   20       3       java.util.Set::of (68 bytes)

GC Heap History (0 events):
No events

Deoptimization events (0 events):
No events

Classes unloaded (0 events):
No events

Classes redefined (0 events):
No events

Internal exceptions (0 events):
No events

VM Operations (0 events):
No events

Events (20 events):
Event: 0.096 loading class java/lang/module/ModuleDescriptor$Requires done
Event: 0.096 loading class java/lang/module/ModuleDescriptor$Exports
Event: 0.096 loading class java/lang/module/ModuleDescriptor$Exports done
Event: 0.097 loading class java/lang/module/ModuleDescriptor$Opens
Event: 0.097 loading class java/lang/module/ModuleDescriptor$Opens done
Event: 0.097 loading class java/lang/module/ModuleDescriptor$Provides
Event: 0.097 loading class java/lang/module/ModuleDescriptor$Provides done
Event: 0.098 loading class java/util/ImmutableCollections$List12
Event: 0.098 loading class java/util/ImmutableCollections$List12 done
Event: 0.098 loading class java/lang/module/ModuleDescriptor$Version
Event: 0.099 loading class java/lang/module/ModuleDescriptor$Version done
Event: 0.099 loading class java/lang/module/ModuleDescriptor$Modifier
Event: 0.099 loading class java/lang/Enum
Event: 0.099 loading class java/lang/Enum done
Event: 0.099 loading class java/lang/module/ModuleDescriptor$Modifier done
Event: 0.099 loading class java/lang/module/ModuleDescriptor$Requires$Modifier
Event: 0.099 loading class java/lang/module/ModuleDescriptor$Requires$Modifier done
Event: 0.102 loading class jdk/internal/module/ModuleTarget
Event: 0.102 loading class jdk/internal/module/ModuleTarget done
Event: 0.102 loading class jdk/internal/module/ModuleHashes


Dynamic libraries:
0x00007ff77cc50000 - 0x00007ff77cc5e000 	C:\Users\zd2N06\pleiades\java\17\bin\java.exe
0x00007ff80a2f0000 - 0x00007ff80a4e8000 	C:\WINDOWS\SYSTEM32\ntdll.dll
0x00007ff809980000 - 0x00007ff809a3f000 	C:\WINDOWS\System32\KERNEL32.DLL
0x00007ff807bb0000 - 0x00007ff807ea6000 	C:\WINDOWS\System32\KERNELBASE.dll
0x00007ff807eb0000 - 0x00007ff807fb0000 	C:\WINDOWS\System32\ucrtbase.dll
0x00007fffebf20000 - 0x00007fffebf38000 	C:\Users\zd2N06\pleiades\java\17\bin\jli.dll
0x00007ff809220000 - 0x00007ff8093bd000 	C:\WINDOWS\System32\USER32.dll
0x00007ff807a90000 - 0x00007ff807ab2000 	C:\WINDOWS\System32\win32u.dll
0x00007ff809800000 - 0x00007ff80982c000 	C:\WINDOWS\System32\GDI32.dll
0x00007ff808020000 - 0x00007ff808135000 	C:\WINDOWS\System32\gdi32full.dll
0x00007ff807ac0000 - 0x00007ff807b5d000 	C:\WINDOWS\System32\msvcp_win.dll
0x00007ffffdba0000 - 0x00007ffffdbb9000 	C:\Users\zd2N06\pleiades\java\17\bin\VCRUNTIME140.dll
0x00007fffe9150000 - 0x00007fffe93ea000 	C:\WINDOWS\WinSxS\amd64_microsoft.windows.common-controls_6595b64144ccf1df_6.0.19041.1110_none_60b5254171f9507e\COMCTL32.dll
0x00007ff809180000 - 0x00007ff80921e000 	C:\WINDOWS\System32\msvcrt.dll
0x00007ff8088d0000 - 0x00007ff808900000 	C:\WINDOWS\System32\IMM32.DLL
0x00007ff802ad0000 - 0x00007ff802adc000 	C:\Users\zd2N06\pleiades\java\17\bin\vcruntime140_1.dll
0x00007fffebd10000 - 0x00007fffebda1000 	C:\Users\zd2N06\pleiades\java\17\bin\msvcp140.dll
0x00007fffd4640000 - 0x00007fffd5287000 	C:\Users\zd2N06\pleiades\java\17\bin\server\jvm.dll
0x00007ff809830000 - 0x00007ff8098df000 	C:\WINDOWS\System32\ADVAPI32.dll
0x00007ff8098e0000 - 0x00007ff80997c000 	C:\WINDOWS\System32\sechost.dll
0x00007ff809560000 - 0x00007ff809686000 	C:\WINDOWS\System32\RPCRT4.dll
0x00007ff8083b0000 - 0x00007ff8083b8000 	C:\WINDOWS\System32\PSAPI.DLL
0x00007ffffdcf0000 - 0x00007ffffdd17000 	C:\WINDOWS\SYSTEM32\WINMM.dll
0x00007ffff8970000 - 0x00007ffff8979000 	C:\WINDOWS\SYSTEM32\WSOCK32.dll
0x00007ff80a230000 - 0x00007ff80a29b000 	C:\WINDOWS\System32\WS2_32.dll
0x00007ff800080000 - 0x00007ff80008a000 	C:\WINDOWS\SYSTEM32\VERSION.dll
0x00007ff8056b0000 - 0x00007ff8056c2000 	C:\WINDOWS\SYSTEM32\kernel.appcore.dll
0x00007ffffd880000 - 0x00007ffffd88a000 	C:\Users\zd2N06\pleiades\java\17\bin\jimage.dll
0x00007ff800c70000 - 0x00007ff800e54000 	C:\WINDOWS\SYSTEM32\DBGHELP.DLL
0x00007ff800c30000 - 0x00007ff800c64000 	C:\WINDOWS\SYSTEM32\dbgcore.DLL
0x00007ff807a00000 - 0x00007ff807a82000 	C:\WINDOWS\System32\bcryptPrimitives.dll
0x00007fffebef0000 - 0x00007fffebf15000 	C:\Users\zd2N06\pleiades\java\17\bin\java.dll
0x00007fffe5330000 - 0x00007fffe5406000 	C:\Users\zd2N06\pleiades\java\17\bin\jsvml.dll
0x00007ff808960000 - 0x00007ff8090a4000 	C:\WINDOWS\System32\SHELL32.dll
0x00007ff8058b0000 - 0x00007ff806043000 	C:\WINDOWS\SYSTEM32\windows.storage.dll
0x00007ff8083c0000 - 0x00007ff808714000 	C:\WINDOWS\System32\combase.dll
0x00007ff807410000 - 0x00007ff80743e000 	C:\WINDOWS\SYSTEM32\Wldp.dll
0x00007ff809eb0000 - 0x00007ff809f5d000 	C:\WINDOWS\System32\SHCORE.dll
0x00007ff8094f0000 - 0x00007ff809545000 	C:\WINDOWS\System32\shlwapi.dll
0x00007ff807900000 - 0x00007ff807925000 	C:\WINDOWS\SYSTEM32\profapi.dll

dbghelp: loaded successfully - version: 4.0.5 - missing functions: none
symbol engine: initialized successfully - sym options: 0x614 - pdb path: .;C:\Users\zd2N06\pleiades\java\17\bin;C:\WINDOWS\SYSTEM32;C:\WINDOWS\WinSxS\amd64_microsoft.windows.common-controls_6595b64144ccf1df_6.0.19041.1110_none_60b5254171f9507e;C:\Users\zd2N06\pleiades\java\17\bin\server

VM Arguments:
java_command: C:\Users\zd2N06\AppData\Local\Temp\surefire12785790378634557188\surefirebooter-20231003150803022_3.jar C:\Users\zd2N06\AppData\Local\Temp\surefire12785790378634557188 2023-10-03T15-08-02_715-jvmRun1 surefire-20231003150803022_1tmp surefire_0-20231003150803022_2tmp
java_class_path (initial): C:\Users\zd2N06\AppData\Local\Temp\surefire12785790378634557188\surefirebooter-20231003150803022_3.jar
Launcher Type: SUN_STANDARD

[Global flags]
     intx CICompilerCount                          = 3                                         {product} {ergonomic}
     uint ConcGCThreads                            = 1                                         {product} {ergonomic}
     uint G1ConcRefinementThreads                  = 4                                         {product} {ergonomic}
   size_t G1HeapRegionSize                         = 1048576                                   {product} {ergonomic}
    uintx GCDrainStackTargetSize                   = 64                                        {product} {ergonomic}
   size_t InitialHeapSize                          = 130023424                                 {product} {ergonomic}
   size_t MarkStackSize                            = 4194304                                   {product} {ergonomic}
   size_t MaxHeapSize                              = 2080374784                                {product} {ergonomic}
   size_t MaxNewSize                               = 1247805440                                {product} {ergonomic}
   size_t MinHeapDeltaBytes                        = 1048576                                   {product} {ergonomic}
   size_t MinHeapSize                              = 8388608                                   {product} {ergonomic}
    uintx NonNMethodCodeHeapSize                   = 5832780                                {pd product} {ergonomic}
    uintx NonProfiledCodeHeapSize                  = 122912730                              {pd product} {ergonomic}
    uintx ProfiledCodeHeapSize                     = 122912730                              {pd product} {ergonomic}
    uintx ReservedCodeCacheSize                    = 251658240                              {pd product} {ergonomic}
     bool SegmentedCodeCache                       = true                                      {product} {ergonomic}
   size_t SoftMaxHeapSize                          = 2080374784                             {manageable} {ergonomic}
     bool UseCompressedClassPointers               = true                           {product lp64_product} {ergonomic}
     bool UseCompressedOops                        = true                           {product lp64_product} {ergonomic}
     bool UseG1GC                                  = true                                      {product} {ergonomic}
     bool UseLargePagesIndividualAllocation        = false                                  {pd product} {ergonomic}

Logging:
Log output configuration:
 #0: stdout all=warning uptime,level,tags
 #1: stderr all=off uptime,level,tags

Environment Variables:
JAVA_HOME=C:\Program Files\Java\jdk1.8.0_131
PATH=C:/Users/zd2N06/pleiades/java/17/bin/server;C:/Users/zd2N06/pleiades/java/17/bin;C:\Program Files\Common Files\Microsoft Shared\Windows Live;C:\Program Files (x86)\Common Files\Microsoft Shared\Windows Live;C:\WINDOWS\system32;C:\WINDOWS;C:\WINDOWS\System32\Wbem;C:\WINDOWS\System32\WindowsPowerShell\v1.0\;C:\Program Files (x86)\ATI Technologies\ATI.ACE\Core-Static;C:\Program Files (x86)\Windows Live\Shared;C:\Program Files\vim;C:\Program Files\Sublime Text 3;C:\Ruby23-x64\bin\;C:\ruby-2.4.0\bin\;C:\Users\zd2D28\AppData\Roaming\npm\;C:\Users\zd2D28\AppData\Local\Programs\Git\cmd;C:\WINDOWS\system32;C:\WINDOWS;C:\WINDOWS\System32\Wbem;C:\WINDOWS\System32\WindowsPowerShell\v1.0\;C:\WINDOWS\System32\OpenSSH\;D:\Program Files\Microsoft VS Code\bin;C:\Program Files\Git\cmd;C:\Program Files\nodejs\;C:\Users\zd2N06\AppData\Local\Microsoft\WindowsApps;C:\Users\zd2N06\Documents\Microsoft VS Code\bin;C:\Users\zd2N06\pleiades\eclipse;
USERNAME=zd2N06
OS=Windows_NT
PROCESSOR_IDENTIFIER=AMD64 Family 16 Model 4 Stepping 3, AuthenticAMD



---------------  S Y S T E M  ---------------

OS:
 Windows 10 , 64 bit Build 19041 (10.0.19041.3155)
OS uptime: 0 days 6:39 hours

CPU: total 4 (initial active 4) (4 cores per cpu, 1 threads per core) family 16 model 4 stepping 3 microcode 0x0, cx8, cmov, fxsr, mmx, 3dnowpref, sse, sse2, sse3, sse4a, popcnt, lzcnt, tsc, tscinvbit, clflush

Memory: 4k page, system-wide physical 7935M (1151M free)
TotalPageFile size 7935M (AvailPageFile size 4M)
current process WorkingSet (physical memory assigned to process): 24M, peak: 24M
current process commit charge ("private bytes"): 188M, peak: 192M

vm_info: OpenJDK 64-Bit Server VM (17.0.2+8) for windows-amd64 JRE (17.0.2+8), built on Jan 20 2022 04:52:34 by "" with MS VC++ 16.7 (VS2019)

END.
