#
# There is insufficient memory for the Java Runtime Environment to continue.
# Native memory allocation (malloc) failed to allocate 52656 bytes for Chunk::new
# Possible reasons:
#   The system is out of physical RAM or swap space
#   The process is running with CompressedOops enabled, and the Java Heap may be blocking the growth of the native heap
# Possible solutions:
#   Reduce memory load on the system
#   Increase physical memory or swap space
#   Check if swap backing store is full
#   Decrease Java heap size (-Xmx/-Xms)
#   Decrease number of Java threads
#   Decrease Java thread stack sizes (-Xss)
#   Set larger code cache with -XX:ReservedCodeCacheSize=
#   JVM is running with Unscaled Compressed Oops mode in which the Java heap is
#     placed in the first 4GB address space. The Java Heap base address is the
#     maximum limit for the native heap growth. Please use -XX:HeapBaseMinAddress
#     to set the Java Heap base and to place the Java Heap above 4GB virtual address.
# This output file may be truncated or incomplete.
#
#  Out of Memory Error (arena.cpp:189), pid=12052, tid=11668
#
# JRE version: OpenJDK Runtime Environment Temurin-17.0.2+8 (17.0.2+8) (build 17.0.2+8)
# Java VM: OpenJDK 64-Bit Server VM Temurin-17.0.2+8 (17.0.2+8, mixed mode, sharing, tiered, compressed oops, compressed class ptrs, g1 gc, windows-amd64)
# No core dump will be written. Minidumps are not enabled by default on client versions of Windows
#

---------------  S U M M A R Y ------------

Command Line: -Dmaven.home=EMBEDDED -Dclassworlds.conf=C:\Users\zd2N06\pleiades\workspace\.metadata\.plugins\org.eclipse.m2e.launching\launches\m2conf15031011417166509696.tmp -Dmaven.multiModuleProjectDirectory=C:\Users\zd2N06\pleiades\workspace\BookMmarker2 -Dfile.encoding=UTF-8 -XX:+ShowCodeDetailsInExceptionMessages org.codehaus.plexus.classworlds.launcher.Launcher -Ppom.xml -B package

Host: AMD Phenom(tm) II X4 955 Processor, 4 cores, 7G,  Windows 10 , 64 bit Build 19041 (10.0.19041.3155)
Time: Tue Oct  3 15:08:03 2023  Windows 10 , 64 bit Build 19041 (10.0.19041.3155) elapsed time: 4.719524 seconds (0d 0h 0m 4s)

---------------  T H R E A D  ---------------

Current thread (0x0000017b46e05ce0):  JavaThread "C2 CompilerThread1" daemon [_thread_in_native, id=11668, stack(0x00000056e9000000,0x00000056e9100000)]


Current CompileTask:
C2:   4719 4177       4       java.nio.CharBuffer::<init> (24 bytes)

Stack: [0x00000056e9000000,0x00000056e9100000]
Native frames: (J=compiled Java code, j=interpreted, Vv=VM code, C=native code)
V  [jvm.dll+0x67564a]
V  [jvm.dll+0x82fc04]
V  [jvm.dll+0x8313ae]
V  [jvm.dll+0x831a13]
V  [jvm.dll+0x245235]
V  [jvm.dll+0xabd7b]
V  [jvm.dll+0xac30c]
V  [jvm.dll+0x2ac33f]
V  [jvm.dll+0x57c559]
V  [jvm.dll+0x2202ed]
V  [jvm.dll+0x2206cf]
V  [jvm.dll+0x219f25]
V  [jvm.dll+0x2173eb]
V  [jvm.dll+0x1a3a8d]
V  [jvm.dll+0x226ef8]
V  [jvm.dll+0x22503c]
V  [jvm.dll+0x7e596b]
V  [jvm.dll+0x7dff2a]
V  [jvm.dll+0x6744d5]
C  [ucrtbase.dll+0x21bb2]
C  [KERNEL32.DLL+0x17614]
C  [ntdll.dll+0x526b1]


---------------  P R O C E S S  ---------------

Threads class SMR info:
_java_thread_list=0x0000017b47669010, length=19, elements={
0x0000017b2808bf30, 0x0000017b45963530, 0x0000017b459681c0, 0x0000017b4597fb10,
0x0000017b459813e0, 0x0000017b45981d90, 0x0000017b45982740, 0x0000017b45990b60,
0x0000017b45991460, 0x0000017b459a6d70, 0x0000017b4648c880, 0x0000017b46493da0,
0x0000017b46e05ce0, 0x0000017b48d5c390, 0x0000017b474a8530, 0x0000017b474ab080,
0x0000017b474a9870, 0x0000017b474ab550, 0x0000017b474aba20
}

Java Threads: ( => current thread )
  0x0000017b2808bf30 JavaThread "main" [_thread_in_native, id=9616, stack(0x00000056e7a00000,0x00000056e7b00000)]
  0x0000017b45963530 JavaThread "Reference Handler" daemon [_thread_blocked, id=7196, stack(0x00000056e8100000,0x00000056e8200000)]
  0x0000017b459681c0 JavaThread "Finalizer" daemon [_thread_blocked, id=10056, stack(0x00000056e8200000,0x00000056e8300000)]
  0x0000017b4597fb10 JavaThread "Signal Dispatcher" daemon [_thread_blocked, id=12156, stack(0x00000056e8300000,0x00000056e8400000)]
  0x0000017b459813e0 JavaThread "Attach Listener" daemon [_thread_blocked, id=10276, stack(0x00000056e8400000,0x00000056e8500000)]
  0x0000017b45981d90 JavaThread "Service Thread" daemon [_thread_blocked, id=8804, stack(0x00000056e8500000,0x00000056e8600000)]
  0x0000017b45982740 JavaThread "Monitor Deflation Thread" daemon [_thread_blocked, id=11596, stack(0x00000056e8600000,0x00000056e8700000)]
  0x0000017b45990b60 JavaThread "C2 CompilerThread0" daemon [_thread_in_native, id=888, stack(0x00000056e8700000,0x00000056e8800000)]
  0x0000017b45991460 JavaThread "C1 CompilerThread0" daemon [_thread_blocked, id=10048, stack(0x00000056e8800000,0x00000056e8900000)]
  0x0000017b459a6d70 JavaThread "Sweeper thread" daemon [_thread_blocked, id=9076, stack(0x00000056e8900000,0x00000056e8a00000)]
  0x0000017b4648c880 JavaThread "Notification Thread" daemon [_thread_blocked, id=2656, stack(0x00000056e8a00000,0x00000056e8b00000)]
  0x0000017b46493da0 JavaThread "Common-Cleaner" daemon [_thread_blocked, id=2752, stack(0x00000056e8c00000,0x00000056e8d00000)]
=>0x0000017b46e05ce0 JavaThread "C2 CompilerThread1" daemon [_thread_in_native, id=11668, stack(0x00000056e9000000,0x00000056e9100000)]
  0x0000017b48d5c390 JavaThread "timeout-check-timer" daemon [_thread_blocked, id=7888, stack(0x00000056e9100000,0x00000056e9200000)]
  0x0000017b474a8530 JavaThread "ping-timer-10s" daemon [_thread_blocked, id=8560, stack(0x00000056e9200000,0x00000056e9300000)]
  0x0000017b474ab080 JavaThread "ThreadedStreamConsumer" daemon [_thread_blocked, id=10008, stack(0x00000056e9300000,0x00000056e9400000)]
  0x0000017b474a9870 JavaThread "fork-1-err-thread" daemon [_thread_in_native, id=9564, stack(0x00000056e9400000,0x00000056e9500000)]
  0x0000017b474ab550 JavaThread "commands-fork-1" daemon [_thread_blocked, id=2308, stack(0x00000056e9500000,0x00000056e9600000)]
  0x0000017b474aba20 JavaThread "fork-1-event-thread" daemon [_thread_in_native, id=11732, stack(0x00000056e9600000,0x00000056e9700000)]

Other Threads:
  0x0000017b4595f300 VMThread "VM Thread" [stack: 0x00000056e8000000,0x00000056e8100000] [id=8484]
  0x0000017b280f07e0 WatcherThread [stack: 0x00000056e8b00000,0x00000056e8c00000] [id=4984]
  0x0000017b280ca100 GCTaskThread "GC Thread#0" [stack: 0x00000056e7b00000,0x00000056e7c00000] [id=9156]
  0x0000017b46510000 GCTaskThread "GC Thread#1" [stack: 0x00000056e8d00000,0x00000056e8e00000] [id=2516]
  0x0000017b46cc5e70 GCTaskThread "GC Thread#2" [stack: 0x00000056e8e00000,0x00000056e8f00000] [id=12256]
  0x0000017b46c36f30 GCTaskThread "GC Thread#3" [stack: 0x00000056e8f00000,0x00000056e9000000] [id=12140]
  0x0000017b280dafe0 ConcurrentGCThread "G1 Main Marker" [stack: 0x00000056e7c00000,0x00000056e7d00000] [id=9880]
  0x0000017b280db9f0 ConcurrentGCThread "G1 Conc#0" [stack: 0x00000056e7d00000,0x00000056e7e00000] [id=10456]
  0x0000017b28149d70 ConcurrentGCThread "G1 Refine#0" [stack: 0x00000056e7e00000,0x00000056e7f00000] [id=10404]
  0x0000017b2814a790 ConcurrentGCThread "G1 Service" [stack: 0x00000056e7f00000,0x00000056e8000000] [id=8116]

Threads with active compile tasks:
C2 CompilerThread0     4738 4048       4       org.codehaus.plexus.interpolation.reflection.ReflectionValueExtractor::evaluate (242 bytes)
C2 CompilerThread1     4738 4177       4       java.nio.CharBuffer::<init> (24 bytes)

VM state: not at safepoint (normal execution)

VM Mutex/Monitor currently owned by a thread: None

Heap address: 0x0000000084000000, size: 1984 MB, Compressed Oops mode: 32-bit

CDS archive(s) mapped at: [0x0000000800000000-0x0000000800bc0000-0x0000000800bc0000), size 12320768, SharedBaseAddress: 0x0000000800000000, ArchiveRelocationMode: 0.
Compressed class space mapped at: 0x0000000800c00000-0x0000000840c00000, reserved size: 1073741824
Narrow klass base: 0x0000000800000000, Narrow klass shift: 0, Narrow klass range: 0x100000000

GC Precious Log:
 CPUs: 4 total, 4 available
 Memory: 7935M
 Large Page Support: Disabled
 NUMA Support: Disabled
 Compressed Oops: Enabled (32-bit)
 Heap Region Size: 1M
 Heap Min Capacity: 8M
 Heap Initial Capacity: 124M
 Heap Max Capacity: 1984M
 Pre-touch: Disabled
 Parallel Workers: 4
 Concurrent Workers: 1
 Concurrent Refinement Workers: 4
 Periodic GC: Disabled

Heap:
 garbage-first heap   total 126976K, used 55331K [0x0000000084000000, 0x0000000100000000)
  region size 1024K, 45 young (46080K), 6 survivors (6144K)
 Metaspace       used 17977K, committed 18240K, reserved 1073152K
  class space    used 1947K, committed 2048K, reserved 1048576K

Heap Regions: E=young(eden), S=young(survivor), O=old, HS=humongous(starts), HC=humongous(continues), CS=collection set, F=free, OA=open archive, CA=closed archive, TAMS=top-at-mark-start (previous, next)
|   0|0x0000000084000000, 0x0000000084100000, 0x0000000084100000|100%| O|  |TAMS 0x0000000084000000, 0x0000000084000000| Untracked 
|   1|0x0000000084100000, 0x0000000084200000, 0x0000000084200000|100%| O|  |TAMS 0x0000000084100000, 0x0000000084100000| Untracked 
|   2|0x0000000084200000, 0x0000000084300000, 0x0000000084300000|100%| O|  |TAMS 0x0000000084200000, 0x0000000084200000| Untracked 
|   3|0x0000000084300000, 0x0000000084300000, 0x0000000084400000|  0%| F|  |TAMS 0x0000000084300000, 0x0000000084300000| Untracked 
|   4|0x0000000084400000, 0x0000000084400000, 0x0000000084500000|  0%| F|  |TAMS 0x0000000084400000, 0x0000000084400000| Untracked 
|   5|0x0000000084500000, 0x0000000084500000, 0x0000000084600000|  0%| F|  |TAMS 0x0000000084500000, 0x0000000084500000| Untracked 
|   6|0x0000000084600000, 0x0000000084600000, 0x0000000084700000|  0%| F|  |TAMS 0x0000000084600000, 0x0000000084600000| Untracked 
|   7|0x0000000084700000, 0x0000000084700000, 0x0000000084800000|  0%| F|  |TAMS 0x0000000084700000, 0x0000000084700000| Untracked 
|   8|0x0000000084800000, 0x0000000084800000, 0x0000000084900000|  0%| F|  |TAMS 0x0000000084800000, 0x0000000084800000| Untracked 
|   9|0x0000000084900000, 0x0000000084900000, 0x0000000084a00000|  0%| F|  |TAMS 0x0000000084900000, 0x0000000084900000| Untracked 
|  10|0x0000000084a00000, 0x0000000084a00000, 0x0000000084b00000|  0%| F|  |TAMS 0x0000000084a00000, 0x0000000084a00000| Untracked 
|  11|0x0000000084b00000, 0x0000000084b00000, 0x0000000084c00000|  0%| F|  |TAMS 0x0000000084b00000, 0x0000000084b00000| Untracked 
|  12|0x0000000084c00000, 0x0000000084c00000, 0x0000000084d00000|  0%| F|  |TAMS 0x0000000084c00000, 0x0000000084c00000| Untracked 
|  13|0x0000000084d00000, 0x0000000084d00000, 0x0000000084e00000|  0%| F|  |TAMS 0x0000000084d00000, 0x0000000084d00000| Untracked 
|  14|0x0000000084e00000, 0x0000000084e00000, 0x0000000084f00000|  0%| F|  |TAMS 0x0000000084e00000, 0x0000000084e00000| Untracked 
|  15|0x0000000084f00000, 0x0000000084f00000, 0x0000000085000000|  0%| F|  |TAMS 0x0000000084f00000, 0x0000000084f00000| Untracked 
|  16|0x0000000085000000, 0x0000000085000000, 0x0000000085100000|  0%| F|  |TAMS 0x0000000085000000, 0x0000000085000000| Untracked 
|  17|0x0000000085100000, 0x0000000085100000, 0x0000000085200000|  0%| F|  |TAMS 0x0000000085100000, 0x0000000085100000| Untracked 
|  18|0x0000000085200000, 0x0000000085200000, 0x0000000085300000|  0%| F|  |TAMS 0x0000000085200000, 0x0000000085200000| Untracked 
|  19|0x0000000085300000, 0x0000000085300000, 0x0000000085400000|  0%| F|  |TAMS 0x0000000085300000, 0x0000000085300000| Untracked 
|  20|0x0000000085400000, 0x0000000085400000, 0x0000000085500000|  0%| F|  |TAMS 0x0000000085400000, 0x0000000085400000| Untracked 
|  21|0x0000000085500000, 0x0000000085500000, 0x0000000085600000|  0%| F|  |TAMS 0x0000000085500000, 0x0000000085500000| Untracked 
|  22|0x0000000085600000, 0x0000000085600000, 0x0000000085700000|  0%| F|  |TAMS 0x0000000085600000, 0x0000000085600000| Untracked 
|  23|0x0000000085700000, 0x0000000085700000, 0x0000000085800000|  0%| F|  |TAMS 0x0000000085700000, 0x0000000085700000| Untracked 
|  24|0x0000000085800000, 0x0000000085800000, 0x0000000085900000|  0%| F|  |TAMS 0x0000000085800000, 0x0000000085800000| Untracked 
|  25|0x0000000085900000, 0x0000000085900000, 0x0000000085a00000|  0%| F|  |TAMS 0x0000000085900000, 0x0000000085900000| Untracked 
|  26|0x0000000085a00000, 0x0000000085a00000, 0x0000000085b00000|  0%| F|  |TAMS 0x0000000085a00000, 0x0000000085a00000| Untracked 
|  27|0x0000000085b00000, 0x0000000085b00000, 0x0000000085c00000|  0%| F|  |TAMS 0x0000000085b00000, 0x0000000085b00000| Untracked 
|  28|0x0000000085c00000, 0x0000000085c00000, 0x0000000085d00000|  0%| F|  |TAMS 0x0000000085c00000, 0x0000000085c00000| Untracked 
|  29|0x0000000085d00000, 0x0000000085d00000, 0x0000000085e00000|  0%| F|  |TAMS 0x0000000085d00000, 0x0000000085d00000| Untracked 
|  30|0x0000000085e00000, 0x0000000085e00000, 0x0000000085f00000|  0%| F|  |TAMS 0x0000000085e00000, 0x0000000085e00000| Untracked 
|  31|0x0000000085f00000, 0x0000000085f00000, 0x0000000086000000|  0%| F|  |TAMS 0x0000000085f00000, 0x0000000085f00000| Untracked 
|  32|0x0000000086000000, 0x0000000086000000, 0x0000000086100000|  0%| F|  |TAMS 0x0000000086000000, 0x0000000086000000| Untracked 
|  33|0x0000000086100000, 0x0000000086100000, 0x0000000086200000|  0%| F|  |TAMS 0x0000000086100000, 0x0000000086100000| Untracked 
|  34|0x0000000086200000, 0x0000000086200000, 0x0000000086300000|  0%| F|  |TAMS 0x0000000086200000, 0x0000000086200000| Untracked 
|  35|0x0000000086300000, 0x0000000086400000, 0x0000000086400000|100%| O|  |TAMS 0x0000000086300000, 0x0000000086300000| Untracked 
|  36|0x0000000086400000, 0x0000000086500000, 0x0000000086500000|100%| O|  |TAMS 0x0000000086400000, 0x0000000086400000| Untracked 
|  37|0x0000000086500000, 0x0000000086600000, 0x0000000086600000|100%| O|  |TAMS 0x0000000086500000, 0x0000000086500000| Untracked 
|  38|0x0000000086600000, 0x0000000086700000, 0x0000000086700000|100%| O|  |TAMS 0x0000000086600000, 0x0000000086600000| Untracked 
|  39|0x0000000086700000, 0x0000000086800000, 0x0000000086800000|100%| O|  |TAMS 0x0000000086700000, 0x0000000086700000| Untracked 
|  40|0x0000000086800000, 0x0000000086900000, 0x0000000086900000|100%| O|  |TAMS 0x0000000086800000, 0x0000000086800000| Untracked 
|  41|0x0000000086900000, 0x0000000086900000, 0x0000000086a00000|  0%| F|  |TAMS 0x0000000086900000, 0x0000000086900000| Untracked 
|  42|0x0000000086a00000, 0x0000000086a00000, 0x0000000086b00000|  0%| F|  |TAMS 0x0000000086a00000, 0x0000000086a00000| Untracked 
|  43|0x0000000086b00000, 0x0000000086b00000, 0x0000000086c00000|  0%| F|  |TAMS 0x0000000086b00000, 0x0000000086b00000| Untracked 
|  44|0x0000000086c00000, 0x0000000086c00000, 0x0000000086d00000|  0%| F|  |TAMS 0x0000000086c00000, 0x0000000086c00000| Untracked 
|  45|0x0000000086d00000, 0x0000000086d00000, 0x0000000086e00000|  0%| F|  |TAMS 0x0000000086d00000, 0x0000000086d00000| Untracked 
|  46|0x0000000086e00000, 0x0000000086e00000, 0x0000000086f00000|  0%| F|  |TAMS 0x0000000086e00000, 0x0000000086e00000| Untracked 
|  47|0x0000000086f00000, 0x0000000086f00000, 0x0000000087000000|  0%| F|  |TAMS 0x0000000086f00000, 0x0000000086f00000| Untracked 
|  48|0x0000000087000000, 0x0000000087000000, 0x0000000087100000|  0%| F|  |TAMS 0x0000000087000000, 0x0000000087000000| Untracked 
|  49|0x0000000087100000, 0x0000000087100000, 0x0000000087200000|  0%| F|  |TAMS 0x0000000087100000, 0x0000000087100000| Untracked 
|  50|0x0000000087200000, 0x0000000087300000, 0x0000000087300000|100%| O|  |TAMS 0x0000000087200000, 0x0000000087200000| Untracked 
|  51|0x0000000087300000, 0x0000000087388e00, 0x0000000087400000| 53%| O|  |TAMS 0x0000000087300000, 0x0000000087300000| Untracked 
|  52|0x0000000087400000, 0x0000000087400000, 0x0000000087500000|  0%| F|  |TAMS 0x0000000087400000, 0x0000000087400000| Untracked 
|  53|0x0000000087500000, 0x0000000087500000, 0x0000000087600000|  0%| F|  |TAMS 0x0000000087500000, 0x0000000087500000| Untracked 
|  54|0x0000000087600000, 0x0000000087600000, 0x0000000087700000|  0%| F|  |TAMS 0x0000000087600000, 0x0000000087600000| Untracked 
|  55|0x0000000087700000, 0x0000000087700000, 0x0000000087800000|  0%| F|  |TAMS 0x0000000087700000, 0x0000000087700000| Untracked 
|  56|0x0000000087800000, 0x0000000087880000, 0x0000000087900000| 50%| S|CS|TAMS 0x0000000087800000, 0x0000000087800000| Complete 
|  57|0x0000000087900000, 0x0000000087a00000, 0x0000000087a00000|100%| S|CS|TAMS 0x0000000087900000, 0x0000000087900000| Complete 
|  58|0x0000000087a00000, 0x0000000087b00000, 0x0000000087b00000|100%| S|CS|TAMS 0x0000000087a00000, 0x0000000087a00000| Complete 
|  59|0x0000000087b00000, 0x0000000087c00000, 0x0000000087c00000|100%| S|CS|TAMS 0x0000000087b00000, 0x0000000087b00000| Complete 
|  60|0x0000000087c00000, 0x0000000087d00000, 0x0000000087d00000|100%| S|CS|TAMS 0x0000000087c00000, 0x0000000087c00000| Complete 
|  61|0x0000000087d00000, 0x0000000087e00000, 0x0000000087e00000|100%| S|CS|TAMS 0x0000000087d00000, 0x0000000087d00000| Complete 
|  62|0x0000000087e00000, 0x0000000087e00000, 0x0000000087f00000|  0%| F|  |TAMS 0x0000000087e00000, 0x0000000087e00000| Untracked 
|  63|0x0000000087f00000, 0x0000000087f00000, 0x0000000088000000|  0%| F|  |TAMS 0x0000000087f00000, 0x0000000087f00000| Untracked 
|  64|0x0000000088000000, 0x0000000088000000, 0x0000000088100000|  0%| F|  |TAMS 0x0000000088000000, 0x0000000088000000| Untracked 
|  65|0x0000000088100000, 0x0000000088100000, 0x0000000088200000|  0%| F|  |TAMS 0x0000000088100000, 0x0000000088100000| Untracked 
|  66|0x0000000088200000, 0x0000000088200000, 0x0000000088300000|  0%| F|  |TAMS 0x0000000088200000, 0x0000000088200000| Untracked 
|  67|0x0000000088300000, 0x0000000088300000, 0x0000000088400000|  0%| F|  |TAMS 0x0000000088300000, 0x0000000088300000| Untracked 
|  68|0x0000000088400000, 0x0000000088400000, 0x0000000088500000|  0%| F|  |TAMS 0x0000000088400000, 0x0000000088400000| Untracked 
|  69|0x0000000088500000, 0x0000000088500000, 0x0000000088600000|  0%| F|  |TAMS 0x0000000088500000, 0x0000000088500000| Untracked 
|  70|0x0000000088600000, 0x0000000088600000, 0x0000000088700000|  0%| F|  |TAMS 0x0000000088600000, 0x0000000088600000| Untracked 
|  71|0x0000000088700000, 0x0000000088700000, 0x0000000088800000|  0%| F|  |TAMS 0x0000000088700000, 0x0000000088700000| Untracked 
|  72|0x0000000088800000, 0x0000000088800000, 0x0000000088900000|  0%| F|  |TAMS 0x0000000088800000, 0x0000000088800000| Untracked 
|  73|0x0000000088900000, 0x0000000088900000, 0x0000000088a00000|  0%| F|  |TAMS 0x0000000088900000, 0x0000000088900000| Untracked 
|  74|0x0000000088a00000, 0x0000000088a00000, 0x0000000088b00000|  0%| F|  |TAMS 0x0000000088a00000, 0x0000000088a00000| Untracked 
|  75|0x0000000088b00000, 0x0000000088b00000, 0x0000000088c00000|  0%| F|  |TAMS 0x0000000088b00000, 0x0000000088b00000| Untracked 
|  76|0x0000000088c00000, 0x0000000088c00000, 0x0000000088d00000|  0%| F|  |TAMS 0x0000000088c00000, 0x0000000088c00000| Untracked 
|  77|0x0000000088d00000, 0x0000000088d00000, 0x0000000088e00000|  0%| F|  |TAMS 0x0000000088d00000, 0x0000000088d00000| Untracked 
|  78|0x0000000088e00000, 0x0000000088e00000, 0x0000000088f00000|  0%| F|  |TAMS 0x0000000088e00000, 0x0000000088e00000| Untracked 
|  79|0x0000000088f00000, 0x0000000088f00000, 0x0000000089000000|  0%| F|  |TAMS 0x0000000088f00000, 0x0000000088f00000| Untracked 
|  80|0x0000000089000000, 0x0000000089000000, 0x0000000089100000|  0%| F|  |TAMS 0x0000000089000000, 0x0000000089000000| Untracked 
|  81|0x0000000089100000, 0x0000000089100000, 0x0000000089200000|  0%| F|  |TAMS 0x0000000089100000, 0x0000000089100000| Untracked 
|  82|0x0000000089200000, 0x0000000089200000, 0x0000000089300000|  0%| F|  |TAMS 0x0000000089200000, 0x0000000089200000| Untracked 
|  83|0x0000000089300000, 0x0000000089300000, 0x0000000089400000|  0%| F|  |TAMS 0x0000000089300000, 0x0000000089300000| Untracked 
|  84|0x0000000089400000, 0x0000000089400000, 0x0000000089500000|  0%| F|  |TAMS 0x0000000089400000, 0x0000000089400000| Untracked 
|  85|0x0000000089500000, 0x0000000089580800, 0x0000000089600000| 50%| E|  |TAMS 0x0000000089500000, 0x0000000089500000| Complete 
|  86|0x0000000089600000, 0x0000000089700000, 0x0000000089700000|100%| E|CS|TAMS 0x0000000089600000, 0x0000000089600000| Complete 
|  87|0x0000000089700000, 0x0000000089800000, 0x0000000089800000|100%| E|CS|TAMS 0x0000000089700000, 0x0000000089700000| Complete 
|  88|0x0000000089800000, 0x0000000089900000, 0x0000000089900000|100%| E|CS|TAMS 0x0000000089800000, 0x0000000089800000| Complete 
|  89|0x0000000089900000, 0x0000000089a00000, 0x0000000089a00000|100%| E|CS|TAMS 0x0000000089900000, 0x0000000089900000| Complete 
|  90|0x0000000089a00000, 0x0000000089b00000, 0x0000000089b00000|100%| E|CS|TAMS 0x0000000089a00000, 0x0000000089a00000| Complete 
|  91|0x0000000089b00000, 0x0000000089c00000, 0x0000000089c00000|100%| E|CS|TAMS 0x0000000089b00000, 0x0000000089b00000| Complete 
|  92|0x0000000089c00000, 0x0000000089d00000, 0x0000000089d00000|100%| E|CS|TAMS 0x0000000089c00000, 0x0000000089c00000| Complete 
|  93|0x0000000089d00000, 0x0000000089e00000, 0x0000000089e00000|100%| E|CS|TAMS 0x0000000089d00000, 0x0000000089d00000| Complete 
|  94|0x0000000089e00000, 0x0000000089f00000, 0x0000000089f00000|100%| E|CS|TAMS 0x0000000089e00000, 0x0000000089e00000| Complete 
|  95|0x0000000089f00000, 0x000000008a000000, 0x000000008a000000|100%| E|CS|TAMS 0x0000000089f00000, 0x0000000089f00000| Complete 
|  96|0x000000008a000000, 0x000000008a100000, 0x000000008a100000|100%| E|CS|TAMS 0x000000008a000000, 0x000000008a000000| Complete 
|  97|0x000000008a100000, 0x000000008a200000, 0x000000008a200000|100%| E|CS|TAMS 0x000000008a100000, 0x000000008a100000| Complete 
|  98|0x000000008a200000, 0x000000008a300000, 0x000000008a300000|100%| E|CS|TAMS 0x000000008a200000, 0x000000008a200000| Complete 
|  99|0x000000008a300000, 0x000000008a400000, 0x000000008a400000|100%| E|CS|TAMS 0x000000008a300000, 0x000000008a300000| Complete 
| 100|0x000000008a400000, 0x000000008a500000, 0x000000008a500000|100%| E|CS|TAMS 0x000000008a400000, 0x000000008a400000| Complete 
| 101|0x000000008a500000, 0x000000008a600000, 0x000000008a600000|100%| E|CS|TAMS 0x000000008a500000, 0x000000008a500000| Complete 
| 102|0x000000008a600000, 0x000000008a700000, 0x000000008a700000|100%| E|CS|TAMS 0x000000008a600000, 0x000000008a600000| Complete 
| 103|0x000000008a700000, 0x000000008a800000, 0x000000008a800000|100%| E|CS|TAMS 0x000000008a700000, 0x000000008a700000| Complete 
| 104|0x000000008a800000, 0x000000008a900000, 0x000000008a900000|100%| E|CS|TAMS 0x000000008a800000, 0x000000008a800000| Complete 
| 105|0x000000008a900000, 0x000000008aa00000, 0x000000008aa00000|100%| E|CS|TAMS 0x000000008a900000, 0x000000008a900000| Complete 
| 106|0x000000008aa00000, 0x000000008ab00000, 0x000000008ab00000|100%| E|CS|TAMS 0x000000008aa00000, 0x000000008aa00000| Complete 
| 107|0x000000008ab00000, 0x000000008ac00000, 0x000000008ac00000|100%| E|CS|TAMS 0x000000008ab00000, 0x000000008ab00000| Complete 
| 108|0x000000008ac00000, 0x000000008ad00000, 0x000000008ad00000|100%| E|CS|TAMS 0x000000008ac00000, 0x000000008ac00000| Complete 
| 109|0x000000008ad00000, 0x000000008ae00000, 0x000000008ae00000|100%| E|CS|TAMS 0x000000008ad00000, 0x000000008ad00000| Complete 
| 110|0x000000008ae00000, 0x000000008af00000, 0x000000008af00000|100%| E|CS|TAMS 0x000000008ae00000, 0x000000008ae00000| Complete 
| 111|0x000000008af00000, 0x000000008b000000, 0x000000008b000000|100%| E|CS|TAMS 0x000000008af00000, 0x000000008af00000| Complete 
| 112|0x000000008b000000, 0x000000008b100000, 0x000000008b100000|100%| E|CS|TAMS 0x000000008b000000, 0x000000008b000000| Complete 
| 113|0x000000008b100000, 0x000000008b200000, 0x000000008b200000|100%| E|CS|TAMS 0x000000008b100000, 0x000000008b100000| Complete 
| 114|0x000000008b200000, 0x000000008b300000, 0x000000008b300000|100%| E|CS|TAMS 0x000000008b200000, 0x000000008b200000| Complete 
| 115|0x000000008b300000, 0x000000008b400000, 0x000000008b400000|100%| E|CS|TAMS 0x000000008b300000, 0x000000008b300000| Complete 
| 116|0x000000008b400000, 0x000000008b500000, 0x000000008b500000|100%| E|CS|TAMS 0x000000008b400000, 0x000000008b400000| Complete 
| 117|0x000000008b500000, 0x000000008b600000, 0x000000008b600000|100%| E|CS|TAMS 0x000000008b500000, 0x000000008b500000| Complete 
| 118|0x000000008b600000, 0x000000008b700000, 0x000000008b700000|100%| E|CS|TAMS 0x000000008b600000, 0x000000008b600000| Complete 
| 119|0x000000008b700000, 0x000000008b800000, 0x000000008b800000|100%| E|CS|TAMS 0x000000008b700000, 0x000000008b700000| Complete 
| 120|0x000000008b800000, 0x000000008b900000, 0x000000008b900000|100%| E|CS|TAMS 0x000000008b800000, 0x000000008b800000| Complete 
| 121|0x000000008b900000, 0x000000008ba00000, 0x000000008ba00000|100%| E|CS|TAMS 0x000000008b900000, 0x000000008b900000| Complete 
| 122|0x000000008ba00000, 0x000000008bb00000, 0x000000008bb00000|100%| E|CS|TAMS 0x000000008ba00000, 0x000000008ba00000| Complete 
| 123|0x000000008bb00000, 0x000000008bc00000, 0x000000008bc00000|100%| E|CS|TAMS 0x000000008bb00000, 0x000000008bb00000| Complete 

Card table byte_map: [0x0000017b3ef40000,0x0000017b3f320000] _byte_map_base: 0x0000017b3eb20000

Marking Bits (Prev, Next): (CMBitMap*) 0x0000017b280ca710, (CMBitMap*) 0x0000017b280ca750
 Prev Bits: [0x0000017b3f700000, 0x0000017b41600000)
 Next Bits: [0x0000017b41600000, 0x0000017b43500000)

Polling page: 0x0000017b27870000

Metaspace:

Usage:
  Non-class:     15.66 MB used.
      Class:      1.90 MB used.
       Both:     17.56 MB used.

Virtual space:
  Non-class space:       24.00 MB reserved,      15.81 MB ( 66%) committed,  3 nodes.
      Class space:        1.00 GB reserved,       2.00 MB ( <1%) committed,  1 nodes.
             Both:        1.02 GB reserved,      17.81 MB (  2%) committed. 

Chunk freelists:
   Non-Class:  3.84 MB
       Class:  1.91 MB
        Both:  5.75 MB

MaxMetaspaceSize: unlimited
CompressedClassSpaceSize: 1.00 GB
Initial GC threshold: 21.00 MB
Current GC threshold: 21.00 MB
CDS: on
MetaspaceReclaimPolicy: balanced
 - commit_granule_bytes: 65536.
 - commit_granule_words: 8192.
 - virtual_space_node_default_size: 1048576.
 - enlarge_chunks_in_place: 1.
 - new_chunks_are_fully_committed: 0.
 - uncommit_free_chunks: 1.
 - use_allocation_guard: 0.
 - handle_deallocations: 1.


Internal statistics:

num_allocs_failed_limit: 0.
num_arena_births: 114.
num_arena_deaths: 0.
num_vsnodes_births: 4.
num_vsnodes_deaths: 0.
num_space_committed: 285.
num_space_uncommitted: 0.
num_chunks_returned_to_freelist: 0.
num_chunks_taken_from_freelist: 722.
num_chunk_merges: 0.
num_chunk_splits: 494.
num_chunks_enlarged: 389.
num_purges: 0.
num_inconsistent_stats: 0.

CodeHeap 'non-profiled nmethods': size=120000Kb used=2075Kb max_used=2075Kb free=117924Kb
 bounds [0x0000017b37630000, 0x0000017b378a0000, 0x0000017b3eb60000]
CodeHeap 'profiled nmethods': size=120000Kb used=8921Kb max_used=8921Kb free=111079Kb
 bounds [0x0000017b30100000, 0x0000017b309c0000, 0x0000017b37630000]
CodeHeap 'non-nmethods': size=5760Kb used=1249Kb max_used=1249Kb free=4511Kb
 bounds [0x0000017b2fb60000, 0x0000017b2fdd0000, 0x0000017b30100000]
 total_blobs=4688 nmethods=4167 adapters=432
 compilation: enabled
              stopped_count=0, restarted_count=0
 full_count=0

Compilation events (20 events):
Event: 4.623 Thread 0x0000017b45991460 nmethod 4166 0x0000017b309aea90 code [0x0000017b309aec20, 0x0000017b309aedb8]
Event: 4.705 Thread 0x0000017b45991460 4167       1       org.apache.maven.surefire.api.stream.AbstractStreamDecoder$Memento::access$000 (5 bytes)
Event: 4.705 Thread 0x0000017b45991460 nmethod 4167 0x0000017b37834790 code [0x0000017b37834920, 0x0000017b378349d8]
Event: 4.705 Thread 0x0000017b45991460 4168       1       org.apache.maven.surefire.api.stream.AbstractStreamDecoder$Memento::getLine (5 bytes)
Event: 4.706 Thread 0x0000017b45991460 nmethod 4168 0x0000017b37834a90 code [0x0000017b37834c20, 0x0000017b37834cf8]
Event: 4.706 Thread 0x0000017b45991460 4169       1       org.apache.maven.surefire.api.stream.AbstractStreamDecoder$Memento::getByteBuffer (5 bytes)
Event: 4.706 Thread 0x0000017b45991460 nmethod 4169 0x0000017b37834d90 code [0x0000017b37834f20, 0x0000017b37834ff8]
Event: 4.706 Thread 0x0000017b45991460 4170       1       org.apache.maven.surefire.api.stream.AbstractStreamDecoder$MalformedFrameException::readFrom (5 bytes)
Event: 4.706 Thread 0x0000017b45991460 nmethod 4170 0x0000017b37835090 code [0x0000017b37835220, 0x0000017b378352f8]
Event: 4.708 Thread 0x0000017b46e05ce0 4171       4       java.nio.CharBuffer::arrayOffset (35 bytes)
Event: 4.709 Thread 0x0000017b46e05ce0 nmethod 4171 0x0000017b37835390 code [0x0000017b37835500, 0x0000017b378355b8]
Event: 4.711 Thread 0x0000017b45991460 4173       1       org.apache.maven.surefire.api.stream.AbstractStreamDecoder$BufferedStream::getPositionByteBuffer (5 bytes)
Event: 4.711 Thread 0x0000017b45991460 nmethod 4173 0x0000017b37835990 code [0x0000017b37835b20, 0x0000017b37835bf8]
Event: 4.712 Thread 0x0000017b45991460 4175       3       java.lang.Throwable::<init> (29 bytes)
Event: 4.712 Thread 0x0000017b45991460 nmethod 4175 0x0000017b309aee90 code [0x0000017b309af040, 0x0000017b309af3a8]
Event: 4.712 Thread 0x0000017b45991460 4174       1       org.apache.maven.surefire.api.stream.AbstractStreamDecoder$MalformedFrameException::readTo (5 bytes)
Event: 4.712 Thread 0x0000017b45991460 nmethod 4174 0x0000017b37835c90 code [0x0000017b37835e20, 0x0000017b37835ef8]
Event: 4.712 Thread 0x0000017b45991460 4176  s    1       java.lang.StringBuffer::length (5 bytes)
Event: 4.712 Thread 0x0000017b46e05ce0 4177       4       java.nio.CharBuffer::<init> (24 bytes)
Event: 4.712 Thread 0x0000017b45991460 nmethod 4176 0x0000017b37835f90 code [0x0000017b37836120, 0x0000017b37836298]

GC Heap History (8 events):
Event: 0.710 GC heap before
{Heap before GC invocations=0 (full 0):
 garbage-first heap   total 126976K, used 13312K [0x0000000084000000, 0x0000000100000000)
  region size 1024K, 13 young (13312K), 0 survivors (0K)
 Metaspace       used 3657K, committed 3776K, reserved 1056768K
  class space    used 390K, committed 448K, reserved 1048576K
}
Event: 0.716 GC heap after
{Heap after GC invocations=1 (full 0):
 garbage-first heap   total 126976K, used 2838K [0x0000000084000000, 0x0000000100000000)
  region size 1024K, 2 young (2048K), 2 survivors (2048K)
 Metaspace       used 3657K, committed 3776K, reserved 1056768K
  class space    used 390K, committed 448K, reserved 1048576K
}
Event: 1.134 GC heap before
{Heap before GC invocations=1 (full 0):
 garbage-first heap   total 126976K, used 18198K [0x0000000084000000, 0x0000000100000000)
  region size 1024K, 17 young (17408K), 2 survivors (2048K)
 Metaspace       used 5648K, committed 5760K, reserved 1056768K
  class space    used 658K, committed 704K, reserved 1048576K
}
Event: 1.140 GC heap after
{Heap after GC invocations=2 (full 0):
 garbage-first heap   total 126976K, used 3682K [0x0000000084000000, 0x0000000100000000)
  region size 1024K, 1 young (1024K), 1 survivors (1024K)
 Metaspace       used 5648K, committed 5760K, reserved 1056768K
  class space    used 658K, committed 704K, reserved 1048576K
}
Event: 2.748 GC heap before
{Heap before GC invocations=2 (full 0):
 garbage-first heap   total 126976K, used 78434K [0x0000000084000000, 0x0000000100000000)
  region size 1024K, 74 young (75776K), 1 survivors (1024K)
 Metaspace       used 12440K, committed 12608K, reserved 1064960K
  class space    used 1422K, committed 1536K, reserved 1048576K
}
Event: 2.771 GC heap after
{Heap after GC invocations=3 (full 0):
 garbage-first heap   total 126976K, used 11413K [0x0000000084000000, 0x0000000100000000)
  region size 1024K, 9 young (9216K), 9 survivors (9216K)
 Metaspace       used 12440K, committed 12608K, reserved 1064960K
  class space    used 1422K, committed 1536K, reserved 1048576K
}
Event: 3.777 GC heap before
{Heap before GC invocations=3 (full 0):
 garbage-first heap   total 126976K, used 106645K [0x0000000084000000, 0x0000000100000000)
  region size 1024K, 71 young (72704K), 9 survivors (9216K)
 Metaspace       used 14776K, committed 14976K, reserved 1064960K
  class space    used 1606K, committed 1728K, reserved 1048576K
}
Event: 3.803 GC heap after
{Heap after GC invocations=4 (full 0):
 garbage-first heap   total 126976K, used 16419K [0x0000000084000000, 0x0000000100000000)
  region size 1024K, 6 young (6144K), 6 survivors (6144K)
 Metaspace       used 14776K, committed 14976K, reserved 1064960K
  class space    used 1606K, committed 1728K, reserved 1048576K
}

Deoptimization events (20 events):
Event: 4.477 Thread 0x0000017b2808bf30 Uncommon trap: trap_request=0xffffffde fr.pc=0x0000017b37769568 relative=0x0000000000000068
Event: 4.477 Thread 0x0000017b2808bf30 Uncommon trap: reason=class_check action=maybe_recompile pc=0x0000017b37769568 method=java.util.Collections$UnmodifiableMap$UnmodifiableEntrySet$UnmodifiableEntry.getKey()Ljava/lang/Object; @ 4 c2
Event: 4.477 Thread 0x0000017b2808bf30 DEOPT PACKING pc=0x0000017b37769568 sp=0x00000056e7afd550
Event: 4.477 Thread 0x0000017b2808bf30 DEOPT UNPACKING pc=0x0000017b2fbb239d sp=0x00000056e7afd4e0 mode 2
Event: 4.477 Thread 0x0000017b2808bf30 Uncommon trap: trap_request=0xffffffde fr.pc=0x0000017b37769868 relative=0x0000000000000068
Event: 4.477 Thread 0x0000017b2808bf30 Uncommon trap: reason=class_check action=maybe_recompile pc=0x0000017b37769868 method=java.util.Collections$UnmodifiableMap$UnmodifiableEntrySet$UnmodifiableEntry.getValue()Ljava/lang/Object; @ 4 c2
Event: 4.477 Thread 0x0000017b2808bf30 DEOPT PACKING pc=0x0000017b37769868 sp=0x00000056e7afd540
Event: 4.477 Thread 0x0000017b2808bf30 DEOPT UNPACKING pc=0x0000017b2fbb239d sp=0x00000056e7afd4d0 mode 2
Event: 4.525 Thread 0x0000017b474a9870 Uncommon trap: trap_request=0xffffffc6 fr.pc=0x0000017b377980c0 relative=0x0000000000000280
Event: 4.525 Thread 0x0000017b474a9870 Uncommon trap: reason=bimorphic_or_optimized_type_check action=maybe_recompile pc=0x0000017b377980c0 method=java.util.regex.Matcher.getTextLength()I @ 4 c2
Event: 4.525 Thread 0x0000017b474a9870 DEOPT PACKING pc=0x0000017b377980c0 sp=0x00000056e94ff290
Event: 4.525 Thread 0x0000017b474a9870 DEOPT UNPACKING pc=0x0000017b2fbb239d sp=0x00000056e94ff1b8 mode 2
Event: 4.526 Thread 0x0000017b474a9870 Uncommon trap: trap_request=0xffffff45 fr.pc=0x0000017b3781fcb8 relative=0x0000000000000478
Event: 4.526 Thread 0x0000017b474a9870 Uncommon trap: reason=unstable_if action=reinterpret pc=0x0000017b3781fcb8 method=java.lang.String.getBytes([BIIBI)V @ 6 c2
Event: 4.526 Thread 0x0000017b474a9870 DEOPT PACKING pc=0x0000017b3781fcb8 sp=0x00000056e94ff1e0
Event: 4.526 Thread 0x0000017b474a9870 DEOPT UNPACKING pc=0x0000017b2fbb239d sp=0x00000056e94feff0 mode 2
Event: 4.527 Thread 0x0000017b474a9870 Uncommon trap: trap_request=0xffffffc6 fr.pc=0x0000017b377980c0 relative=0x0000000000000280
Event: 4.527 Thread 0x0000017b474a9870 Uncommon trap: reason=bimorphic_or_optimized_type_check action=maybe_recompile pc=0x0000017b377980c0 method=java.util.regex.Matcher.getTextLength()I @ 4 c2
Event: 4.527 Thread 0x0000017b474a9870 DEOPT PACKING pc=0x0000017b377980c0 sp=0x00000056e94ff260
Event: 4.527 Thread 0x0000017b474a9870 DEOPT UNPACKING pc=0x0000017b2fbb239d sp=0x00000056e94ff190 mode 2

Classes unloaded (0 events):
No events

Classes redefined (0 events):
No events

Internal exceptions (20 events):
Event: 0.842 Thread 0x0000017b2808bf30 Exception <a 'java/lang/NoClassDefFoundError'{0x000000008b9a7590}: javax/enterprise/inject/Typed> (0x000000008b9a7590) 
thrown [e:\jenkins\tmp\workspace\build\src\src\hotspot\share\classfile\systemDictionary.cpp, line 245]
Event: 1.789 Thread 0x0000017b2808bf30 Exception <a 'java/lang/NoClassDefFoundError'{0x000000008a45e1d8}: com/google/inject/servlet/ServletModuleTargetVisitor> (0x000000008a45e1d8) 
thrown [e:\jenkins\tmp\workspace\build\src\src\hotspot\share\classfile\systemDictionary.cpp, line 245]
Event: 1.875 Thread 0x0000017b2808bf30 Exception <a 'java/lang/NoSuchMethodError'{0x000000008a3aace8}: 'java.lang.Object java.lang.invoke.DirectMethodHandle$Holder.invokeStaticInit(java.lang.Object, int, int, int, int)'> (0x000000008a3aace8) 
thrown [e:\jenkins\tmp\workspace\build\src\src\hotspot\share\interpreter\linkResolver.cpp, line 766]
Event: 2.015 Thread 0x0000017b2808bf30 Implicit null exception at 0x0000017b376591f2 to 0x0000017b376596e0
Event: 2.015 Thread 0x0000017b2808bf30 Implicit null exception at 0x0000017b376586f2 to 0x0000017b37658c18
Event: 3.093 Thread 0x0000017b2808bf30 Implicit null exception at 0x0000017b376d4eea to 0x0000017b376d509c
Event: 3.093 Thread 0x0000017b2808bf30 Implicit null exception at 0x0000017b376bf1ea to 0x0000017b376bf3a4
Event: 3.094 Thread 0x0000017b2808bf30 Implicit null exception at 0x0000017b37698d8f to 0x0000017b37698e09
Event: 3.360 Thread 0x0000017b2808bf30 Exception <a 'java/lang/NoSuchMethodError'{0x0000000088f35d78}: 'int java.lang.invoke.DirectMethodHandle$Holder.invokeStatic(java.lang.Object, java.lang.Object, int)'> (0x0000000088f35d78) 
thrown [e:\jenkins\tmp\workspace\build\src\src\hotspot\share\interpreter\linkResolver.cpp, line 766]
Event: 4.037 Thread 0x0000017b47eed3a0 Implicit null exception at 0x0000017b377e3f0e to 0x0000017b377e3fd0
Event: 4.042 Thread 0x0000017b47eed3a0 Exception <a 'java/lang/NoSuchMethodError'{0x000000008a8bce88}: 'java.lang.Object java.lang.invoke.DirectMethodHandle$Holder.invokeStaticInit(java.lang.Object)'> (0x000000008a8bce88) 
thrown [e:\jenkins\tmp\workspace\build\src\src\hotspot\share\interpreter\linkResolver.cpp, line 766]
Event: 4.045 Thread 0x0000017b47eed3a0 Exception <a 'java/lang/NoSuchMethodError'{0x000000008a8c6a90}: 'java.lang.Object java.lang.invoke.DirectMethodHandle$Holder.invokeStaticInit(java.lang.Object, java.lang.Object, long, java.lang.Object)'> (0x000000008a8c6a90) 
thrown [e:\jenkins\tmp\workspace\build\src\src\hotspot\share\interpreter\linkResolver.cpp, line 766]
Event: 4.049 Thread 0x0000017b47eed3a0 Exception <a 'java/lang/NoSuchMethodError'{0x000000008a8cd398}: 'java.lang.Object java.lang.invoke.DirectMethodHandle$Holder.newInvokeSpecial(java.lang.Object, java.lang.Object, long)'> (0x000000008a8cd398) 
thrown [e:\jenkins\tmp\workspace\build\src\src\hotspot\share\interpreter\linkResolver.cpp, line 766]
Event: 4.050 Thread 0x0000017b47eed3a0 Exception <a 'java/lang/NoSuchMethodError'{0x000000008a8d1688}: 'java.lang.Object java.lang.invoke.Invokers$Holder.linkToTargetMethod(java.lang.Object, long, java.lang.Object)'> (0x000000008a8d1688) 
thrown [e:\jenkins\tmp\workspace\build\src\src\hotspot\share\interpreter\linkResolver.cpp, line 766]
Event: 4.090 Thread 0x0000017b2808bf30 Exception <a 'java/lang/NoSuchMethodError'{0x000000008a5f7eb0}: 'void java.lang.invoke.DirectMethodHandle$Holder.invokeSpecial(java.lang.Object, java.lang.Object, java.lang.Object)'> (0x000000008a5f7eb0) 
thrown [e:\jenkins\tmp\workspace\build\src\src\hotspot\share\interpreter\linkResolver.cpp, line 766]
Event: 4.091 Thread 0x0000017b2808bf30 Exception <a 'java/lang/NoSuchMethodError'{0x000000008a5ff278}: 'int java.lang.invoke.DirectMethodHandle$Holder.invokeInterface(java.lang.Object, java.lang.Object)'> (0x000000008a5ff278) 
thrown [e:\jenkins\tmp\workspace\build\src\src\hotspot\share\interpreter\linkResolver.cpp, line 766]
Event: 4.185 Thread 0x0000017b2808bf30 Exception <a 'java/lang/NoSuchMethodError'{0x000000008a4e2be8}: 'java.lang.Object java.lang.invoke.DirectMethodHandle$Holder.invokeStaticInit(java.lang.Object, java.lang.Object, int, int, int, int)'> (0x000000008a4e2be8) 
thrown [e:\jenkins\tmp\workspace\build\src\src\hotspot\share\interpreter\linkResolver.cpp, line 766]
Event: 4.369 Thread 0x0000017b2808bf30 Implicit null exception at 0x0000017b376afcd8 to 0x0000017b376afd6e
Event: 4.488 Thread 0x0000017b2808bf30 Exception <a 'java/lang/NoSuchMethodError'{0x000000008980ebc8}: 'void java.lang.invoke.DirectMethodHandle$Holder.invokeStatic(java.lang.Object, long)'> (0x000000008980ebc8) 
thrown [e:\jenkins\tmp\workspace\build\src\src\hotspot\share\interpreter\linkResolver.cpp, line 766]
Event: 4.489 Thread 0x0000017b2808bf30 Exception <a 'java/lang/NoSuchMethodError'{0x00000000898143a0}: 'java.lang.Object java.lang.invoke.DirectMethodHandle$Holder.newInvokeSpecial(java.lang.Object, long)'> (0x00000000898143a0) 
thrown [e:\jenkins\tmp\workspace\build\src\src\hotspot\share\interpreter\linkResolver.cpp, line 766]

VM Operations (20 events):
Event: 4.106 Executing VM operation: HandshakeAllThreads
Event: 4.106 Executing VM operation: HandshakeAllThreads done
Event: 4.155 Executing VM operation: HandshakeAllThreads
Event: 4.155 Executing VM operation: HandshakeAllThreads done
Event: 4.311 Executing VM operation: HandshakeAllThreads
Event: 4.311 Executing VM operation: HandshakeAllThreads done
Event: 4.312 Executing VM operation: HandshakeAllThreads
Event: 4.312 Executing VM operation: HandshakeAllThreads done
Event: 4.315 Executing VM operation: HandshakeAllThreads
Event: 4.316 Executing VM operation: HandshakeAllThreads done
Event: 4.371 Executing VM operation: ICBufferFull
Event: 4.371 Executing VM operation: ICBufferFull done
Event: 4.410 Executing VM operation: HandshakeAllThreads
Event: 4.410 Executing VM operation: HandshakeAllThreads done
Event: 4.413 Executing VM operation: HandshakeAllThreads
Event: 4.413 Executing VM operation: HandshakeAllThreads done
Event: 4.414 Executing VM operation: HandshakeAllThreads
Event: 4.414 Executing VM operation: HandshakeAllThreads done
Event: 4.491 Executing VM operation: HandshakeAllThreads
Event: 4.491 Executing VM operation: HandshakeAllThreads done

Events (20 events):
Event: 4.490 loading class java/lang/Process$PipeInputStream done
Event: 4.491 loading class jdk/internal/event/ProcessStartEvent
Event: 4.491 loading class jdk/internal/event/Event
Event: 4.491 loading class jdk/internal/event/Event done
Event: 4.491 loading class jdk/internal/event/ProcessStartEvent done
Event: 4.492 loading class java/nio/channels/ClosedChannelException
Event: 4.492 loading class java/nio/channels/ClosedChannelException done
Event: 4.496 loading class java/nio/channels/NonReadableChannelException
Event: 4.496 loading class java/nio/channels/NonReadableChannelException done
Event: 4.497 loading class java/nio/channels/NonWritableChannelException
Event: 4.497 loading class java/nio/channels/NonWritableChannelException done
Event: 4.516 Thread 0x0000017b474a9870 Thread added: 0x0000017b474a9870
Event: 4.516 Thread 0x0000017b474ab550 Thread added: 0x0000017b474ab550
Event: 4.520 loading class java/util/Scanner
Event: 4.521 loading class java/util/Scanner done
Event: 4.525 loading class java/util/Scanner$PatternLRUCache
Event: 4.525 loading class java/util/Scanner$PatternLRUCache done
Event: 4.532 Thread 0x0000017b474aba20 Thread added: 0x0000017b474aba20
Event: 4.709 loading class java/util/concurrent/atomic/Striped64$1
Event: 4.709 loading class java/util/concurrent/atomic/Striped64$1 done


Dynamic libraries:
0x00007ff6a52d0000 - 0x00007ff6a52de000 	C:\Users\zd2N06\pleiades\java\17\bin\javaw.exe
0x00007ff80a2f0000 - 0x00007ff80a4e8000 	C:\WINDOWS\SYSTEM32\ntdll.dll
0x00007ff809980000 - 0x00007ff809a3f000 	C:\WINDOWS\System32\KERNEL32.DLL
0x00007ff807bb0000 - 0x00007ff807ea6000 	C:\WINDOWS\System32\KERNELBASE.dll
0x00007ff807eb0000 - 0x00007ff807fb0000 	C:\WINDOWS\System32\ucrtbase.dll
0x00007ffffdba0000 - 0x00007ffffdbb9000 	C:\Users\zd2N06\pleiades\java\17\bin\VCRUNTIME140.dll
0x00007fffebf20000 - 0x00007fffebf38000 	C:\Users\zd2N06\pleiades\java\17\bin\jli.dll
0x00007ff809220000 - 0x00007ff8093bd000 	C:\WINDOWS\System32\USER32.dll
0x00007ff807a90000 - 0x00007ff807ab2000 	C:\WINDOWS\System32\win32u.dll
0x00007ff809800000 - 0x00007ff80982c000 	C:\WINDOWS\System32\GDI32.dll
0x00007fffe9150000 - 0x00007fffe93ea000 	C:\WINDOWS\WinSxS\amd64_microsoft.windows.common-controls_6595b64144ccf1df_6.0.19041.1110_none_60b5254171f9507e\COMCTL32.dll
0x00007ff808020000 - 0x00007ff808135000 	C:\WINDOWS\System32\gdi32full.dll
0x00007ff809180000 - 0x00007ff80921e000 	C:\WINDOWS\System32\msvcrt.dll
0x00007ff807ac0000 - 0x00007ff807b5d000 	C:\WINDOWS\System32\msvcp_win.dll
0x00007ff8088d0000 - 0x00007ff808900000 	C:\WINDOWS\System32\IMM32.DLL
0x00007ff802ad0000 - 0x00007ff802adc000 	C:\Users\zd2N06\pleiades\java\17\bin\vcruntime140_1.dll
0x00007fffebd10000 - 0x00007fffebda1000 	C:\Users\zd2N06\pleiades\java\17\bin\msvcp140.dll
0x00007fffd4640000 - 0x00007fffd5287000 	C:\Users\zd2N06\pleiades\java\17\bin\server\jvm.dll
0x00007ff809830000 - 0x00007ff8098df000 	C:\WINDOWS\System32\ADVAPI32.dll
0x00007ff8098e0000 - 0x00007ff80997c000 	C:\WINDOWS\System32\sechost.dll
0x00007ff809560000 - 0x00007ff809686000 	C:\WINDOWS\System32\RPCRT4.dll
0x00007ff8083b0000 - 0x00007ff8083b8000 	C:\WINDOWS\System32\PSAPI.DLL
0x00007ffff8970000 - 0x00007ffff8979000 	C:\WINDOWS\SYSTEM32\WSOCK32.dll
0x00007ff80a230000 - 0x00007ff80a29b000 	C:\WINDOWS\System32\WS2_32.dll
0x00007ffffdcf0000 - 0x00007ffffdd17000 	C:\WINDOWS\SYSTEM32\WINMM.dll
0x00007ff800080000 - 0x00007ff80008a000 	C:\WINDOWS\SYSTEM32\VERSION.dll
0x00007ff8056b0000 - 0x00007ff8056c2000 	C:\WINDOWS\SYSTEM32\kernel.appcore.dll
0x00007ffffd880000 - 0x00007ffffd88a000 	C:\Users\zd2N06\pleiades\java\17\bin\jimage.dll
0x00007ff800c70000 - 0x00007ff800e54000 	C:\WINDOWS\SYSTEM32\DBGHELP.DLL
0x00007ff800c30000 - 0x00007ff800c64000 	C:\WINDOWS\SYSTEM32\dbgcore.DLL
0x00007ff807a00000 - 0x00007ff807a82000 	C:\WINDOWS\System32\bcryptPrimitives.dll
0x00007fffebef0000 - 0x00007fffebf15000 	C:\Users\zd2N06\pleiades\java\17\bin\java.dll
0x00007fffe5330000 - 0x00007fffe5406000 	C:\Users\zd2N06\pleiades\java\17\bin\jsvml.dll
0x00007ff808960000 - 0x00007ff8090a4000 	C:\WINDOWS\System32\SHELL32.dll
0x00007ff8058b0000 - 0x00007ff806043000 	C:\WINDOWS\SYSTEM32\windows.storage.dll
0x00007ff8083c0000 - 0x00007ff808714000 	C:\WINDOWS\System32\combase.dll
0x00007ff807410000 - 0x00007ff80743e000 	C:\WINDOWS\SYSTEM32\Wldp.dll
0x00007ff809eb0000 - 0x00007ff809f5d000 	C:\WINDOWS\System32\SHCORE.dll
0x00007ff8094f0000 - 0x00007ff809545000 	C:\WINDOWS\System32\shlwapi.dll
0x00007ff807900000 - 0x00007ff807925000 	C:\WINDOWS\SYSTEM32\profapi.dll
0x00007fffebeb0000 - 0x00007fffebec9000 	C:\Users\zd2N06\pleiades\java\17\bin\net.dll
0x00007ff8000d0000 - 0x00007ff8001da000 	C:\WINDOWS\SYSTEM32\WINHTTP.dll
0x00007ff807170000 - 0x00007ff8071da000 	C:\WINDOWS\system32\mswsock.dll
0x00007fffebe90000 - 0x00007fffebea5000 	C:\Users\zd2N06\pleiades\java\17\bin\nio.dll
0x00007fffebed0000 - 0x00007fffebee8000 	C:\Users\zd2N06\pleiades\java\17\bin\zip.dll
0x0000000069ac0000 - 0x0000000069ae4000 	C:\Users\zd2N06\AppData\Local\Temp\jansi-2.4.0-b300ae07d77857aa-jansi.dll
0x00007ffffce20000 - 0x00007ffffce30000 	C:\Users\zd2N06\pleiades\java\17\bin\verify.dll
0x00007ff807360000 - 0x00007ff807378000 	C:\WINDOWS\SYSTEM32\CRYPTSP.dll
0x00007ff8069b0000 - 0x00007ff8069e4000 	C:\WINDOWS\system32\rsaenh.dll
0x00007ff8079d0000 - 0x00007ff8079f7000 	C:\WINDOWS\System32\bcrypt.dll
0x00007ff8078c0000 - 0x00007ff8078ee000 	C:\WINDOWS\SYSTEM32\USERENV.dll
0x00007ff807380000 - 0x00007ff80738c000 	C:\WINDOWS\SYSTEM32\CRYPTBASE.dll
0x00007ff806dd0000 - 0x00007ff806e0b000 	C:\WINDOWS\SYSTEM32\IPHLPAPI.DLL
0x00007ff809550000 - 0x00007ff809558000 	C:\WINDOWS\System32\NSI.dll
0x00007ff803320000 - 0x00007ff803337000 	C:\WINDOWS\SYSTEM32\dhcpcsvc6.DLL
0x00007ff803300000 - 0x00007ff80331d000 	C:\WINDOWS\SYSTEM32\dhcpcsvc.DLL
0x00007ff806e30000 - 0x00007ff806efa000 	C:\WINDOWS\SYSTEM32\DNSAPI.dll

dbghelp: loaded successfully - version: 4.0.5 - missing functions: none
symbol engine: initialized successfully - sym options: 0x614 - pdb path: .;C:\Users\zd2N06\pleiades\java\17\bin;C:\WINDOWS\SYSTEM32;C:\WINDOWS\WinSxS\amd64_microsoft.windows.common-controls_6595b64144ccf1df_6.0.19041.1110_none_60b5254171f9507e;C:\Users\zd2N06\pleiades\java\17\bin\server;C:\Users\zd2N06\AppData\Local\Temp

VM Arguments:
jvm_args: -Dmaven.home=EMBEDDED -Dclassworlds.conf=C:\Users\zd2N06\pleiades\workspace\.metadata\.plugins\org.eclipse.m2e.launching\launches\m2conf15031011417166509696.tmp -Dmaven.multiModuleProjectDirectory=C:\Users\zd2N06\pleiades\workspace\BookMmarker2 -Dfile.encoding=UTF-8 -XX:+ShowCodeDetailsInExceptionMessages 
java_command: org.codehaus.plexus.classworlds.launcher.Launcher -Ppom.xml -B package
java_class_path (initial): C:\Users\zd2N06\pleiades\eclipse\plugins\org.eclipse.m2e.maven.runtime_1.18.3.20220227-1319\jars\plexus-classworlds-2.6.0.jar
Launcher Type: SUN_STANDARD

[Global flags]
     intx CICompilerCount                          = 3                                         {product} {ergonomic}
     uint ConcGCThreads                            = 1                                         {product} {ergonomic}
     uint G1ConcRefinementThreads                  = 4                                         {product} {ergonomic}
   size_t G1HeapRegionSize                         = 1048576                                   {product} {ergonomic}
    uintx GCDrainStackTargetSize                   = 64                                        {product} {ergonomic}
   size_t InitialHeapSize                          = 130023424                                 {product} {ergonomic}
   size_t MarkStackSize                            = 4194304                                   {product} {ergonomic}
   size_t MaxHeapSize                              = 2080374784                                {product} {ergonomic}
   size_t MaxNewSize                               = 1247805440                                {product} {ergonomic}
   size_t MinHeapDeltaBytes                        = 1048576                                   {product} {ergonomic}
   size_t MinHeapSize                              = 8388608                                   {product} {ergonomic}
    uintx NonNMethodCodeHeapSize                   = 5832780                                {pd product} {ergonomic}
    uintx NonProfiledCodeHeapSize                  = 122912730                              {pd product} {ergonomic}
    uintx ProfiledCodeHeapSize                     = 122912730                              {pd product} {ergonomic}
    uintx ReservedCodeCacheSize                    = 251658240                              {pd product} {ergonomic}
     bool SegmentedCodeCache                       = true                                      {product} {ergonomic}
     bool ShowCodeDetailsInExceptionMessages       = true                                   {manageable} {command line}
   size_t SoftMaxHeapSize                          = 2080374784                             {manageable} {ergonomic}
     bool UseCompressedClassPointers               = true                           {product lp64_product} {ergonomic}
     bool UseCompressedOops                        = true                           {product lp64_product} {ergonomic}
     bool UseG1GC                                  = true                                      {product} {ergonomic}
     bool UseLargePagesIndividualAllocation        = false                                  {pd product} {ergonomic}

Logging:
Log output configuration:
 #0: stdout all=warning uptime,level,tags
 #1: stderr all=off uptime,level,tags

Environment Variables:
JAVA_HOME=C:\Program Files\Java\jdk1.8.0_131
PATH=C:/Users/zd2N06/pleiades/java/17/bin/server;C:/Users/zd2N06/pleiades/java/17/bin;C:\Program Files\Common Files\Microsoft Shared\Windows Live;C:\Program Files (x86)\Common Files\Microsoft Shared\Windows Live;C:\WINDOWS\system32;C:\WINDOWS;C:\WINDOWS\System32\Wbem;C:\WINDOWS\System32\WindowsPowerShell\v1.0\;C:\Program Files (x86)\ATI Technologies\ATI.ACE\Core-Static;C:\Program Files (x86)\Windows Live\Shared;C:\Program Files\vim;C:\Program Files\Sublime Text 3;C:\Ruby23-x64\bin\;C:\ruby-2.4.0\bin\;C:\Users\zd2D28\AppData\Roaming\npm\;C:\Users\zd2D28\AppData\Local\Programs\Git\cmd;C:\WINDOWS\system32;C:\WINDOWS;C:\WINDOWS\System32\Wbem;C:\WINDOWS\System32\WindowsPowerShell\v1.0\;C:\WINDOWS\System32\OpenSSH\;D:\Program Files\Microsoft VS Code\bin;C:\Program Files\Git\cmd;C:\Program Files\nodejs\;C:\Users\zd2N06\AppData\Local\Microsoft\WindowsApps;C:\Users\zd2N06\Documents\Microsoft VS Code\bin;C:\Users\zd2N06\pleiades\eclipse;
USERNAME=zd2N06
OS=Windows_NT
PROCESSOR_IDENTIFIER=AMD64 Family 16 Model 4 Stepping 3, AuthenticAMD



---------------  S Y S T E M  ---------------

OS:
 Windows 10 , 64 bit Build 19041 (10.0.19041.3155)
OS uptime: 0 days 6:39 hours

CPU: total 4 (initial active 4) (4 cores per cpu, 1 threads per core) family 16 model 4 stepping 3 microcode 0x0, cx8, cmov, fxsr, mmx, 3dnowpref, sse, sse2, sse3, sse4a, popcnt, lzcnt, tsc, tscinvbit, clflush

Memory: 4k page, system-wide physical 7935M (1170M free)
TotalPageFile size 7935M (AvailPageFile size 203M)
current process WorkingSet (physical memory assigned to process): 218M, peak: 223M
current process commit charge ("private bytes"): 255M, peak: 261M

vm_info: OpenJDK 64-Bit Server VM (17.0.2+8) for windows-amd64 JRE (17.0.2+8), built on Jan 20 2022 04:52:34 by "" with MS VC++ 16.7 (VS2019)

END.
