#
# There is insufficient memory for the Java Runtime Environment to continue.
# Native memory allocation (mmap) failed to map 130023424 bytes for G1 virtual space
# Possible reasons:
#   The system is out of physical RAM or swap space
#   The process is running with CompressedOops enabled, and the Java Heap may be blocking the growth of the native heap
# Possible solutions:
#   Reduce memory load on the system
#   Increase physical memory or swap space
#   Check if swap backing store is full
#   Decrease Java heap size (-Xmx/-Xms)
#   Decrease number of Java threads
#   Decrease Java thread stack sizes (-Xss)
#   Set larger code cache with -XX:ReservedCodeCacheSize=
#   JVM is running with Unscaled Compressed Oops mode in which the Java heap is
#     placed in the first 4GB address space. The Java Heap base address is the
#     maximum limit for the native heap growth. Please use -XX:HeapBaseMinAddress
#     to set the Java Heap base and to place the Java Heap above 4GB virtual address.
# This output file may be truncated or incomplete.
#
#  Out of Memory Error (os_windows.cpp:3532), pid=11680, tid=11624
#
# JRE version:  (17.0.2+8) (build )
# Java VM: OpenJDK 64-Bit Server VM (17.0.2+8, mixed mode, sharing, tiered, compressed oops, compressed class ptrs, g1 gc, windows-amd64)
# No core dump will be written. Minidumps are not enabled by default on client versions of Windows
#

---------------  S U M M A R Y ------------

Command Line: C:\Users\zd2N06\AppData\Local\Temp\surefire975361585350988451\surefirebooter-20231003144733345_3.jar C:\Users\zd2N06\AppData\Local\Temp\surefire975361585350988451 2023-10-03T14-47-33_042-jvmRun1 surefire-20231003144733345_1tmp surefire_0-20231003144733345_2tmp

Host: AMD Phenom(tm) II X4 955 Processor, 4 cores, 7G,  Windows 10 , 64 bit Build 19041 (10.0.19041.3155)
Time: Tue Oct  3 14:47:33 2023  Windows 10 , 64 bit Build 19041 (10.0.19041.3155) elapsed time: 0.016520 seconds (0d 0h 0m 0s)

---------------  T H R E A D  ---------------

Current thread (0x00000299ece7e5f0):  JavaThread "Unknown thread" [_thread_in_vm, id=11624, stack(0x0000009f94000000,0x0000009f94100000)]

Stack: [0x0000009f94000000,0x0000009f94100000]
Native frames: (J=compiled Java code, j=interpreted, Vv=VM code, C=native code)
V  [jvm.dll+0x67564a]
V  [jvm.dll+0x82fc04]
V  [jvm.dll+0x8313ae]
V  [jvm.dll+0x831a13]
V  [jvm.dll+0x245235]
V  [jvm.dll+0x672539]
V  [jvm.dll+0x666e82]
V  [jvm.dll+0x30401b]
V  [jvm.dll+0x30b566]
V  [jvm.dll+0x35b1fe]
V  [jvm.dll+0x35b42f]
V  [jvm.dll+0x2daf58]
V  [jvm.dll+0x2dbec4]
V  [jvm.dll+0x801881]
V  [jvm.dll+0x368f81]
V  [jvm.dll+0x7e0cdc]
V  [jvm.dll+0x3eb8bf]
V  [jvm.dll+0x3ed441]
C  [jli.dll+0x5277]
C  [ucrtbase.dll+0x21bb2]
C  [KERNEL32.DLL+0x17614]
C  [ntdll.dll+0x526b1]


---------------  P R O C E S S  ---------------

Threads class SMR info:
_java_thread_list=0x00007fffd5155e98, length=0, elements={
}

Java Threads: ( => current thread )

Other Threads:
  0x00000299ecebbab0 GCTaskThread "GC Thread#0" [stack: 0x0000009f94100000,0x0000009f94200000] [id=1508]
  0x00000299ececc100 ConcurrentGCThread "G1 Main Marker" [stack: 0x0000009f94200000,0x0000009f94300000] [id=7248]
  0x00000299ececd1c0 ConcurrentGCThread "G1 Conc#0" [stack: 0x0000009f94300000,0x0000009f94400000] [id=8616]

[error occurred during error reporting (printing all threads), id 0xc0000005, EXCEPTION_ACCESS_VIOLATION (0xc0000005) at pc=0x00007fffd492b9d7]

VM state: not at safepoint (not fully initialized)

VM Mutex/Monitor currently owned by a thread:  ([mutex/lock_event])
[0x00000299ece7b130] Heap_lock - owner thread: 0x00000299ece7e5f0

Heap address: 0x0000000084000000, size: 1984 MB, Compressed Oops mode: 32-bit

CDS archive(s) mapped at: [0x0000000000000000-0x0000000000000000-0x0000000000000000), size 0, SharedBaseAddress: 0x0000000800000000, ArchiveRelocationMode: 0.
Narrow klass base: 0x0000000000000000, Narrow klass shift: 0, Narrow klass range: 0x0

GC Precious Log:
<Empty>

Heap:
 garbage-first heap   total 0K, used 0K [0x0000000084000000, 0x0000000100000000)
  region size 1024K, 0 young (0K), 0 survivors (0K)

[error occurred during error reporting (printing heap information), id 0xc0000005, EXCEPTION_ACCESS_VIOLATION (0xc0000005) at pc=0x00007fffd4d0e899]

GC Heap History (0 events):
No events

Deoptimization events (0 events):
No events

Classes unloaded (0 events):
No events

Classes redefined (0 events):
No events

Internal exceptions (0 events):
No events

VM Operations (0 events):
No events

Events (1 events):
Event: 0.007 Loaded shared library C:\Users\zd2N06\pleiades\java\17\bin\java.dll


Dynamic libraries:
0x00007ff77cc50000 - 0x00007ff77cc5e000 	C:\Users\zd2N06\pleiades\java\17\bin\java.exe
0x00007ff80a2f0000 - 0x00007ff80a4e8000 	C:\WINDOWS\SYSTEM32\ntdll.dll
0x00007ff809980000 - 0x00007ff809a3f000 	C:\WINDOWS\System32\KERNEL32.DLL
0x00007ff807bb0000 - 0x00007ff807ea6000 	C:\WINDOWS\System32\KERNELBASE.dll
0x00007ff807eb0000 - 0x00007ff807fb0000 	C:\WINDOWS\System32\ucrtbase.dll
0x00007fffebf20000 - 0x00007fffebf38000 	C:\Users\zd2N06\pleiades\java\17\bin\jli.dll
0x00007ffffdba0000 - 0x00007ffffdbb9000 	C:\Users\zd2N06\pleiades\java\17\bin\VCRUNTIME140.dll
0x00007ff809220000 - 0x00007ff8093bd000 	C:\WINDOWS\System32\USER32.dll
0x00007ff807a90000 - 0x00007ff807ab2000 	C:\WINDOWS\System32\win32u.dll
0x00007ff809800000 - 0x00007ff80982c000 	C:\WINDOWS\System32\GDI32.dll
0x00007ff808020000 - 0x00007ff808135000 	C:\WINDOWS\System32\gdi32full.dll
0x00007ff807ac0000 - 0x00007ff807b5d000 	C:\WINDOWS\System32\msvcp_win.dll
0x00007fffe9150000 - 0x00007fffe93ea000 	C:\WINDOWS\WinSxS\amd64_microsoft.windows.common-controls_6595b64144ccf1df_6.0.19041.1110_none_60b5254171f9507e\COMCTL32.dll
0x00007ff809180000 - 0x00007ff80921e000 	C:\WINDOWS\System32\msvcrt.dll
0x00007ff8088d0000 - 0x00007ff808900000 	C:\WINDOWS\System32\IMM32.DLL
0x00007ff802ad0000 - 0x00007ff802adc000 	C:\Users\zd2N06\pleiades\java\17\bin\vcruntime140_1.dll
0x00007fffebd10000 - 0x00007fffebda1000 	C:\Users\zd2N06\pleiades\java\17\bin\msvcp140.dll
0x00007fffd4640000 - 0x00007fffd5287000 	C:\Users\zd2N06\pleiades\java\17\bin\server\jvm.dll
0x00007ff809830000 - 0x00007ff8098df000 	C:\WINDOWS\System32\ADVAPI32.dll
0x00007ff8098e0000 - 0x00007ff80997c000 	C:\WINDOWS\System32\sechost.dll
0x00007ff809560000 - 0x00007ff809686000 	C:\WINDOWS\System32\RPCRT4.dll
0x00007ff8083b0000 - 0x00007ff8083b8000 	C:\WINDOWS\System32\PSAPI.DLL
0x00007ffff8970000 - 0x00007ffff8979000 	C:\WINDOWS\SYSTEM32\WSOCK32.dll
0x00007ffffdcf0000 - 0x00007ffffdd17000 	C:\WINDOWS\SYSTEM32\WINMM.dll
0x00007ff80a230000 - 0x00007ff80a29b000 	C:\WINDOWS\System32\WS2_32.dll
0x00007ff800080000 - 0x00007ff80008a000 	C:\WINDOWS\SYSTEM32\VERSION.dll
0x00007ff8056b0000 - 0x00007ff8056c2000 	C:\WINDOWS\SYSTEM32\kernel.appcore.dll
0x00007ffffd880000 - 0x00007ffffd88a000 	C:\Users\zd2N06\pleiades\java\17\bin\jimage.dll
0x00007ff800c70000 - 0x00007ff800e54000 	C:\WINDOWS\SYSTEM32\DBGHELP.DLL
0x00007ff800c30000 - 0x00007ff800c64000 	C:\WINDOWS\SYSTEM32\dbgcore.DLL
0x00007ff807a00000 - 0x00007ff807a82000 	C:\WINDOWS\System32\bcryptPrimitives.dll
0x00007fffebef0000 - 0x00007fffebf15000 	C:\Users\zd2N06\pleiades\java\17\bin\java.dll

dbghelp: loaded successfully - version: 4.0.5 - missing functions: none
symbol engine: initialized successfully - sym options: 0x614 - pdb path: .;C:\Users\zd2N06\pleiades\java\17\bin;C:\WINDOWS\SYSTEM32;C:\WINDOWS\WinSxS\amd64_microsoft.windows.common-controls_6595b64144ccf1df_6.0.19041.1110_none_60b5254171f9507e;C:\Users\zd2N06\pleiades\java\17\bin\server

VM Arguments:
java_command: C:\Users\zd2N06\AppData\Local\Temp\surefire975361585350988451\surefirebooter-20231003144733345_3.jar C:\Users\zd2N06\AppData\Local\Temp\surefire975361585350988451 2023-10-03T14-47-33_042-jvmRun1 surefire-20231003144733345_1tmp surefire_0-20231003144733345_2tmp
java_class_path (initial): C:\Users\zd2N06\AppData\Local\Temp\surefire975361585350988451\surefirebooter-20231003144733345_3.jar
Launcher Type: SUN_STANDARD

[Global flags]
     intx CICompilerCount                          = 3                                         {product} {ergonomic}
     uint ConcGCThreads                            = 1                                         {product} {ergonomic}
     uint G1ConcRefinementThreads                  = 4                                         {product} {ergonomic}
   size_t G1HeapRegionSize                         = 1048576                                   {product} {ergonomic}
    uintx GCDrainStackTargetSize                   = 64                                        {product} {ergonomic}
   size_t InitialHeapSize                          = 130023424                                 {product} {ergonomic}
   size_t MarkStackSize                            = 4194304                                   {product} {ergonomic}
   size_t MaxHeapSize                              = 2080374784                                {product} {ergonomic}
   size_t MinHeapDeltaBytes                        = 1048576                                   {product} {ergonomic}
   size_t MinHeapSize                              = 8388608                                   {product} {ergonomic}
    uintx NonNMethodCodeHeapSize                   = 5832780                                {pd product} {ergonomic}
    uintx NonProfiledCodeHeapSize                  = 122912730                              {pd product} {ergonomic}
    uintx ProfiledCodeHeapSize                     = 122912730                              {pd product} {ergonomic}
    uintx ReservedCodeCacheSize                    = 251658240                              {pd product} {ergonomic}
     bool SegmentedCodeCache                       = true                                      {product} {ergonomic}
   size_t SoftMaxHeapSize                          = 2080374784                             {manageable} {ergonomic}
     bool UseCompressedClassPointers               = true                           {product lp64_product} {ergonomic}
     bool UseCompressedOops                        = true                           {product lp64_product} {ergonomic}
     bool UseG1GC                                  = true                                      {product} {ergonomic}
     bool UseLargePagesIndividualAllocation        = false                                  {pd product} {ergonomic}

Logging:
Log output configuration:
 #0: stdout all=warning uptime,level,tags
 #1: stderr all=off uptime,level,tags

Environment Variables:
JAVA_HOME=C:\Program Files\Java\jdk1.8.0_131
PATH=C:/Users/zd2N06/pleiades/java/17/bin/server;C:/Users/zd2N06/pleiades/java/17/bin;C:\Program Files\Common Files\Microsoft Shared\Windows Live;C:\Program Files (x86)\Common Files\Microsoft Shared\Windows Live;C:\WINDOWS\system32;C:\WINDOWS;C:\WINDOWS\System32\Wbem;C:\WINDOWS\System32\WindowsPowerShell\v1.0\;C:\Program Files (x86)\ATI Technologies\ATI.ACE\Core-Static;C:\Program Files (x86)\Windows Live\Shared;C:\Program Files\vim;C:\Program Files\Sublime Text 3;C:\Ruby23-x64\bin\;C:\ruby-2.4.0\bin\;C:\Users\zd2D28\AppData\Roaming\npm\;C:\Users\zd2D28\AppData\Local\Programs\Git\cmd;C:\WINDOWS\system32;C:\WINDOWS;C:\WINDOWS\System32\Wbem;C:\WINDOWS\System32\WindowsPowerShell\v1.0\;C:\WINDOWS\System32\OpenSSH\;D:\Program Files\Microsoft VS Code\bin;C:\Program Files\Git\cmd;C:\Program Files\nodejs\;C:\Users\zd2N06\AppData\Local\Microsoft\WindowsApps;C:\Users\zd2N06\Documents\Microsoft VS Code\bin;C:\Users\zd2N06\pleiades\eclipse;
USERNAME=zd2N06
OS=Windows_NT
PROCESSOR_IDENTIFIER=AMD64 Family 16 Model 4 Stepping 3, AuthenticAMD



---------------  S Y S T E M  ---------------

OS:
 Windows 10 , 64 bit Build 19041 (10.0.19041.3155)
OS uptime: 0 days 6:18 hours

CPU: total 4 (initial active 4) (4 cores per cpu, 1 threads per core) family 16 model 4 stepping 3 microcode 0x0, cx8, cmov, fxsr, mmx, 3dnowpref, sse, sse2, sse3, sse4a, popcnt, lzcnt, tsc, tscinvbit, clflush

Memory: 4k page, system-wide physical 7935M (1211M free)
TotalPageFile size 7935M (AvailPageFile size 79M)
current process WorkingSet (physical memory assigned to process): 10M, peak: 10M
current process commit charge ("private bytes"): 51M, peak: 175M

vm_info: OpenJDK 64-Bit Server VM (17.0.2+8) for windows-amd64 JRE (17.0.2+8), built on Jan 20 2022 04:52:34 by "" with MS VC++ 16.7 (VS2019)

END.
